<?xml version="1.0" encoding="UTF-8"?>
<testsuite xmlns:xsi="http://www.w3.org/2001/XMLSchema-instance" xsi:noNamespaceSchemaLocation="https://maven.apache.org/surefire/maven-surefire-plugin/xsd/surefire-test-report-3.0.xsd" version="3.0" name="com.equipo4.chatbot.ChatbotApplicationTests" time="67.433" tests="1" errors="0" skipped="0" failures="0">
  <properties>
    <property name="java.specification.version" value="22"/>
    <property name="sun.cpu.isalist" value="amd64"/>
    <property name="sun.jnu.encoding" value="Cp1252"/>
    <property name="java.class.path" value="D:\Repos\oracle-java-chatbot-equipo4\Backend\chatbot\target\test-classes;D:\Repos\oracle-java-chatbot-equipo4\Backend\chatbot\target\classes;C:\Users\jdgar\.m2\repository\org\springframework\boot\spring-boot-starter-web\3.2.5\spring-boot-starter-web-3.2.5.jar;C:\Users\jdgar\.m2\repository\org\springframework\boot\spring-boot-starter\3.2.5\spring-boot-starter-3.2.5.jar;C:\Users\jdgar\.m2\repository\org\springframework\boot\spring-boot\3.2.5\spring-boot-3.2.5.jar;C:\Users\jdgar\.m2\repository\org\springframework\boot\spring-boot-autoconfigure\3.2.5\spring-boot-autoconfigure-3.2.5.jar;C:\Users\jdgar\.m2\repository\org\springframework\boot\spring-boot-starter-logging\3.2.5\spring-boot-starter-logging-3.2.5.jar;C:\Users\jdgar\.m2\repository\ch\qos\logback\logback-classic\1.4.14\logback-classic-1.4.14.jar;C:\Users\jdgar\.m2\repository\ch\qos\logback\logback-core\1.4.14\logback-core-1.4.14.jar;C:\Users\jdgar\.m2\repository\org\apache\logging\log4j\log4j-to-slf4j\2.21.1\log4j-to-slf4j-2.21.1.jar;C:\Users\jdgar\.m2\repository\org\apache\logging\log4j\log4j-api\2.21.1\log4j-api-2.21.1.jar;C:\Users\jdgar\.m2\repository\org\slf4j\jul-to-slf4j\2.0.13\jul-to-slf4j-2.0.13.jar;C:\Users\jdgar\.m2\repository\org\yaml\snakeyaml\2.2\snakeyaml-2.2.jar;C:\Users\jdgar\.m2\repository\org\springframework\boot\spring-boot-starter-json\3.2.5\spring-boot-starter-json-3.2.5.jar;C:\Users\jdgar\.m2\repository\com\fasterxml\jackson\datatype\jackson-datatype-jdk8\2.15.4\jackson-datatype-jdk8-2.15.4.jar;C:\Users\jdgar\.m2\repository\com\fasterxml\jackson\datatype\jackson-datatype-jsr310\2.15.4\jackson-datatype-jsr310-2.15.4.jar;C:\Users\jdgar\.m2\repository\com\fasterxml\jackson\module\jackson-module-parameter-names\2.15.4\jackson-module-parameter-names-2.15.4.jar;C:\Users\jdgar\.m2\repository\org\springframework\boot\spring-boot-starter-tomcat\3.2.5\spring-boot-starter-tomcat-3.2.5.jar;C:\Users\jdgar\.m2\repository\org\apache\tomcat\embed\tomcat-embed-core\10.1.20\tomcat-embed-core-10.1.20.jar;C:\Users\jdgar\.m2\repository\org\apache\tomcat\embed\tomcat-embed-el\10.1.20\tomcat-embed-el-10.1.20.jar;C:\Users\jdgar\.m2\repository\org\apache\tomcat\embed\tomcat-embed-websocket\10.1.20\tomcat-embed-websocket-10.1.20.jar;C:\Users\jdgar\.m2\repository\org\springframework\spring-web\6.1.6\spring-web-6.1.6.jar;C:\Users\jdgar\.m2\repository\org\springframework\spring-beans\6.1.6\spring-beans-6.1.6.jar;C:\Users\jdgar\.m2\repository\io\micrometer\micrometer-observation\1.12.5\micrometer-observation-1.12.5.jar;C:\Users\jdgar\.m2\repository\io\micrometer\micrometer-commons\1.12.5\micrometer-commons-1.12.5.jar;C:\Users\jdgar\.m2\repository\org\springframework\spring-webmvc\6.1.6\spring-webmvc-6.1.6.jar;C:\Users\jdgar\.m2\repository\org\springframework\spring-aop\6.1.6\spring-aop-6.1.6.jar;C:\Users\jdgar\.m2\repository\org\springframework\spring-context\6.1.6\spring-context-6.1.6.jar;C:\Users\jdgar\.m2\repository\org\springframework\spring-expression\6.1.6\spring-expression-6.1.6.jar;C:\Users\jdgar\.m2\repository\org\springframework\boot\spring-boot-starter-test\3.2.5\spring-boot-starter-test-3.2.5.jar;C:\Users\jdgar\.m2\repository\org\springframework\boot\spring-boot-test\3.2.5\spring-boot-test-3.2.5.jar;C:\Users\jdgar\.m2\repository\org\springframework\boot\spring-boot-test-autoconfigure\3.2.5\spring-boot-test-autoconfigure-3.2.5.jar;C:\Users\jdgar\.m2\repository\com\jayway\jsonpath\json-path\2.9.0\json-path-2.9.0.jar;C:\Users\jdgar\.m2\repository\jakarta\xml\bind\jakarta.xml.bind-api\4.0.2\jakarta.xml.bind-api-4.0.2.jar;C:\Users\jdgar\.m2\repository\jakarta\activation\jakarta.activation-api\2.1.3\jakarta.activation-api-2.1.3.jar;C:\Users\jdgar\.m2\repository\net\minidev\json-smart\2.5.1\json-smart-2.5.1.jar;C:\Users\jdgar\.m2\repository\net\minidev\accessors-smart\2.5.1\accessors-smart-2.5.1.jar;C:\Users\jdgar\.m2\repository\org\ow2\asm\asm\9.6\asm-9.6.jar;C:\Users\jdgar\.m2\repository\org\assertj\assertj-core\3.24.2\assertj-core-3.24.2.jar;C:\Users\jdgar\.m2\repository\net\bytebuddy\byte-buddy\1.14.13\byte-buddy-1.14.13.jar;C:\Users\jdgar\.m2\repository\org\awaitility\awaitility\4.2.1\awaitility-4.2.1.jar;C:\Users\jdgar\.m2\repository\org\hamcrest\hamcrest\2.2\hamcrest-2.2.jar;C:\Users\jdgar\.m2\repository\org\junit\jupiter\junit-jupiter\5.10.2\junit-jupiter-5.10.2.jar;C:\Users\jdgar\.m2\repository\org\junit\jupiter\junit-jupiter-api\5.10.2\junit-jupiter-api-5.10.2.jar;C:\Users\jdgar\.m2\repository\org\opentest4j\opentest4j\1.3.0\opentest4j-1.3.0.jar;C:\Users\jdgar\.m2\repository\org\junit\platform\junit-platform-commons\1.10.2\junit-platform-commons-1.10.2.jar;C:\Users\jdgar\.m2\repository\org\apiguardian\apiguardian-api\1.1.2\apiguardian-api-1.1.2.jar;C:\Users\jdgar\.m2\repository\org\junit\jupiter\junit-jupiter-params\5.10.2\junit-jupiter-params-5.10.2.jar;C:\Users\jdgar\.m2\repository\org\junit\jupiter\junit-jupiter-engine\5.10.2\junit-jupiter-engine-5.10.2.jar;C:\Users\jdgar\.m2\repository\org\junit\platform\junit-platform-engine\1.10.2\junit-platform-engine-1.10.2.jar;C:\Users\jdgar\.m2\repository\org\mockito\mockito-core\5.7.0\mockito-core-5.7.0.jar;C:\Users\jdgar\.m2\repository\net\bytebuddy\byte-buddy-agent\1.14.13\byte-buddy-agent-1.14.13.jar;C:\Users\jdgar\.m2\repository\org\objenesis\objenesis\3.3\objenesis-3.3.jar;C:\Users\jdgar\.m2\repository\org\mockito\mockito-junit-jupiter\5.7.0\mockito-junit-jupiter-5.7.0.jar;C:\Users\jdgar\.m2\repository\org\skyscreamer\jsonassert\1.5.1\jsonassert-1.5.1.jar;C:\Users\jdgar\.m2\repository\com\vaadin\external\google\android-json\0.0.20131108.vaadin1\android-json-0.0.20131108.vaadin1.jar;C:\Users\jdgar\.m2\repository\org\springframework\spring-core\6.1.6\spring-core-6.1.6.jar;C:\Users\jdgar\.m2\repository\org\springframework\spring-jcl\6.1.6\spring-jcl-6.1.6.jar;C:\Users\jdgar\.m2\repository\org\springframework\spring-test\6.1.6\spring-test-6.1.6.jar;C:\Users\jdgar\.m2\repository\org\xmlunit\xmlunit-core\2.9.1\xmlunit-core-2.9.1.jar;C:\Users\jdgar\.m2\repository\com\oracle\database\jdbc\ojdbc8\21.9.0.0\ojdbc8-21.9.0.0.jar;C:\Users\jdgar\.m2\repository\com\oracle\database\jdbc\ucp\21.9.0.0\ucp-21.9.0.0.jar;C:\Users\jdgar\.m2\repository\com\oracle\database\jdbc\rsi\21.9.0.0\rsi-21.9.0.0.jar;C:\Users\jdgar\.m2\repository\com\oracle\database\security\oraclepki\21.9.0.0\oraclepki-21.9.0.0.jar;C:\Users\jdgar\.m2\repository\com\oracle\database\security\osdt_core\21.9.0.0\osdt_core-21.9.0.0.jar;C:\Users\jdgar\.m2\repository\com\oracle\database\security\osdt_cert\21.9.0.0\osdt_cert-21.9.0.0.jar;C:\Users\jdgar\.m2\repository\com\oracle\database\ha\simplefan\21.9.0.0\simplefan-21.9.0.0.jar;C:\Users\jdgar\.m2\repository\com\oracle\database\ha\ons\21.9.0.0\ons-21.9.0.0.jar;C:\Users\jdgar\.m2\repository\com\oracle\database\nls\orai18n\21.9.0.0\orai18n-21.9.0.0.jar;C:\Users\jdgar\.m2\repository\com\oracle\database\xml\xdb\21.9.0.0\xdb-21.9.0.0.jar;C:\Users\jdgar\.m2\repository\com\oracle\database\xml\xmlparserv2\21.9.0.0\xmlparserv2-21.9.0.0.jar;C:\Users\jdgar\.m2\repository\com\oracle\oci\sdk\oci-java-sdk-secrets\3.40.0\oci-java-sdk-secrets-3.40.0.jar;C:\Users\jdgar\.m2\repository\com\oracle\oci\sdk\oci-java-sdk-common\3.40.0\oci-java-sdk-common-3.40.0.jar;C:\Users\jdgar\.m2\repository\com\fasterxml\jackson\core\jackson-annotations\2.15.4\jackson-annotations-2.15.4.jar;C:\Users\jdgar\.m2\repository\com\fasterxml\jackson\core\jackson-databind\2.15.4\jackson-databind-2.15.4.jar;C:\Users\jdgar\.m2\repository\org\bouncycastle\bcpkix-jdk15to18\1.74\bcpkix-jdk15to18-1.74.jar;C:\Users\jdgar\.m2\repository\org\bouncycastle\bcutil-jdk15to18\1.74\bcutil-jdk15to18-1.74.jar;C:\Users\jdgar\.m2\repository\org\bouncycastle\bcprov-jdk15to18\1.74\bcprov-jdk15to18-1.74.jar;C:\Users\jdgar\.m2\repository\com\oracle\oci\sdk\oci-java-sdk-circuitbreaker\3.40.0\oci-java-sdk-circuitbreaker-3.40.0.jar;C:\Users\jdgar\.m2\repository\io\github\resilience4j\resilience4j-circuitbreaker\1.7.1\resilience4j-circuitbreaker-1.7.1.jar;C:\Users\jdgar\.m2\repository\io\vavr\vavr\0.10.2\vavr-0.10.2.jar;C:\Users\jdgar\.m2\repository\io\vavr\vavr-match\0.10.2\vavr-match-0.10.2.jar;C:\Users\jdgar\.m2\repository\io\github\resilience4j\resilience4j-core\1.7.1\resilience4j-core-1.7.1.jar;C:\Users\jdgar\.m2\repository\com\oracle\oci\sdk\oci-java-sdk-common-httpclient\3.40.0\oci-java-sdk-common-httpclient-3.40.0.jar;C:\Users\jdgar\.m2\repository\jakarta\annotation\jakarta.annotation-api\2.1.1\jakarta.annotation-api-2.1.1.jar;C:\Users\jdgar\.m2\repository\org\slf4j\slf4j-api\2.0.13\slf4j-api-2.0.13.jar;C:\Users\jdgar\.m2\repository\org\springframework\boot\spring-boot-starter-data-jpa\3.2.5\spring-boot-starter-data-jpa-3.2.5.jar;C:\Users\jdgar\.m2\repository\org\springframework\boot\spring-boot-starter-aop\3.2.5\spring-boot-starter-aop-3.2.5.jar;C:\Users\jdgar\.m2\repository\org\aspectj\aspectjweaver\1.9.22\aspectjweaver-1.9.22.jar;C:\Users\jdgar\.m2\repository\org\springframework\boot\spring-boot-starter-jdbc\3.2.5\spring-boot-starter-jdbc-3.2.5.jar;C:\Users\jdgar\.m2\repository\com\zaxxer\HikariCP\5.0.1\HikariCP-5.0.1.jar;C:\Users\jdgar\.m2\repository\org\springframework\spring-jdbc\6.1.6\spring-jdbc-6.1.6.jar;C:\Users\jdgar\.m2\repository\org\hibernate\orm\hibernate-core\6.4.4.Final\hibernate-core-6.4.4.Final.jar;C:\Users\jdgar\.m2\repository\jakarta\persistence\jakarta.persistence-api\3.1.0\jakarta.persistence-api-3.1.0.jar;C:\Users\jdgar\.m2\repository\jakarta\transaction\jakarta.transaction-api\2.0.1\jakarta.transaction-api-2.0.1.jar;C:\Users\jdgar\.m2\repository\org\jboss\logging\jboss-logging\3.5.3.Final\jboss-logging-3.5.3.Final.jar;C:\Users\jdgar\.m2\repository\org\hibernate\common\hibernate-commons-annotations\6.0.6.Final\hibernate-commons-annotations-6.0.6.Final.jar;C:\Users\jdgar\.m2\repository\io\smallrye\jandex\3.1.2\jandex-3.1.2.jar;C:\Users\jdgar\.m2\repository\com\fasterxml\classmate\1.6.0\classmate-1.6.0.jar;C:\Users\jdgar\.m2\repository\org\glassfish\jaxb\jaxb-runtime\4.0.5\jaxb-runtime-4.0.5.jar;C:\Users\jdgar\.m2\repository\org\glassfish\jaxb\jaxb-core\4.0.5\jaxb-core-4.0.5.jar;C:\Users\jdgar\.m2\repository\org\eclipse\angus\angus-activation\2.0.2\angus-activation-2.0.2.jar;C:\Users\jdgar\.m2\repository\org\glassfish\jaxb\txw2\4.0.5\txw2-4.0.5.jar;C:\Users\jdgar\.m2\repository\com\sun\istack\istack-commons-runtime\4.1.2\istack-commons-runtime-4.1.2.jar;C:\Users\jdgar\.m2\repository\jakarta\inject\jakarta.inject-api\2.0.1\jakarta.inject-api-2.0.1.jar;C:\Users\jdgar\.m2\repository\org\antlr\antlr4-runtime\4.13.0\antlr4-runtime-4.13.0.jar;C:\Users\jdgar\.m2\repository\org\springframework\data\spring-data-jpa\3.2.5\spring-data-jpa-3.2.5.jar;C:\Users\jdgar\.m2\repository\org\springframework\data\spring-data-commons\3.2.5\spring-data-commons-3.2.5.jar;C:\Users\jdgar\.m2\repository\org\springframework\spring-orm\6.1.6\spring-orm-6.1.6.jar;C:\Users\jdgar\.m2\repository\org\springframework\spring-tx\6.1.6\spring-tx-6.1.6.jar;C:\Users\jdgar\.m2\repository\org\springframework\spring-aspects\6.1.6\spring-aspects-6.1.6.jar;C:\Users\jdgar\.m2\repository\org\projectlombok\lombok\1.18.32\lombok-1.18.32.jar;C:\Users\jdgar\.m2\repository\org\telegram\telegrambots\6.9.7.1\telegrambots-6.9.7.1.jar;C:\Users\jdgar\.m2\repository\org\telegram\telegrambots-meta\6.9.7.1\telegrambots-meta-6.9.7.1.jar;C:\Users\jdgar\.m2\repository\org\apache\commons\commons-lang3\3.13.0\commons-lang3-3.13.0.jar;C:\Users\jdgar\.m2\repository\com\fasterxml\jackson\jaxrs\jackson-jaxrs-json-provider\2.15.4\jackson-jaxrs-json-provider-2.15.4.jar;C:\Users\jdgar\.m2\repository\com\fasterxml\jackson\jaxrs\jackson-jaxrs-base\2.15.4\jackson-jaxrs-base-2.15.4.jar;C:\Users\jdgar\.m2\repository\com\fasterxml\jackson\module\jackson-module-jaxb-annotations\2.15.4\jackson-module-jaxb-annotations-2.15.4.jar;C:\Users\jdgar\.m2\repository\com\fasterxml\jackson\core\jackson-core\2.15.4\jackson-core-2.15.4.jar;C:\Users\jdgar\.m2\repository\org\glassfish\jersey\inject\jersey-hk2\3.1.6\jersey-hk2-3.1.6.jar;C:\Users\jdgar\.m2\repository\org\glassfish\jersey\core\jersey-common\3.1.6\jersey-common-3.1.6.jar;C:\Users\jdgar\.m2\repository\org\glassfish\hk2\osgi-resource-locator\1.0.3\osgi-resource-locator-1.0.3.jar;C:\Users\jdgar\.m2\repository\org\glassfish\hk2\hk2-locator\3.0.6\hk2-locator-3.0.6.jar;C:\Users\jdgar\.m2\repository\org\glassfish\hk2\external\aopalliance-repackaged\3.0.6\aopalliance-repackaged-3.0.6.jar;C:\Users\jdgar\.m2\repository\org\glassfish\hk2\hk2-api\3.0.6\hk2-api-3.0.6.jar;C:\Users\jdgar\.m2\repository\org\glassfish\hk2\hk2-utils\3.0.6\hk2-utils-3.0.6.jar;C:\Users\jdgar\.m2\repository\org\javassist\javassist\3.30.2-GA\javassist-3.30.2-GA.jar;C:\Users\jdgar\.m2\repository\org\glassfish\jersey\media\jersey-media-json-jackson\3.1.6\jersey-media-json-jackson-3.1.6.jar;C:\Users\jdgar\.m2\repository\org\glassfish\jersey\ext\jersey-entity-filtering\3.1.6\jersey-entity-filtering-3.1.6.jar;C:\Users\jdgar\.m2\repository\com\fasterxml\jackson\module\jackson-module-jakarta-xmlbind-annotations\2.15.4\jackson-module-jakarta-xmlbind-annotations-2.15.4.jar;C:\Users\jdgar\.m2\repository\org\glassfish\jersey\containers\jersey-container-grizzly2-http\3.1.6\jersey-container-grizzly2-http-3.1.6.jar;C:\Users\jdgar\.m2\repository\org\glassfish\grizzly\grizzly-http-server\4.0.2\grizzly-http-server-4.0.2.jar;C:\Users\jdgar\.m2\repository\org\glassfish\grizzly\grizzly-http\4.0.2\grizzly-http-4.0.2.jar;C:\Users\jdgar\.m2\repository\org\glassfish\grizzly\grizzly-framework\4.0.2\grizzly-framework-4.0.2.jar;C:\Users\jdgar\.m2\repository\jakarta\ws\rs\jakarta.ws.rs-api\3.1.0\jakarta.ws.rs-api-3.1.0.jar;C:\Users\jdgar\.m2\repository\org\glassfish\jersey\core\jersey-server\3.1.6\jersey-server-3.1.6.jar;C:\Users\jdgar\.m2\repository\org\glassfish\jersey\core\jersey-client\3.1.6\jersey-client-3.1.6.jar;C:\Users\jdgar\.m2\repository\jakarta\validation\jakarta.validation-api\3.0.2\jakarta.validation-api-3.0.2.jar;C:\Users\jdgar\.m2\repository\org\apache\httpcomponents\httpclient\4.5.14\httpclient-4.5.14.jar;C:\Users\jdgar\.m2\repository\org\apache\httpcomponents\httpcore\4.4.16\httpcore-4.4.16.jar;C:\Users\jdgar\.m2\repository\commons-logging\commons-logging\1.2\commons-logging-1.2.jar;C:\Users\jdgar\.m2\repository\commons-codec\commons-codec\1.16.1\commons-codec-1.16.1.jar;C:\Users\jdgar\.m2\repository\org\apache\httpcomponents\httpmime\4.5.14\httpmime-4.5.14.jar;C:\Users\jdgar\.m2\repository\commons-io\commons-io\2.15.1\commons-io-2.15.1.jar;C:\Users\jdgar\.m2\repository\javax\xml\bind\jaxb-api\2.3.1\jaxb-api-2.3.1.jar;C:\Users\jdgar\.m2\repository\javax\activation\javax.activation-api\1.2.0\javax.activation-api-1.2.0.jar;"/>
    <property name="java.vm.vendor" value="Oracle Corporation"/>
    <property name="sun.arch.data.model" value="64"/>
    <property name="user.variant" value=""/>
    <property name="java.vendor.url" value="https://java.oracle.com/"/>
    <property name="user.timezone" value="America/Mexico_City"/>
    <property name="org.jboss.logging.provider" value="slf4j"/>
    <property name="user.country.format" value="MX"/>
    <property name="os.name" value="Windows 11"/>
    <property name="java.vm.specification.version" value="22"/>
    <property name="user.country" value="US"/>
    <property name="sun.java.launcher" value="SUN_STANDARD"/>
    <property name="sun.boot.library.path" value="C:\Program Files\Java\jdk-22\bin"/>
    <property name="sun.java.command" value="C:\Users\jdgar\AppData\Local\Temp\surefire9160235523626928362\surefirebooter-20240514155800365_3.jar C:\Users\jdgar\AppData\Local\Temp\surefire9160235523626928362 2024-05-14T15-58-00_162-jvmRun1 surefire-20240514155800365_1tmp surefire_0-20240514155800365_2tmp"/>
    <property name="jdk.debug" value="release"/>
    <property name="surefire.test.class.path" value="D:\Repos\oracle-java-chatbot-equipo4\Backend\chatbot\target\test-classes;D:\Repos\oracle-java-chatbot-equipo4\Backend\chatbot\target\classes;C:\Users\jdgar\.m2\repository\org\springframework\boot\spring-boot-starter-web\3.2.5\spring-boot-starter-web-3.2.5.jar;C:\Users\jdgar\.m2\repository\org\springframework\boot\spring-boot-starter\3.2.5\spring-boot-starter-3.2.5.jar;C:\Users\jdgar\.m2\repository\org\springframework\boot\spring-boot\3.2.5\spring-boot-3.2.5.jar;C:\Users\jdgar\.m2\repository\org\springframework\boot\spring-boot-autoconfigure\3.2.5\spring-boot-autoconfigure-3.2.5.jar;C:\Users\jdgar\.m2\repository\org\springframework\boot\spring-boot-starter-logging\3.2.5\spring-boot-starter-logging-3.2.5.jar;C:\Users\jdgar\.m2\repository\ch\qos\logback\logback-classic\1.4.14\logback-classic-1.4.14.jar;C:\Users\jdgar\.m2\repository\ch\qos\logback\logback-core\1.4.14\logback-core-1.4.14.jar;C:\Users\jdgar\.m2\repository\org\apache\logging\log4j\log4j-to-slf4j\2.21.1\log4j-to-slf4j-2.21.1.jar;C:\Users\jdgar\.m2\repository\org\apache\logging\log4j\log4j-api\2.21.1\log4j-api-2.21.1.jar;C:\Users\jdgar\.m2\repository\org\slf4j\jul-to-slf4j\2.0.13\jul-to-slf4j-2.0.13.jar;C:\Users\jdgar\.m2\repository\org\yaml\snakeyaml\2.2\snakeyaml-2.2.jar;C:\Users\jdgar\.m2\repository\org\springframework\boot\spring-boot-starter-json\3.2.5\spring-boot-starter-json-3.2.5.jar;C:\Users\jdgar\.m2\repository\com\fasterxml\jackson\datatype\jackson-datatype-jdk8\2.15.4\jackson-datatype-jdk8-2.15.4.jar;C:\Users\jdgar\.m2\repository\com\fasterxml\jackson\datatype\jackson-datatype-jsr310\2.15.4\jackson-datatype-jsr310-2.15.4.jar;C:\Users\jdgar\.m2\repository\com\fasterxml\jackson\module\jackson-module-parameter-names\2.15.4\jackson-module-parameter-names-2.15.4.jar;C:\Users\jdgar\.m2\repository\org\springframework\boot\spring-boot-starter-tomcat\3.2.5\spring-boot-starter-tomcat-3.2.5.jar;C:\Users\jdgar\.m2\repository\org\apache\tomcat\embed\tomcat-embed-core\10.1.20\tomcat-embed-core-10.1.20.jar;C:\Users\jdgar\.m2\repository\org\apache\tomcat\embed\tomcat-embed-el\10.1.20\tomcat-embed-el-10.1.20.jar;C:\Users\jdgar\.m2\repository\org\apache\tomcat\embed\tomcat-embed-websocket\10.1.20\tomcat-embed-websocket-10.1.20.jar;C:\Users\jdgar\.m2\repository\org\springframework\spring-web\6.1.6\spring-web-6.1.6.jar;C:\Users\jdgar\.m2\repository\org\springframework\spring-beans\6.1.6\spring-beans-6.1.6.jar;C:\Users\jdgar\.m2\repository\io\micrometer\micrometer-observation\1.12.5\micrometer-observation-1.12.5.jar;C:\Users\jdgar\.m2\repository\io\micrometer\micrometer-commons\1.12.5\micrometer-commons-1.12.5.jar;C:\Users\jdgar\.m2\repository\org\springframework\spring-webmvc\6.1.6\spring-webmvc-6.1.6.jar;C:\Users\jdgar\.m2\repository\org\springframework\spring-aop\6.1.6\spring-aop-6.1.6.jar;C:\Users\jdgar\.m2\repository\org\springframework\spring-context\6.1.6\spring-context-6.1.6.jar;C:\Users\jdgar\.m2\repository\org\springframework\spring-expression\6.1.6\spring-expression-6.1.6.jar;C:\Users\jdgar\.m2\repository\org\springframework\boot\spring-boot-starter-test\3.2.5\spring-boot-starter-test-3.2.5.jar;C:\Users\jdgar\.m2\repository\org\springframework\boot\spring-boot-test\3.2.5\spring-boot-test-3.2.5.jar;C:\Users\jdgar\.m2\repository\org\springframework\boot\spring-boot-test-autoconfigure\3.2.5\spring-boot-test-autoconfigure-3.2.5.jar;C:\Users\jdgar\.m2\repository\com\jayway\jsonpath\json-path\2.9.0\json-path-2.9.0.jar;C:\Users\jdgar\.m2\repository\jakarta\xml\bind\jakarta.xml.bind-api\4.0.2\jakarta.xml.bind-api-4.0.2.jar;C:\Users\jdgar\.m2\repository\jakarta\activation\jakarta.activation-api\2.1.3\jakarta.activation-api-2.1.3.jar;C:\Users\jdgar\.m2\repository\net\minidev\json-smart\2.5.1\json-smart-2.5.1.jar;C:\Users\jdgar\.m2\repository\net\minidev\accessors-smart\2.5.1\accessors-smart-2.5.1.jar;C:\Users\jdgar\.m2\repository\org\ow2\asm\asm\9.6\asm-9.6.jar;C:\Users\jdgar\.m2\repository\org\assertj\assertj-core\3.24.2\assertj-core-3.24.2.jar;C:\Users\jdgar\.m2\repository\net\bytebuddy\byte-buddy\1.14.13\byte-buddy-1.14.13.jar;C:\Users\jdgar\.m2\repository\org\awaitility\awaitility\4.2.1\awaitility-4.2.1.jar;C:\Users\jdgar\.m2\repository\org\hamcrest\hamcrest\2.2\hamcrest-2.2.jar;C:\Users\jdgar\.m2\repository\org\junit\jupiter\junit-jupiter\5.10.2\junit-jupiter-5.10.2.jar;C:\Users\jdgar\.m2\repository\org\junit\jupiter\junit-jupiter-api\5.10.2\junit-jupiter-api-5.10.2.jar;C:\Users\jdgar\.m2\repository\org\opentest4j\opentest4j\1.3.0\opentest4j-1.3.0.jar;C:\Users\jdgar\.m2\repository\org\junit\platform\junit-platform-commons\1.10.2\junit-platform-commons-1.10.2.jar;C:\Users\jdgar\.m2\repository\org\apiguardian\apiguardian-api\1.1.2\apiguardian-api-1.1.2.jar;C:\Users\jdgar\.m2\repository\org\junit\jupiter\junit-jupiter-params\5.10.2\junit-jupiter-params-5.10.2.jar;C:\Users\jdgar\.m2\repository\org\junit\jupiter\junit-jupiter-engine\5.10.2\junit-jupiter-engine-5.10.2.jar;C:\Users\jdgar\.m2\repository\org\junit\platform\junit-platform-engine\1.10.2\junit-platform-engine-1.10.2.jar;C:\Users\jdgar\.m2\repository\org\mockito\mockito-core\5.7.0\mockito-core-5.7.0.jar;C:\Users\jdgar\.m2\repository\net\bytebuddy\byte-buddy-agent\1.14.13\byte-buddy-agent-1.14.13.jar;C:\Users\jdgar\.m2\repository\org\objenesis\objenesis\3.3\objenesis-3.3.jar;C:\Users\jdgar\.m2\repository\org\mockito\mockito-junit-jupiter\5.7.0\mockito-junit-jupiter-5.7.0.jar;C:\Users\jdgar\.m2\repository\org\skyscreamer\jsonassert\1.5.1\jsonassert-1.5.1.jar;C:\Users\jdgar\.m2\repository\com\vaadin\external\google\android-json\0.0.20131108.vaadin1\android-json-0.0.20131108.vaadin1.jar;C:\Users\jdgar\.m2\repository\org\springframework\spring-core\6.1.6\spring-core-6.1.6.jar;C:\Users\jdgar\.m2\repository\org\springframework\spring-jcl\6.1.6\spring-jcl-6.1.6.jar;C:\Users\jdgar\.m2\repository\org\springframework\spring-test\6.1.6\spring-test-6.1.6.jar;C:\Users\jdgar\.m2\repository\org\xmlunit\xmlunit-core\2.9.1\xmlunit-core-2.9.1.jar;C:\Users\jdgar\.m2\repository\com\oracle\database\jdbc\ojdbc8\21.9.0.0\ojdbc8-21.9.0.0.jar;C:\Users\jdgar\.m2\repository\com\oracle\database\jdbc\ucp\21.9.0.0\ucp-21.9.0.0.jar;C:\Users\jdgar\.m2\repository\com\oracle\database\jdbc\rsi\21.9.0.0\rsi-21.9.0.0.jar;C:\Users\jdgar\.m2\repository\com\oracle\database\security\oraclepki\21.9.0.0\oraclepki-21.9.0.0.jar;C:\Users\jdgar\.m2\repository\com\oracle\database\security\osdt_core\21.9.0.0\osdt_core-21.9.0.0.jar;C:\Users\jdgar\.m2\repository\com\oracle\database\security\osdt_cert\21.9.0.0\osdt_cert-21.9.0.0.jar;C:\Users\jdgar\.m2\repository\com\oracle\database\ha\simplefan\21.9.0.0\simplefan-21.9.0.0.jar;C:\Users\jdgar\.m2\repository\com\oracle\database\ha\ons\21.9.0.0\ons-21.9.0.0.jar;C:\Users\jdgar\.m2\repository\com\oracle\database\nls\orai18n\21.9.0.0\orai18n-21.9.0.0.jar;C:\Users\jdgar\.m2\repository\com\oracle\database\xml\xdb\21.9.0.0\xdb-21.9.0.0.jar;C:\Users\jdgar\.m2\repository\com\oracle\database\xml\xmlparserv2\21.9.0.0\xmlparserv2-21.9.0.0.jar;C:\Users\jdgar\.m2\repository\com\oracle\oci\sdk\oci-java-sdk-secrets\3.40.0\oci-java-sdk-secrets-3.40.0.jar;C:\Users\jdgar\.m2\repository\com\oracle\oci\sdk\oci-java-sdk-common\3.40.0\oci-java-sdk-common-3.40.0.jar;C:\Users\jdgar\.m2\repository\com\fasterxml\jackson\core\jackson-annotations\2.15.4\jackson-annotations-2.15.4.jar;C:\Users\jdgar\.m2\repository\com\fasterxml\jackson\core\jackson-databind\2.15.4\jackson-databind-2.15.4.jar;C:\Users\jdgar\.m2\repository\org\bouncycastle\bcpkix-jdk15to18\1.74\bcpkix-jdk15to18-1.74.jar;C:\Users\jdgar\.m2\repository\org\bouncycastle\bcutil-jdk15to18\1.74\bcutil-jdk15to18-1.74.jar;C:\Users\jdgar\.m2\repository\org\bouncycastle\bcprov-jdk15to18\1.74\bcprov-jdk15to18-1.74.jar;C:\Users\jdgar\.m2\repository\com\oracle\oci\sdk\oci-java-sdk-circuitbreaker\3.40.0\oci-java-sdk-circuitbreaker-3.40.0.jar;C:\Users\jdgar\.m2\repository\io\github\resilience4j\resilience4j-circuitbreaker\1.7.1\resilience4j-circuitbreaker-1.7.1.jar;C:\Users\jdgar\.m2\repository\io\vavr\vavr\0.10.2\vavr-0.10.2.jar;C:\Users\jdgar\.m2\repository\io\vavr\vavr-match\0.10.2\vavr-match-0.10.2.jar;C:\Users\jdgar\.m2\repository\io\github\resilience4j\resilience4j-core\1.7.1\resilience4j-core-1.7.1.jar;C:\Users\jdgar\.m2\repository\com\oracle\oci\sdk\oci-java-sdk-common-httpclient\3.40.0\oci-java-sdk-common-httpclient-3.40.0.jar;C:\Users\jdgar\.m2\repository\jakarta\annotation\jakarta.annotation-api\2.1.1\jakarta.annotation-api-2.1.1.jar;C:\Users\jdgar\.m2\repository\org\slf4j\slf4j-api\2.0.13\slf4j-api-2.0.13.jar;C:\Users\jdgar\.m2\repository\org\springframework\boot\spring-boot-starter-data-jpa\3.2.5\spring-boot-starter-data-jpa-3.2.5.jar;C:\Users\jdgar\.m2\repository\org\springframework\boot\spring-boot-starter-aop\3.2.5\spring-boot-starter-aop-3.2.5.jar;C:\Users\jdgar\.m2\repository\org\aspectj\aspectjweaver\1.9.22\aspectjweaver-1.9.22.jar;C:\Users\jdgar\.m2\repository\org\springframework\boot\spring-boot-starter-jdbc\3.2.5\spring-boot-starter-jdbc-3.2.5.jar;C:\Users\jdgar\.m2\repository\com\zaxxer\HikariCP\5.0.1\HikariCP-5.0.1.jar;C:\Users\jdgar\.m2\repository\org\springframework\spring-jdbc\6.1.6\spring-jdbc-6.1.6.jar;C:\Users\jdgar\.m2\repository\org\hibernate\orm\hibernate-core\6.4.4.Final\hibernate-core-6.4.4.Final.jar;C:\Users\jdgar\.m2\repository\jakarta\persistence\jakarta.persistence-api\3.1.0\jakarta.persistence-api-3.1.0.jar;C:\Users\jdgar\.m2\repository\jakarta\transaction\jakarta.transaction-api\2.0.1\jakarta.transaction-api-2.0.1.jar;C:\Users\jdgar\.m2\repository\org\jboss\logging\jboss-logging\3.5.3.Final\jboss-logging-3.5.3.Final.jar;C:\Users\jdgar\.m2\repository\org\hibernate\common\hibernate-commons-annotations\6.0.6.Final\hibernate-commons-annotations-6.0.6.Final.jar;C:\Users\jdgar\.m2\repository\io\smallrye\jandex\3.1.2\jandex-3.1.2.jar;C:\Users\jdgar\.m2\repository\com\fasterxml\classmate\1.6.0\classmate-1.6.0.jar;C:\Users\jdgar\.m2\repository\org\glassfish\jaxb\jaxb-runtime\4.0.5\jaxb-runtime-4.0.5.jar;C:\Users\jdgar\.m2\repository\org\glassfish\jaxb\jaxb-core\4.0.5\jaxb-core-4.0.5.jar;C:\Users\jdgar\.m2\repository\org\eclipse\angus\angus-activation\2.0.2\angus-activation-2.0.2.jar;C:\Users\jdgar\.m2\repository\org\glassfish\jaxb\txw2\4.0.5\txw2-4.0.5.jar;C:\Users\jdgar\.m2\repository\com\sun\istack\istack-commons-runtime\4.1.2\istack-commons-runtime-4.1.2.jar;C:\Users\jdgar\.m2\repository\jakarta\inject\jakarta.inject-api\2.0.1\jakarta.inject-api-2.0.1.jar;C:\Users\jdgar\.m2\repository\org\antlr\antlr4-runtime\4.13.0\antlr4-runtime-4.13.0.jar;C:\Users\jdgar\.m2\repository\org\springframework\data\spring-data-jpa\3.2.5\spring-data-jpa-3.2.5.jar;C:\Users\jdgar\.m2\repository\org\springframework\data\spring-data-commons\3.2.5\spring-data-commons-3.2.5.jar;C:\Users\jdgar\.m2\repository\org\springframework\spring-orm\6.1.6\spring-orm-6.1.6.jar;C:\Users\jdgar\.m2\repository\org\springframework\spring-tx\6.1.6\spring-tx-6.1.6.jar;C:\Users\jdgar\.m2\repository\org\springframework\spring-aspects\6.1.6\spring-aspects-6.1.6.jar;C:\Users\jdgar\.m2\repository\org\projectlombok\lombok\1.18.32\lombok-1.18.32.jar;C:\Users\jdgar\.m2\repository\org\telegram\telegrambots\6.9.7.1\telegrambots-6.9.7.1.jar;C:\Users\jdgar\.m2\repository\org\telegram\telegrambots-meta\6.9.7.1\telegrambots-meta-6.9.7.1.jar;C:\Users\jdgar\.m2\repository\org\apache\commons\commons-lang3\3.13.0\commons-lang3-3.13.0.jar;C:\Users\jdgar\.m2\repository\com\fasterxml\jackson\jaxrs\jackson-jaxrs-json-provider\2.15.4\jackson-jaxrs-json-provider-2.15.4.jar;C:\Users\jdgar\.m2\repository\com\fasterxml\jackson\jaxrs\jackson-jaxrs-base\2.15.4\jackson-jaxrs-base-2.15.4.jar;C:\Users\jdgar\.m2\repository\com\fasterxml\jackson\module\jackson-module-jaxb-annotations\2.15.4\jackson-module-jaxb-annotations-2.15.4.jar;C:\Users\jdgar\.m2\repository\com\fasterxml\jackson\core\jackson-core\2.15.4\jackson-core-2.15.4.jar;C:\Users\jdgar\.m2\repository\org\glassfish\jersey\inject\jersey-hk2\3.1.6\jersey-hk2-3.1.6.jar;C:\Users\jdgar\.m2\repository\org\glassfish\jersey\core\jersey-common\3.1.6\jersey-common-3.1.6.jar;C:\Users\jdgar\.m2\repository\org\glassfish\hk2\osgi-resource-locator\1.0.3\osgi-resource-locator-1.0.3.jar;C:\Users\jdgar\.m2\repository\org\glassfish\hk2\hk2-locator\3.0.6\hk2-locator-3.0.6.jar;C:\Users\jdgar\.m2\repository\org\glassfish\hk2\external\aopalliance-repackaged\3.0.6\aopalliance-repackaged-3.0.6.jar;C:\Users\jdgar\.m2\repository\org\glassfish\hk2\hk2-api\3.0.6\hk2-api-3.0.6.jar;C:\Users\jdgar\.m2\repository\org\glassfish\hk2\hk2-utils\3.0.6\hk2-utils-3.0.6.jar;C:\Users\jdgar\.m2\repository\org\javassist\javassist\3.30.2-GA\javassist-3.30.2-GA.jar;C:\Users\jdgar\.m2\repository\org\glassfish\jersey\media\jersey-media-json-jackson\3.1.6\jersey-media-json-jackson-3.1.6.jar;C:\Users\jdgar\.m2\repository\org\glassfish\jersey\ext\jersey-entity-filtering\3.1.6\jersey-entity-filtering-3.1.6.jar;C:\Users\jdgar\.m2\repository\com\fasterxml\jackson\module\jackson-module-jakarta-xmlbind-annotations\2.15.4\jackson-module-jakarta-xmlbind-annotations-2.15.4.jar;C:\Users\jdgar\.m2\repository\org\glassfish\jersey\containers\jersey-container-grizzly2-http\3.1.6\jersey-container-grizzly2-http-3.1.6.jar;C:\Users\jdgar\.m2\repository\org\glassfish\grizzly\grizzly-http-server\4.0.2\grizzly-http-server-4.0.2.jar;C:\Users\jdgar\.m2\repository\org\glassfish\grizzly\grizzly-http\4.0.2\grizzly-http-4.0.2.jar;C:\Users\jdgar\.m2\repository\org\glassfish\grizzly\grizzly-framework\4.0.2\grizzly-framework-4.0.2.jar;C:\Users\jdgar\.m2\repository\jakarta\ws\rs\jakarta.ws.rs-api\3.1.0\jakarta.ws.rs-api-3.1.0.jar;C:\Users\jdgar\.m2\repository\org\glassfish\jersey\core\jersey-server\3.1.6\jersey-server-3.1.6.jar;C:\Users\jdgar\.m2\repository\org\glassfish\jersey\core\jersey-client\3.1.6\jersey-client-3.1.6.jar;C:\Users\jdgar\.m2\repository\jakarta\validation\jakarta.validation-api\3.0.2\jakarta.validation-api-3.0.2.jar;C:\Users\jdgar\.m2\repository\org\apache\httpcomponents\httpclient\4.5.14\httpclient-4.5.14.jar;C:\Users\jdgar\.m2\repository\org\apache\httpcomponents\httpcore\4.4.16\httpcore-4.4.16.jar;C:\Users\jdgar\.m2\repository\commons-logging\commons-logging\1.2\commons-logging-1.2.jar;C:\Users\jdgar\.m2\repository\commons-codec\commons-codec\1.16.1\commons-codec-1.16.1.jar;C:\Users\jdgar\.m2\repository\org\apache\httpcomponents\httpmime\4.5.14\httpmime-4.5.14.jar;C:\Users\jdgar\.m2\repository\commons-io\commons-io\2.15.1\commons-io-2.15.1.jar;C:\Users\jdgar\.m2\repository\javax\xml\bind\jaxb-api\2.3.1\jaxb-api-2.3.1.jar;C:\Users\jdgar\.m2\repository\javax\activation\javax.activation-api\1.2.0\javax.activation-api-1.2.0.jar;"/>
    <property name="sun.cpu.endian" value="little"/>
    <property name="user.home" value="C:\Users\jdgar"/>
    <property name="user.language" value="en"/>
    <property name="java.specification.vendor" value="Oracle Corporation"/>
    <property name="java.version.date" value="2024-03-19"/>
    <property name="java.home" value="C:\Program Files\Java\jdk-22"/>
    <property name="oracle.jdbc.fanEnabled" value="false"/>
    <property name="file.separator" value="\"/>
    <property name="basedir" value="D:\Repos\oracle-java-chatbot-equipo4\Backend\chatbot"/>
    <property name="java.vm.compressedOopsMode" value="32-bit"/>
    <property name="line.separator" value="&#10;"/>
    <property name="java.vm.specification.vendor" value="Oracle Corporation"/>
    <property name="java.specification.name" value="Java Platform API Specification"/>
    <property name="FILE_LOG_CHARSET" value="UTF-8"/>
    <property name="java.awt.headless" value="true"/>
    <property name="surefire.real.class.path" value="C:\Users\jdgar\AppData\Local\Temp\surefire9160235523626928362\surefirebooter-20240514155800365_3.jar"/>
    <property name="user.script" value=""/>
    <property name="sun.management.compiler" value="HotSpot 64-Bit Tiered Compilers"/>
    <property name="java.runtime.version" value="22+36-2370"/>
    <property name="user.name" value="jdgar"/>
    <property name="stdout.encoding" value="Cp1252"/>
    <property name="path.separator" value=";"/>
    <property name="os.version" value="10.0"/>
    <property name="java.runtime.name" value="Java(TM) SE Runtime Environment"/>
    <property name="file.encoding" value="UTF-8"/>
    <property name="java.vm.name" value="Java HotSpot(TM) 64-Bit Server VM"/>
    <property name="LOG_FILE" value="logs.log"/>
    <property name="localRepository" value="C:\Users\jdgar\.m2\repository"/>
    <property name="oracle.jdbc.beginRequestAtConnectionCreation" value="false"/>
    <property name="java.vendor.url.bug" value="https://bugreport.java.com/bugreport/"/>
    <property name="java.io.tmpdir" value="C:\Users\jdgar\AppData\Local\Temp\"/>
    <property name="java.version" value="22"/>
    <property name="user.dir" value="D:\Repos\oracle-java-chatbot-equipo4\Backend\chatbot"/>
    <property name="os.arch" value="amd64"/>
    <property name="java.vm.specification.name" value="Java Virtual Machine Specification"/>
    <property name="PID" value="20484"/>
    <property name="user.language.format" value="es"/>
    <property name="sun.os.patch.level" value=""/>
    <property name="CONSOLE_LOG_CHARSET" value="UTF-8"/>
    <property name="native.encoding" value="Cp1252"/>
    <property name="java.library.path" value="C:\Program Files\Java\jdk-22\bin;C:\WINDOWS\Sun\Java\bin;C:\WINDOWS\system32;C:\WINDOWS;C:\Program Files (x86)\VMware\bin\;C:\windows\system32;C:\windows;C:\windows\System32\Wbem;C:\windows\System32\WindowsPowerShell\v1.0\;C:\windows\System32\OpenSSH\;C:\Program Files\NVIDIA Corporation\NVIDIA NvDLISR;C:\WINDOWS\system32;C:\WINDOWS;C:\WINDOWS\System32\Wbem;C:\WINDOWS\System32\WindowsPowerShell\v1.0\;C:\WINDOWS\System32\OpenSSH\;D:\Git\cmd;C:\Program Files (x86)\NVIDIA Corporation\PhysX\Common;C:\Program Files\dotnet\;C:\Program Files\Git LFS;C:\Program Files (x86)\Microsoft SQL Server\160\Tools\Binn\;C:\Program Files\Microsoft SQL Server\160\Tools\Binn\;C:\Program Files\Microsoft SQL Server\Client SDK\ODBC\170\Tools\Binn\;C:\Program Files\Microsoft SQL Server\160\DTS\Binn\;C:\Program Files\PuTTY\;C:\Program Files\Java\jdk-22\bin;C:\Program Files\Docker\Docker\resources\bin;C:\Users\jdgar\AppData\Roaming\nvm;C:\Program Files\nodejs;C:\Program Files\Java\apache-maven-3.9.6;C:\Program Files\Java\apache-maven-3.9.6\bin;D:\Program Files\Python;C:\Program Files\MySQL\MySQL Shell 8.0\bin\;C:\Users\jdgar\AppData\Local\Microsoft\WindowsApps;C:\Users\jdgar\OneDrive\Escritorio\VsCode\w64devkit\bin;C:\Users\jdgar\AppData\Local\Programs\Microsoft VS Code\bin;C:\Users\jdgar\AppData\Roaming\npm;C:\Users\jdgar\.dotnet\tools;C:\Program Files\Azure Data Studio\bin;C:\Users\jdgar\AppData\Roaming\nvm;C:\Program Files\nodejs;."/>
    <property name="java.vm.info" value="mixed mode, sharing"/>
    <property name="stderr.encoding" value="Cp1252"/>
    <property name="java.vendor" value="Oracle Corporation"/>
    <property name="java.vm.version" value="22+36-2370"/>
    <property name="sun.io.unicode.encoding" value="UnicodeLittle"/>
    <property name="java.class.version" value="66.0"/>
    <property name="LOGGED_APPLICATION_NAME" value="[chatbot] "/>
  </properties>
  <testcase name="contextLoads" classname="com.equipo4.chatbot.ChatbotApplicationTests" time="0.827">
    <system-out><![CDATA[15:58:02.051 [main] INFO org.springframework.test.context.support.AnnotationConfigContextLoaderUtils -- Could not detect default configuration classes for test class [com.equipo4.chatbot.ChatbotApplicationTests]: ChatbotApplicationTests does not declare any static, non-private, non-final, nested classes annotated with @Configuration.
15:58:02.245 [main] INFO org.springframework.boot.test.context.SpringBootTestContextBootstrapper -- Found @SpringBootConfiguration com.equipo4.chatbot.ChatbotApplication for test class com.equipo4.chatbot.ChatbotApplicationTests

  .   ____          _            __ _ _
 /\\ / ___'_ __ _ _(_)_ __  __ _ \ \ \ \
( ( )\___ | '_ | '_| | '_ \/ _` | \ \ \ \
 \\/  ___)| |_)| | | | | || (_| |  ) ) ) )
  '  |____| .__|_| |_|_| |_\__, | / / / /
 =========|_|==============|___/=/_/_/_/
 :: Spring Boot ::                (v3.2.5)

2024-05-14T15:58:03.217-06:00  INFO 20484 --- [chatbot] [           main] c.e.chatbot.ChatbotApplicationTests      : Starting ChatbotApplicationTests using Java 22 with PID 20484 (started by jdgar in D:\Repos\oracle-java-chatbot-equipo4\Backend\chatbot)
2024-05-14T15:58:03.217-06:00  INFO 20484 --- [chatbot] [           main] c.e.chatbot.ChatbotApplicationTests      : The following 1 profile is active: "oci"
2024-05-14T15:58:04.502-06:00  INFO 20484 --- [chatbot] [           main] .s.d.r.c.RepositoryConfigurationDelegate : Bootstrapping Spring Data JPA repositories in DEFAULT mode.
2024-05-14T15:58:04.690-06:00  INFO 20484 --- [chatbot] [           main] .s.d.r.c.RepositoryConfigurationDelegate : Finished Spring Data repository scanning in 172 ms. Found 7 JPA repository interfaces.
2024-05-14T15:58:05.985-06:00  INFO 20484 --- [chatbot] [           main] o.hibernate.jpa.internal.util.LogHelper  : HHH000204: Processing PersistenceUnitInfo [name: default]
2024-05-14T15:58:06.157-06:00  INFO 20484 --- [chatbot] [           main] org.hibernate.Version                    : HHH000412: Hibernate ORM core version 6.4.4.Final
2024-05-14T15:58:06.220-06:00  INFO 20484 --- [chatbot] [           main] o.h.c.internal.RegionFactoryInitiator    : HHH000026: Second-level cache disabled
2024-05-14T15:58:06.704-06:00  INFO 20484 --- [chatbot] [           main] o.s.o.j.p.SpringPersistenceUnitInfo      : No LoadTimeWeaver setup: ignoring JPA class transformer
2024-05-14T15:58:06.938-06:00 TRACE 20484 --- [chatbot] [           main] oracle.ucp                               : :::returns JDK's MBeanServer com.sun.jmx.mbeanserver.JmxMBeanServer@464ede1f
2024-05-14T15:58:06.938-06:00 TRACE 20484 --- [chatbot] [           main] oracle.ucp                               : :::unsuccessful attempt to load class oracle.as.jmx.framework.PortableMBeanFactory with loader jdk.internal.loader.ClassLoaders$AppClassLoader@70dea4e
2024-05-14T15:58:06.938-06:00 TRACE 20484 --- [chatbot] [           main] oracle.ucp                               : :::unsuccessful attempt to load class oracle.as.jmx.framework.PortableMBeanFactory with loader jdk.internal.loader.ClassLoaders$AppClassLoader@70dea4e
2024-05-14T15:58:06.938-06:00 TRACE 20484 --- [chatbot] [           main] oracle.ucp                               : :::Failed to get OracleAS MBean Server. Continue to use the JDK Platform MBean Server
2024-05-14T15:58:06.938-06:00 TRACE 20484 --- [chatbot] [           main] oracle.ucp                               : :::throwing: oracle.as.jmx.framework.PortableMBeanFactory : [java.base/jdk.internal.loader.BuiltinClassLoader.loadClass(BuiltinClassLoader.java:641), java.base/jdk.internal.loader.ClassLoaders$AppClassLoader.loadClass(ClassLoaders.java:188), java.base/java.lang.ClassLoader.loadClass(ClassLoader.java:525), java.base/java.lang.Class.forName0(Native Method), java.base/java.lang.Class.forName(Class.java:529), java.base/java.lang.Class.forName(Class.java:508), oracle.ucp.util.Util.getClassForName(Util.java:371), oracle.ucp.admin.UniversalConnectionPoolManagerMBeanImpl.<clinit>(UniversalConnectionPoolManagerMBeanImpl.java:1121), oracle.ucp.jdbc.PoolDataSourceImpl.getManagerMBean(PoolDataSourceImpl.java:767), oracle.ucp.jdbc.PoolDataSourceImpl.createPool(PoolDataSourceImpl.java:1152), oracle.ucp.jdbc.PoolDataSourceImpl.startPool(PoolDataSourceImpl.java:808), oracle.ucp.jdbc.PoolDataSourceImpl.getConnection(PoolDataSourceImpl.java:1855), oracle.ucp.jdbc.PoolDataSourceImpl.access$300(PoolDataSourceImpl.java:224), oracle.ucp.jdbc.PoolDataSourceImpl$3.build(PoolDataSourceImpl.java:4050), oracle.ucp.jdbc.PoolDataSourceImpl.getConnection(PoolDataSourceImpl.java:1822), oracle.ucp.jdbc.PoolDataSourceImpl.getConnection(PoolDataSourceImpl.java:1778), oracle.ucp.jdbc.PoolDataSourceImpl.getConnection(PoolDataSourceImpl.java:1764), org.hibernate.engine.jdbc.connections.internal.DatasourceConnectionProviderImpl.getConnection(DatasourceConnectionProviderImpl.java:122), org.hibernate.engine.jdbc.env.internal.JdbcEnvironmentInitiator$ConnectionProviderJdbcConnectionAccess.obtainConnection(JdbcEnvironmentInitiator.java:428), org.hibernate.resource.transaction.backend.jdbc.internal.JdbcIsolationDelegate.delegateWork(JdbcIsolationDelegate.java:61), org.hibernate.engine.jdbc.env.internal.JdbcEnvironmentInitiator.getJdbcEnvironmentUsingJdbcMetadata(JdbcEnvironmentInitiator.java:276), org.hibernate.engine.jdbc.env.internal.JdbcEnvironmentInitiator.initiateService(JdbcEnvironmentInitiator.java:107), org.hibernate.engine.jdbc.env.internal.JdbcEnvironmentInitiator.initiateService(JdbcEnvironmentInitiator.java:68), org.hibernate.boot.registry.internal.StandardServiceRegistryImpl.initiateService(StandardServiceRegistryImpl.java:130), org.hibernate.service.internal.AbstractServiceRegistryImpl.createService(AbstractServiceRegistryImpl.java:263), org.hibernate.service.internal.AbstractServiceRegistryImpl.initializeService(AbstractServiceRegistryImpl.java:238), org.hibernate.service.internal.AbstractServiceRegistryImpl.getService(AbstractServiceRegistryImpl.java:215), org.hibernate.boot.model.relational.Database.<init>(Database.java:45), org.hibernate.boot.internal.InFlightMetadataCollectorImpl.getDatabase(InFlightMetadataCollectorImpl.java:223), org.hibernate.boot.internal.InFlightMetadataCollectorImpl.<init>(InFlightMetadataCollectorImpl.java:191), org.hibernate.boot.model.process.spi.MetadataBuildingProcess.complete(MetadataBuildingProcess.java:170), org.hibernate.jpa.boot.internal.EntityManagerFactoryBuilderImpl.metadata(EntityManagerFactoryBuilderImpl.java:1432), org.hibernate.jpa.boot.internal.EntityManagerFactoryBuilderImpl.build(EntityManagerFactoryBuilderImpl.java:1503), org.springframework.orm.jpa.vendor.SpringHibernateJpaPersistenceProvider.createContainerEntityManagerFactory(SpringHibernateJpaPersistenceProvider.java:75), org.springframework.orm.jpa.LocalContainerEntityManagerFactoryBean.createNativeEntityManagerFactory(LocalContainerEntityManagerFactoryBean.java:390), org.springframework.orm.jpa.AbstractEntityManagerFactoryBean.buildNativeEntityManagerFactory(AbstractEntityManagerFactoryBean.java:409), org.springframework.orm.jpa.AbstractEntityManagerFactoryBean.afterPropertiesSet(AbstractEntityManagerFactoryBean.java:396), org.springframework.orm.jpa.LocalContainerEntityManagerFactoryBean.afterPropertiesSet(LocalContainerEntityManagerFactoryBean.java:366), org.springframework.beans.factory.support.AbstractAutowireCapableBeanFactory.invokeInitMethods(AbstractAutowireCapableBeanFactory.java:1833), org.springframework.beans.factory.support.AbstractAutowireCapableBeanFactory.initializeBean(AbstractAutowireCapableBeanFactory.java:1782), org.springframework.beans.factory.support.AbstractAutowireCapableBeanFactory.doCreateBean(AbstractAutowireCapableBeanFactory.java:600), org.springframework.beans.factory.support.AbstractAutowireCapableBeanFactory.createBean(AbstractAutowireCapableBeanFactory.java:522), org.springframework.beans.factory.support.AbstractBeanFactory.lambda$doGetBean$0(AbstractBeanFactory.java:326), org.springframework.beans.factory.support.DefaultSingletonBeanRegistry.getSingleton(DefaultSingletonBeanRegistry.java:234), org.springframework.beans.factory.support.AbstractBeanFactory.doGetBean(AbstractBeanFactory.java:324), org.springframework.beans.factory.support.AbstractBeanFactory.getBean(AbstractBeanFactory.java:200), org.springframework.context.support.AbstractApplicationContext.getBean(AbstractApplicationContext.java:1234), org.springframework.context.support.AbstractApplicationContext.finishBeanFactoryInitialization(AbstractApplicationContext.java:952), org.springframework.context.support.AbstractApplicationContext.refresh(AbstractApplicationContext.java:624), org.springframework.boot.SpringApplication.refresh(SpringApplication.java:754), org.springframework.boot.SpringApplication.refreshContext(SpringApplication.java:456), org.springframework.boot.SpringApplication.run(SpringApplication.java:334), org.springframework.boot.test.context.SpringBootContextLoader.lambda$loadContext$3(SpringBootContextLoader.java:137), org.springframework.util.function.ThrowingSupplier.get(ThrowingSupplier.java:58), org.springframework.util.function.ThrowingSupplier.get(ThrowingSupplier.java:46), org.springframework.boot.SpringApplication.withHook(SpringApplication.java:1454), org.springframework.boot.test.context.SpringBootContextLoader$ContextLoaderHook.run(SpringBootContextLoader.java:553), org.springframework.boot.test.context.SpringBootContextLoader.loadContext(SpringBootContextLoader.java:137), org.springframework.boot.test.context.SpringBootContextLoader.loadContext(SpringBootContextLoader.java:108), org.springframework.test.context.cache.DefaultCacheAwareContextLoaderDelegate.loadContextInternal(DefaultCacheAwareContextLoaderDelegate.java:225), org.springframework.test.context.cache.DefaultCacheAwareContextLoaderDelegate.loadContext(DefaultCacheAwareContextLoaderDelegate.java:152), org.springframework.test.context.support.DefaultTestContext.getApplicationContext(DefaultTestContext.java:130), org.springframework.test.context.web.ServletTestExecutionListener.setUpRequestContextIfNecessary(ServletTestExecutionListener.java:191), org.springframework.test.context.web.ServletTestExecutionListener.prepareTestInstance(ServletTestExecutionListener.java:130), org.springframework.test.context.TestContextManager.prepareTestInstance(TestContextManager.java:260), org.springframework.test.context.junit.jupiter.SpringExtension.postProcessTestInstance(SpringExtension.java:163), org.junit.jupiter.engine.descriptor.ClassBasedTestDescriptor.lambda$invokeTestInstancePostProcessors$10(ClassBasedTestDescriptor.java:378), org.junit.jupiter.engine.descriptor.ClassBasedTestDescriptor.executeAndMaskThrowable(ClassBasedTestDescriptor.java:383), org.junit.jupiter.engine.descriptor.ClassBasedTestDescriptor.lambda$invokeTestInstancePostProcessors$11(ClassBasedTestDescriptor.java:378), java.base/java.util.stream.ReferencePipeline$3$1.accept(ReferencePipeline.java:212), java.base/java.util.stream.ReferencePipeline$2$1.accept(ReferencePipeline.java:194), java.base/java.util.ArrayList$ArrayListSpliterator.forEachRemaining(ArrayList.java:1709), java.base/java.util.stream.AbstractPipeline.copyInto(AbstractPipeline.java:556), java.base/java.util.stream.AbstractPipeline.wrapAndCopyInto(AbstractPipeline.java:546), java.base/java.util.stream.StreamSpliterators$WrappingSpliterator.forEachRemaining(StreamSpliterators.java:310), java.base/java.util.stream.Streams$ConcatSpliterator.forEachRemaining(Streams.java:735), java.base/java.util.stream.Streams$ConcatSpliterator.forEachRemaining(Streams.java:734), java.base/java.util.stream.ReferencePipeline$Head.forEach(ReferencePipeline.java:782), org.junit.jupiter.engine.descriptor.ClassBasedTestDescriptor.invokeTestInstancePostProcessors(ClassBasedTestDescriptor.java:377), org.junit.jupiter.engine.descriptor.ClassBasedTestDescriptor.lambda$instantiateAndPostProcessTestInstance$6(ClassBasedTestDescriptor.java:290), org.junit.platform.engine.support.hierarchical.ThrowableCollector.execute(ThrowableCollector.java:73), org.junit.jupiter.engine.descriptor.ClassBasedTestDescriptor.instantiateAndPostProcessTestInstance(ClassBasedTestDescriptor.java:289), org.junit.jupiter.engine.descriptor.ClassBasedTestDescriptor.lambda$testInstancesProvider$4(ClassBasedTestDescriptor.java:279), java.base/java.util.Optional.orElseGet(Optional.java:364), org.junit.jupiter.engine.descriptor.ClassBasedTestDescriptor.lambda$testInstancesProvider$5(ClassBasedTestDescriptor.java:278), org.junit.jupiter.engine.execution.TestInstancesProvider.getTestInstances(TestInstancesProvider.java:31), org.junit.jupiter.engine.descriptor.TestMethodTestDescriptor.lambda$prepare$0(TestMethodTestDescriptor.java:106), org.junit.platform.engine.support.hierarchical.ThrowableCollector.execute(ThrowableCollector.java:73), org.junit.jupiter.engine.descriptor.TestMethodTestDescriptor.prepare(TestMethodTestDescriptor.java:105), org.junit.jupiter.engine.descriptor.TestMethodTestDescriptor.prepare(TestMethodTestDescriptor.java:69), org.junit.platform.engine.support.hierarchical.NodeTestTask.lambda$prepare$2(NodeTestTask.java:123), org.junit.platform.engine.support.hierarchical.ThrowableCollector.execute(ThrowableCollector.java:73), org.junit.platform.engine.support.hierarchical.NodeTestTask.prepare(NodeTestTask.java:123), org.junit.platform.engine.support.hierarchical.NodeTestTask.execute(NodeTestTask.java:90), java.base/java.util.ArrayList.forEach(ArrayList.java:1597), org.junit.platform.engine.support.hierarchical.SameThreadHierarchicalTestExecutorService.invokeAll(SameThreadHierarchicalTestExecutorService.java:41), org.junit.platform.engine.support.hierarchical.NodeTestTask.lambda$executeRecursively$6(NodeTestTask.java:155), org.junit.platform.engine.support.hierarchical.ThrowableCollector.execute(ThrowableCollector.java:73), org.junit.platform.engine.support.hierarchical.NodeTestTask.lambda$executeRecursively$8(NodeTestTask.java:141), org.junit.platform.engine.support.hierarchical.Node.around(Node.java:137), org.junit.platform.engine.support.hierarchical.NodeTestTask.lambda$executeRecursively$9(NodeTestTask.java:139), org.junit.platform.engine.support.hierarchical.ThrowableCollector.execute(ThrowableCollector.java:73), org.junit.platform.engine.support.hierarchical.NodeTestTask.executeRecursively(NodeTestTask.java:138), org.junit.platform.engine.support.hierarchical.NodeTestTask.execute(NodeTestTask.java:95), java.base/java.util.ArrayList.forEach(ArrayList.java:1597), org.junit.platform.engine.support.hierarchical.SameThreadHierarchicalTestExecutorService.invokeAll(SameThreadHierarchicalTestExecutorService.java:41), org.junit.platform.engine.support.hierarchical.NodeTestTask.lambda$executeRecursively$6(NodeTestTask.java:155), org.junit.platform.engine.support.hierarchical.ThrowableCollector.execute(ThrowableCollector.java:73), org.junit.platform.engine.support.hierarchical.NodeTestTask.lambda$executeRecursively$8(NodeTestTask.java:141), org.junit.platform.engine.support.hierarchical.Node.around(Node.java:137), org.junit.platform.engine.support.hierarchical.NodeTestTask.lambda$executeRecursively$9(NodeTestTask.java:139), org.junit.platform.engine.support.hierarchical.ThrowableCollector.execute(ThrowableCollector.java:73), org.junit.platform.engine.support.hierarchical.NodeTestTask.executeRecursively(NodeTestTask.java:138), org.junit.platform.engine.support.hierarchical.NodeTestTask.execute(NodeTestTask.java:95), org.junit.platform.engine.support.hierarchical.SameThreadHierarchicalTestExecutorService.submit(SameThreadHierarchicalTestExecutorService.java:35), org.junit.platform.engine.support.hierarchical.HierarchicalTestExecutor.execute(HierarchicalTestExecutor.java:57), org.junit.platform.engine.support.hierarchical.HierarchicalTestEngine.execute(HierarchicalTestEngine.java:54), org.junit.platform.launcher.core.EngineExecutionOrchestrator.execute(EngineExecutionOrchestrator.java:198), org.junit.platform.launcher.core.EngineExecutionOrchestrator.execute(EngineExecutionOrchestrator.java:169), org.junit.platform.launcher.core.EngineExecutionOrchestrator.execute(EngineExecutionOrchestrator.java:93), org.junit.platform.launcher.core.EngineExecutionOrchestrator.lambda$execute$0(EngineExecutionOrchestrator.java:58), org.junit.platform.launcher.core.EngineExecutionOrchestrator.withInterceptedStreams(EngineExecutionOrchestrator.java:141), org.junit.platform.launcher.core.EngineExecutionOrchestrator.execute(EngineExecutionOrchestrator.java:57), org.junit.platform.launcher.core.DefaultLauncher.execute(DefaultLauncher.java:103), org.junit.platform.launcher.core.DefaultLauncher.execute(DefaultLauncher.java:85), org.junit.platform.launcher.core.DelegatingLauncher.execute(DelegatingLauncher.java:47), org.apache.maven.surefire.junitplatform.LazyLauncher.execute(LazyLauncher.java:56), org.apache.maven.surefire.junitplatform.JUnitPlatformProvider.execute(JUnitPlatformProvider.java:184), org.apache.maven.surefire.junitplatform.JUnitPlatformProvider.invokeAllTests(JUnitPlatformProvider.java:148), org.apache.maven.surefire.junitplatform.JUnitPlatformProvider.invoke(JUnitPlatformProvider.java:122), org.apache.maven.surefire.booter.ForkedBooter.runSuitesInProcess(ForkedBooter.java:385), org.apache.maven.surefire.booter.ForkedBooter.execute(ForkedBooter.java:162), org.apache.maven.surefire.booter.ForkedBooter.run(ForkedBooter.java:507), org.apache.maven.surefire.booter.ForkedBooter.main(ForkedBooter.java:495)]
2024-05-14T15:58:06.938-06:00 TRACE 20484 --- [chatbot] [           main] oracle.ucp                               : :::constructing MBeanInfo
2024-05-14T15:58:06.954-06:00 TRACE 20484 --- [chatbot] [           main] oracle.ucp                               : :::constructing AttributesInfo
2024-05-14T15:58:06.954-06:00 TRACE 20484 --- [chatbot] [           main] oracle.ucp                               : :::constructing OperationsInfo
2024-05-14T15:58:06.954-06:00 DEBUG 20484 --- [chatbot] [           main] oracle.ucp                               : :::Universal Connection Pool Manager MBean created
2024-05-14T15:58:07.220-06:00 TRACE 20484 --- [chatbot] [           main] oracle.ucp                               : :::factory class created
2024-05-14T15:58:07.235-06:00 TRACE 20484 --- [chatbot] [           main] oracle.ucp                               : :::user is set
2024-05-14T15:58:07.235-06:00 TRACE 20484 --- [chatbot] [           main] oracle.ucp                               : :::password is set
2024-05-14T15:58:07.235-06:00 TRACE 20484 --- [chatbot] [           main] oracle.ucp                               : :::URL is set
2024-05-14T15:58:07.235-06:00 TRACE 20484 --- [chatbot] [           main] oracle.ucp                               : :::Database Server Name is set
2024-05-14T15:58:07.235-06:00 TRACE 20484 --- [chatbot] [           main] oracle.ucp                               : :::Port Number is set
2024-05-14T15:58:07.235-06:00 TRACE 20484 --- [chatbot] [           main] oracle.ucp                               : :::Database name is set
2024-05-14T15:58:07.235-06:00 TRACE 20484 --- [chatbot] [           main] oracle.ucp                               : :::DataSource name is set
2024-05-14T15:58:07.235-06:00 TRACE 20484 --- [chatbot] [           main] oracle.ucp                               : :::DataSource description is set
2024-05-14T15:58:07.235-06:00 TRACE 20484 --- [chatbot] [           main] oracle.ucp                               : :::DataSource network protocol is set
2024-05-14T15:58:07.235-06:00 TRACE 20484 --- [chatbot] [           main] oracle.ucp                               : :::DataSource role name is set
2024-05-14T15:58:07.235-06:00 TRACE 20484 --- [chatbot] [           main] oracle.ucp                               : :::initializeUrlFromConnectionFactory() succeeded
2024-05-14T15:58:07.313-06:00 TRACE 20484 --- [chatbot] [           main] oracle.ucp                               : :::oracle.ucp.common.Core@29d2fa84 core object to watch pending grows added
2024-05-14T15:58:07.313-06:00 TRACE 20484 --- [chatbot] [      UCP Clock] oracle.ucp                               : :::clock thread about to wait
2024-05-14T15:58:07.376-06:00 TRACE 20484 --- [chatbot] [           main] oracle.ucp                               : :::setOraclePool=true
2024-05-14T15:58:07.376-06:00 DEBUG 20484 --- [chatbot] [           main] oracle.ucp                               : :::Connection pool instance is created with default properties
2024-05-14T15:58:07.376-06:00 TRACE 20484 --- [chatbot] [           main] oracle.ucp                               : :::name=UcpPoolE4Chatbot
2024-05-14T15:58:07.376-06:00 TRACE 20484 --- [chatbot] [           main] oracle.ucp                               : :::validateConnectionOnBorrow=false
2024-05-14T15:58:07.376-06:00 TRACE 20484 --- [chatbot] [           main] oracle.ucp                               : :::initialPoolSize=5
2024-05-14T15:58:07.376-06:00 TRACE 20484 --- [chatbot] [           main] oracle.ucp                               : :::minPoolSize=5
2024-05-14T15:58:07.391-06:00 TRACE 20484 --- [chatbot] [           main] oracle.ucp                               : :::maxPoolSize=10
2024-05-14T15:58:07.391-06:00 TRACE 20484 --- [chatbot] [           main] oracle.ucp                               : :::maxPerService=2147483647
2024-05-14T15:58:07.391-06:00 TRACE 20484 --- [chatbot] [           main] oracle.ucp                               : :::abandonedConnectionTimeout=0
2024-05-14T15:58:07.391-06:00 TRACE 20484 --- [chatbot] [           main] oracle.ucp                               : :::timeToLiveConnectionTimeout=0
2024-05-14T15:58:07.391-06:00 TRACE 20484 --- [chatbot] [           main] oracle.ucp                               : :::inactiveConnectionTimeout=0
2024-05-14T15:58:07.391-06:00 TRACE 20484 --- [chatbot] [           main] oracle.ucp                               : :::timeoutCheckInterval=30
2024-05-14T15:58:07.391-06:00 TRACE 20484 --- [chatbot] [           main] oracle.ucp                               : :::waitTimeout=3
2024-05-14T15:58:07.391-06:00 TRACE 20484 --- [chatbot] [           main] oracle.ucp                               : :::maxConnectionReuseTime=0
2024-05-14T15:58:07.391-06:00 TRACE 20484 --- [chatbot] [           main] oracle.ucp                               : :::maxConnectionReuseCount=0
2024-05-14T15:58:07.391-06:00 TRACE 20484 --- [chatbot] [           main] oracle.ucp                               : :::removing labeling callback
2024-05-14T15:58:07.391-06:00 TRACE 20484 --- [chatbot] [           main] oracle.ucp                               : :::removed
2024-05-14T15:58:07.391-06:00 TRACE 20484 --- [chatbot] [           main] oracle.ucp                               : :::removing affinity callback
2024-05-14T15:58:07.391-06:00 TRACE 20484 --- [chatbot] [           main] oracle.ucp                               : :::removed
2024-05-14T15:58:07.391-06:00 TRACE 20484 --- [chatbot] [           main] oracle.ucp                               : :::connectionHarvestTriggerCount=2147483647
2024-05-14T15:58:07.391-06:00 TRACE 20484 --- [chatbot] [           main] oracle.ucp                               : :::connectionHarvestMaxCount=1
2024-05-14T15:58:07.391-06:00 TRACE 20484 --- [chatbot] [           main] oracle.ucp                               : :::queryTimeout=0
2024-05-14T15:58:07.391-06:00 TRACE 20484 --- [chatbot] [           main] oracle.ucp                               : :::maxConnsPerShard=2147483647
2024-05-14T15:58:07.391-06:00 TRACE 20484 --- [chatbot] [           main] oracle.ucp                               : :::setShardingMode=true
2024-05-14T15:58:07.391-06:00 DEBUG 20484 --- [chatbot] [           main] oracle.ucp                               : :::FCF-Enabled not explicitly set, skip internal setting to: false
2024-05-14T15:58:07.391-06:00 TRACE 20484 --- [chatbot] [           main] oracle.ucp                               : :::removing initialization callback
2024-05-14T15:58:07.391-06:00 TRACE 20484 --- [chatbot] [           main] oracle.ucp                               : :::highCost=2147483647
2024-05-14T15:58:07.391-06:00 TRACE 20484 --- [chatbot] [           main] oracle.ucp                               : :::threshold=0
2024-05-14T15:58:07.391-06:00 TRACE 20484 --- [chatbot] [           main] oracle.ucp                               : :::shared=false
2024-05-14T15:58:07.391-06:00 TRACE 20484 --- [chatbot] [           main] oracle.ucp                               : :::threshold=0
2024-05-14T15:58:07.391-06:00 TRACE 20484 --- [chatbot] [           main] oracle.ucp                               : :::set: secondsToTrustIdleConnection
2024-05-14T15:58:07.391-06:00 TRACE 20484 --- [chatbot] [           main] oracle.ucp                               : :::secondsToTrustIdleConnection=0
2024-05-14T15:58:07.391-06:00 TRACE 20484 --- [chatbot] [           main] oracle.ucp                               : :::seconds=0
2024-05-14T15:58:07.391-06:00 TRACE 20484 --- [chatbot] [           main] oracle.ucp                               : :::connectionValidationTimeout=15
2024-05-14T15:58:07.391-06:00 TRACE 20484 --- [chatbot] [           main] oracle.ucp                               : :::readOnlyInstanceAllowed=false
2024-05-14T15:58:07.391-06:00 TRACE 20484 --- [chatbot] [           main] oracle.ucp                               : :::Connection properties are set
2024-05-14T15:58:07.391-06:00 TRACE 20484 --- [chatbot] [           main] oracle.ucp                               : :::connection pool is configured
2024-05-14T15:58:07.407-06:00 TRACE 20484 --- [chatbot] [           main] oracle.ucp                               : :::registering  UniversalConnectionPoolMBean oracle.ucp.admin.UniversalConnectionPoolMBean:name=UniversalConnectionPoolManager(2015110295)-48eba341-2-LAPTOP-HRV25HBN,poolName=UcpPoolE4Chatbot for UcpPoolE4Chatbot
2024-05-14T15:58:07.407-06:00 TRACE 20484 --- [chatbot] [           main] oracle.ucp                               : :::constructing MBeanInfo
2024-05-14T15:58:07.407-06:00 TRACE 20484 --- [chatbot] [           main] oracle.ucp                               : :::constructing AttributesInfo
2024-05-14T15:58:07.407-06:00 TRACE 20484 --- [chatbot] [           main] oracle.ucp                               : :::constructing AttributesInfo
2024-05-14T15:58:07.407-06:00 TRACE 20484 --- [chatbot] [           main] oracle.ucp                               : :::constructing ConstructorsInfo
2024-05-14T15:58:07.407-06:00 TRACE 20484 --- [chatbot] [           main] oracle.ucp                               : :::constructing OperationsInfo
2024-05-14T15:58:07.407-06:00 TRACE 20484 --- [chatbot] [           main] oracle.ucp                               : :::constructing OperationsInfo
2024-05-14T15:58:07.407-06:00 DEBUG 20484 --- [chatbot] [           main] oracle.ucp                               : :::Connection pool instance is created
2024-05-14T15:58:07.407-06:00 TRACE 20484 --- [chatbot] [           main] oracle.ucp                               : :::LifeCycle set: starting
2024-05-14T15:58:11.229-06:00 TRACE 20484 --- [chatbot] [           main] oracle.ucp                               : :::clock signaled
2024-05-14T15:58:11.238-06:00 TRACE 20484 --- [chatbot] [      UCP Clock] oracle.ucp                               : :::clock thread woke up
2024-05-14T15:58:11.238-06:00 TRACE 20484 --- [chatbot] [           main] oracle.ucp                               : :::instance start time string: 2024-05-04 05:21:47 GMT-06:00
2024-05-14T15:58:11.254-06:00 TRACE 20484 --- [chatbot] [           main] oracle.ucp                               : :::connectionFailoverEnabled: false
2024-05-14T15:58:11.974-06:00 DEBUG 20484 --- [chatbot] [           main] oracle.ucp                               : :::Heuristically determine whether to enable FAN
2024-05-14T15:58:11.974-06:00 DEBUG 20484 --- [chatbot] [           main] oracle.ucp                               : :::RAC/GDS 12.x, FAN is heuristically enabled
2024-05-14T15:58:12.052-06:00 TRACE 20484 --- [chatbot] [           main] oracle.ucp                               : :::service g63a298bdb9a5e8_equipo4chatbotdb_medium.adb.oraclecloud.com registered
2024-05-14T15:58:12.084-06:00 TRACE 20484 --- [chatbot] [           main] oracle.ucp                               : :::about to create: (borrowed=0, total=0), (service=g63a298bdb9a5e8_equipo4chatbotdb_medium.adb.oraclecloud.com, borrowed=0, total=0), (serviceMember:[])
2024-05-14T15:58:12.224-06:00 TRACE 20484 --- [chatbot] [           main] oracle.ucp                               : :::failover enabled - about to start ONS
2024-05-14T15:58:12.240-06:00 TRACE 20484 --- [chatbot] [           main] oracle.ucp                               : :::about to start ONS with config: maxconnections.0001=0003
nodes.0001=adb.mx-queretaro-1.oraclecloud.com:6200
2024-05-14T15:58:12.865-06:00 TRACE 20484 --- [chatbot] [      UCP Clock] oracle.ucp                               : :::clock thread about to wait
2024-05-14T15:58:42.262-06:00  WARN 20484 --- [chatbot] [           main] oracle.ucp                               : :::failed to start ONS: Server time out
2024-05-14T15:58:42.262-06:00 TRACE 20484 --- [chatbot] [           main] oracle.ucp                               : :::throwing: Server time out : [oracle.ons.NotificationNetwork.waitUntilOnline(NotificationNetwork.java:99), oracle.ons.ONS.init(ONS.java:87), oracle.ons.ONS.<init>(ONS.java:146), oracle.ucp.common.ONSDriver$1.run(ONSDriver.java:90), oracle.ucp.common.ONSDriver$1.run(ONSDriver.java:87), java.base/java.security.AccessController.doPrivileged(AccessController.java:571), oracle.ucp.common.ONSDriver.start(ONSDriver.java:86), oracle.ucp.common.Topology.onsDriver(Topology.java:530), oracle.ucp.common.CoreConnectionImpl.<init>(CoreConnectionImpl.java:109), oracle.ucp.common.CoreConnectionImpl.create(CoreConnectionImpl.java:75), oracle.ucp.common.Topology.start(Topology.java:322), oracle.ucp.common.Core.start(Core.java:2692), oracle.ucp.common.UniversalConnectionPoolBase.start(UniversalConnectionPoolBase.java:738), oracle.ucp.jdbc.oracle.OracleJDBCConnectionPool.start(OracleJDBCConnectionPool.java:133), oracle.ucp.jdbc.PoolDataSourceImpl.startPool(PoolDataSourceImpl.java:818), oracle.ucp.jdbc.PoolDataSourceImpl.getConnection(PoolDataSourceImpl.java:1855), oracle.ucp.jdbc.PoolDataSourceImpl.access$300(PoolDataSourceImpl.java:224), oracle.ucp.jdbc.PoolDataSourceImpl$3.build(PoolDataSourceImpl.java:4050), oracle.ucp.jdbc.PoolDataSourceImpl.getConnection(PoolDataSourceImpl.java:1822), oracle.ucp.jdbc.PoolDataSourceImpl.getConnection(PoolDataSourceImpl.java:1778), oracle.ucp.jdbc.PoolDataSourceImpl.getConnection(PoolDataSourceImpl.java:1764), org.hibernate.engine.jdbc.connections.internal.DatasourceConnectionProviderImpl.getConnection(DatasourceConnectionProviderImpl.java:122), org.hibernate.engine.jdbc.env.internal.JdbcEnvironmentInitiator$ConnectionProviderJdbcConnectionAccess.obtainConnection(JdbcEnvironmentInitiator.java:428), org.hibernate.resource.transaction.backend.jdbc.internal.JdbcIsolationDelegate.delegateWork(JdbcIsolationDelegate.java:61), org.hibernate.engine.jdbc.env.internal.JdbcEnvironmentInitiator.getJdbcEnvironmentUsingJdbcMetadata(JdbcEnvironmentInitiator.java:276), org.hibernate.engine.jdbc.env.internal.JdbcEnvironmentInitiator.initiateService(JdbcEnvironmentInitiator.java:107), org.hibernate.engine.jdbc.env.internal.JdbcEnvironmentInitiator.initiateService(JdbcEnvironmentInitiator.java:68), org.hibernate.boot.registry.internal.StandardServiceRegistryImpl.initiateService(StandardServiceRegistryImpl.java:130), org.hibernate.service.internal.AbstractServiceRegistryImpl.createService(AbstractServiceRegistryImpl.java:263), org.hibernate.service.internal.AbstractServiceRegistryImpl.initializeService(AbstractServiceRegistryImpl.java:238), org.hibernate.service.internal.AbstractServiceRegistryImpl.getService(AbstractServiceRegistryImpl.java:215), org.hibernate.boot.model.relational.Database.<init>(Database.java:45), org.hibernate.boot.internal.InFlightMetadataCollectorImpl.getDatabase(InFlightMetadataCollectorImpl.java:223), org.hibernate.boot.internal.InFlightMetadataCollectorImpl.<init>(InFlightMetadataCollectorImpl.java:191), org.hibernate.boot.model.process.spi.MetadataBuildingProcess.complete(MetadataBuildingProcess.java:170), org.hibernate.jpa.boot.internal.EntityManagerFactoryBuilderImpl.metadata(EntityManagerFactoryBuilderImpl.java:1432), org.hibernate.jpa.boot.internal.EntityManagerFactoryBuilderImpl.build(EntityManagerFactoryBuilderImpl.java:1503), org.springframework.orm.jpa.vendor.SpringHibernateJpaPersistenceProvider.createContainerEntityManagerFactory(SpringHibernateJpaPersistenceProvider.java:75), org.springframework.orm.jpa.LocalContainerEntityManagerFactoryBean.createNativeEntityManagerFactory(LocalContainerEntityManagerFactoryBean.java:390), org.springframework.orm.jpa.AbstractEntityManagerFactoryBean.buildNativeEntityManagerFactory(AbstractEntityManagerFactoryBean.java:409), org.springframework.orm.jpa.AbstractEntityManagerFactoryBean.afterPropertiesSet(AbstractEntityManagerFactoryBean.java:396), org.springframework.orm.jpa.LocalContainerEntityManagerFactoryBean.afterPropertiesSet(LocalContainerEntityManagerFactoryBean.java:366), org.springframework.beans.factory.support.AbstractAutowireCapableBeanFactory.invokeInitMethods(AbstractAutowireCapableBeanFactory.java:1833), org.springframework.beans.factory.support.AbstractAutowireCapableBeanFactory.initializeBean(AbstractAutowireCapableBeanFactory.java:1782), org.springframework.beans.factory.support.AbstractAutowireCapableBeanFactory.doCreateBean(AbstractAutowireCapableBeanFactory.java:600), org.springframework.beans.factory.support.AbstractAutowireCapableBeanFactory.createBean(AbstractAutowireCapableBeanFactory.java:522), org.springframework.beans.factory.support.AbstractBeanFactory.lambda$doGetBean$0(AbstractBeanFactory.java:326), org.springframework.beans.factory.support.DefaultSingletonBeanRegistry.getSingleton(DefaultSingletonBeanRegistry.java:234), org.springframework.beans.factory.support.AbstractBeanFactory.doGetBean(AbstractBeanFactory.java:324), org.springframework.beans.factory.support.AbstractBeanFactory.getBean(AbstractBeanFactory.java:200), org.springframework.context.support.AbstractApplicationContext.getBean(AbstractApplicationContext.java:1234), org.springframework.context.support.AbstractApplicationContext.finishBeanFactoryInitialization(AbstractApplicationContext.java:952), org.springframework.context.support.AbstractApplicationContext.refresh(AbstractApplicationContext.java:624), org.springframework.boot.SpringApplication.refresh(SpringApplication.java:754), org.springframework.boot.SpringApplication.refreshContext(SpringApplication.java:456), org.springframework.boot.SpringApplication.run(SpringApplication.java:334), org.springframework.boot.test.context.SpringBootContextLoader.lambda$loadContext$3(SpringBootContextLoader.java:137), org.springframework.util.function.ThrowingSupplier.get(ThrowingSupplier.java:58), org.springframework.util.function.ThrowingSupplier.get(ThrowingSupplier.java:46), org.springframework.boot.SpringApplication.withHook(SpringApplication.java:1454), org.springframework.boot.test.context.SpringBootContextLoader$ContextLoaderHook.run(SpringBootContextLoader.java:553), org.springframework.boot.test.context.SpringBootContextLoader.loadContext(SpringBootContextLoader.java:137), org.springframework.boot.test.context.SpringBootContextLoader.loadContext(SpringBootContextLoader.java:108), org.springframework.test.context.cache.DefaultCacheAwareContextLoaderDelegate.loadContextInternal(DefaultCacheAwareContextLoaderDelegate.java:225), org.springframework.test.context.cache.DefaultCacheAwareContextLoaderDelegate.loadContext(DefaultCacheAwareContextLoaderDelegate.java:152), org.springframework.test.context.support.DefaultTestContext.getApplicationContext(DefaultTestContext.java:130), org.springframework.test.context.web.ServletTestExecutionListener.setUpRequestContextIfNecessary(ServletTestExecutionListener.java:191), org.springframework.test.context.web.ServletTestExecutionListener.prepareTestInstance(ServletTestExecutionListener.java:130), org.springframework.test.context.TestContextManager.prepareTestInstance(TestContextManager.java:260), org.springframework.test.context.junit.jupiter.SpringExtension.postProcessTestInstance(SpringExtension.java:163), org.junit.jupiter.engine.descriptor.ClassBasedTestDescriptor.lambda$invokeTestInstancePostProcessors$10(ClassBasedTestDescriptor.java:378), org.junit.jupiter.engine.descriptor.ClassBasedTestDescriptor.executeAndMaskThrowable(ClassBasedTestDescriptor.java:383), org.junit.jupiter.engine.descriptor.ClassBasedTestDescriptor.lambda$invokeTestInstancePostProcessors$11(ClassBasedTestDescriptor.java:378), java.base/java.util.stream.ReferencePipeline$3$1.accept(ReferencePipeline.java:212), java.base/java.util.stream.ReferencePipeline$2$1.accept(ReferencePipeline.java:194), java.base/java.util.ArrayList$ArrayListSpliterator.forEachRemaining(ArrayList.java:1709), java.base/java.util.stream.AbstractPipeline.copyInto(AbstractPipeline.java:556), java.base/java.util.stream.AbstractPipeline.wrapAndCopyInto(AbstractPipeline.java:546), java.base/java.util.stream.StreamSpliterators$WrappingSpliterator.forEachRemaining(StreamSpliterators.java:310), java.base/java.util.stream.Streams$ConcatSpliterator.forEachRemaining(Streams.java:735), java.base/java.util.stream.Streams$ConcatSpliterator.forEachRemaining(Streams.java:734), java.base/java.util.stream.ReferencePipeline$Head.forEach(ReferencePipeline.java:782), org.junit.jupiter.engine.descriptor.ClassBasedTestDescriptor.invokeTestInstancePostProcessors(ClassBasedTestDescriptor.java:377), org.junit.jupiter.engine.descriptor.ClassBasedTestDescriptor.lambda$instantiateAndPostProcessTestInstance$6(ClassBasedTestDescriptor.java:290), org.junit.platform.engine.support.hierarchical.ThrowableCollector.execute(ThrowableCollector.java:73), org.junit.jupiter.engine.descriptor.ClassBasedTestDescriptor.instantiateAndPostProcessTestInstance(ClassBasedTestDescriptor.java:289), org.junit.jupiter.engine.descriptor.ClassBasedTestDescriptor.lambda$testInstancesProvider$4(ClassBasedTestDescriptor.java:279), java.base/java.util.Optional.orElseGet(Optional.java:364), org.junit.jupiter.engine.descriptor.ClassBasedTestDescriptor.lambda$testInstancesProvider$5(ClassBasedTestDescriptor.java:278), org.junit.jupiter.engine.execution.TestInstancesProvider.getTestInstances(TestInstancesProvider.java:31), org.junit.jupiter.engine.descriptor.TestMethodTestDescriptor.lambda$prepare$0(TestMethodTestDescriptor.java:106), org.junit.platform.engine.support.hierarchical.ThrowableCollector.execute(ThrowableCollector.java:73), org.junit.jupiter.engine.descriptor.TestMethodTestDescriptor.prepare(TestMethodTestDescriptor.java:105), org.junit.jupiter.engine.descriptor.TestMethodTestDescriptor.prepare(TestMethodTestDescriptor.java:69), org.junit.platform.engine.support.hierarchical.NodeTestTask.lambda$prepare$2(NodeTestTask.java:123), org.junit.platform.engine.support.hierarchical.ThrowableCollector.execute(ThrowableCollector.java:73), org.junit.platform.engine.support.hierarchical.NodeTestTask.prepare(NodeTestTask.java:123), org.junit.platform.engine.support.hierarchical.NodeTestTask.execute(NodeTestTask.java:90), java.base/java.util.ArrayList.forEach(ArrayList.java:1597), org.junit.platform.engine.support.hierarchical.SameThreadHierarchicalTestExecutorService.invokeAll(SameThreadHierarchicalTestExecutorService.java:41), org.junit.platform.engine.support.hierarchical.NodeTestTask.lambda$executeRecursively$6(NodeTestTask.java:155), org.junit.platform.engine.support.hierarchical.ThrowableCollector.execute(ThrowableCollector.java:73), org.junit.platform.engine.support.hierarchical.NodeTestTask.lambda$executeRecursively$8(NodeTestTask.java:141), org.junit.platform.engine.support.hierarchical.Node.around(Node.java:137), org.junit.platform.engine.support.hierarchical.NodeTestTask.lambda$executeRecursively$9(NodeTestTask.java:139), org.junit.platform.engine.support.hierarchical.ThrowableCollector.execute(ThrowableCollector.java:73), org.junit.platform.engine.support.hierarchical.NodeTestTask.executeRecursively(NodeTestTask.java:138), org.junit.platform.engine.support.hierarchical.NodeTestTask.execute(NodeTestTask.java:95), java.base/java.util.ArrayList.forEach(ArrayList.java:1597), org.junit.platform.engine.support.hierarchical.SameThreadHierarchicalTestExecutorService.invokeAll(SameThreadHierarchicalTestExecutorService.java:41), org.junit.platform.engine.support.hierarchical.NodeTestTask.lambda$executeRecursively$6(NodeTestTask.java:155), org.junit.platform.engine.support.hierarchical.ThrowableCollector.execute(ThrowableCollector.java:73), org.junit.platform.engine.support.hierarchical.NodeTestTask.lambda$executeRecursively$8(NodeTestTask.java:141), org.junit.platform.engine.support.hierarchical.Node.around(Node.java:137), org.junit.platform.engine.support.hierarchical.NodeTestTask.lambda$executeRecursively$9(NodeTestTask.java:139), org.junit.platform.engine.support.hierarchical.ThrowableCollector.execute(ThrowableCollector.java:73), org.junit.platform.engine.support.hierarchical.NodeTestTask.executeRecursively(NodeTestTask.java:138), org.junit.platform.engine.support.hierarchical.NodeTestTask.execute(NodeTestTask.java:95), org.junit.platform.engine.support.hierarchical.SameThreadHierarchicalTestExecutorService.submit(SameThreadHierarchicalTestExecutorService.java:35), org.junit.platform.engine.support.hierarchical.HierarchicalTestExecutor.execute(HierarchicalTestExecutor.java:57), org.junit.platform.engine.support.hierarchical.HierarchicalTestEngine.execute(HierarchicalTestEngine.java:54), org.junit.platform.launcher.core.EngineExecutionOrchestrator.execute(EngineExecutionOrchestrator.java:198), org.junit.platform.launcher.core.EngineExecutionOrchestrator.execute(EngineExecutionOrchestrator.java:169), org.junit.platform.launcher.core.EngineExecutionOrchestrator.execute(EngineExecutionOrchestrator.java:93), org.junit.platform.launcher.core.EngineExecutionOrchestrator.lambda$execute$0(EngineExecutionOrchestrator.java:58), org.junit.platform.launcher.core.EngineExecutionOrchestrator.withInterceptedStreams(EngineExecutionOrchestrator.java:141), org.junit.platform.launcher.core.EngineExecutionOrchestrator.execute(EngineExecutionOrchestrator.java:57), org.junit.platform.launcher.core.DefaultLauncher.execute(DefaultLauncher.java:103), org.junit.platform.launcher.core.DefaultLauncher.execute(DefaultLauncher.java:85), org.junit.platform.launcher.core.DelegatingLauncher.execute(DelegatingLauncher.java:47), org.apache.maven.surefire.junitplatform.LazyLauncher.execute(LazyLauncher.java:56), org.apache.maven.surefire.junitplatform.JUnitPlatformProvider.execute(JUnitPlatformProvider.java:184), org.apache.maven.surefire.junitplatform.JUnitPlatformProvider.invokeAllTests(JUnitPlatformProvider.java:148), org.apache.maven.surefire.junitplatform.JUnitPlatformProvider.invoke(JUnitPlatformProvider.java:122), org.apache.maven.surefire.booter.ForkedBooter.runSuitesInProcess(ForkedBooter.java:385), org.apache.maven.surefire.booter.ForkedBooter.execute(ForkedBooter.java:162), org.apache.maven.surefire.booter.ForkedBooter.run(ForkedBooter.java:507), org.apache.maven.surefire.booter.ForkedBooter.main(ForkedBooter.java:495)]
2024-05-14T15:58:42.262-06:00 TRACE 20484 --- [chatbot] [           main] oracle.ucp                               : :::throwing: null : [java.base/java.security.AccessController.doPrivileged(AccessController.java:575), oracle.ucp.common.ONSDriver.start(ONSDriver.java:86), oracle.ucp.common.Topology.onsDriver(Topology.java:530), oracle.ucp.common.CoreConnectionImpl.<init>(CoreConnectionImpl.java:109), oracle.ucp.common.CoreConnectionImpl.create(CoreConnectionImpl.java:75), oracle.ucp.common.Topology.start(Topology.java:322), oracle.ucp.common.Core.start(Core.java:2692), oracle.ucp.common.UniversalConnectionPoolBase.start(UniversalConnectionPoolBase.java:738), oracle.ucp.jdbc.oracle.OracleJDBCConnectionPool.start(OracleJDBCConnectionPool.java:133), oracle.ucp.jdbc.PoolDataSourceImpl.startPool(PoolDataSourceImpl.java:818), oracle.ucp.jdbc.PoolDataSourceImpl.getConnection(PoolDataSourceImpl.java:1855), oracle.ucp.jdbc.PoolDataSourceImpl.access$300(PoolDataSourceImpl.java:224), oracle.ucp.jdbc.PoolDataSourceImpl$3.build(PoolDataSourceImpl.java:4050), oracle.ucp.jdbc.PoolDataSourceImpl.getConnection(PoolDataSourceImpl.java:1822), oracle.ucp.jdbc.PoolDataSourceImpl.getConnection(PoolDataSourceImpl.java:1778), oracle.ucp.jdbc.PoolDataSourceImpl.getConnection(PoolDataSourceImpl.java:1764), org.hibernate.engine.jdbc.connections.internal.DatasourceConnectionProviderImpl.getConnection(DatasourceConnectionProviderImpl.java:122), org.hibernate.engine.jdbc.env.internal.JdbcEnvironmentInitiator$ConnectionProviderJdbcConnectionAccess.obtainConnection(JdbcEnvironmentInitiator.java:428), org.hibernate.resource.transaction.backend.jdbc.internal.JdbcIsolationDelegate.delegateWork(JdbcIsolationDelegate.java:61), org.hibernate.engine.jdbc.env.internal.JdbcEnvironmentInitiator.getJdbcEnvironmentUsingJdbcMetadata(JdbcEnvironmentInitiator.java:276), org.hibernate.engine.jdbc.env.internal.JdbcEnvironmentInitiator.initiateService(JdbcEnvironmentInitiator.java:107), org.hibernate.engine.jdbc.env.internal.JdbcEnvironmentInitiator.initiateService(JdbcEnvironmentInitiator.java:68), org.hibernate.boot.registry.internal.StandardServiceRegistryImpl.initiateService(StandardServiceRegistryImpl.java:130), org.hibernate.service.internal.AbstractServiceRegistryImpl.createService(AbstractServiceRegistryImpl.java:263), org.hibernate.service.internal.AbstractServiceRegistryImpl.initializeService(AbstractServiceRegistryImpl.java:238), org.hibernate.service.internal.AbstractServiceRegistryImpl.getService(AbstractServiceRegistryImpl.java:215), org.hibernate.boot.model.relational.Database.<init>(Database.java:45), org.hibernate.boot.internal.InFlightMetadataCollectorImpl.getDatabase(InFlightMetadataCollectorImpl.java:223), org.hibernate.boot.internal.InFlightMetadataCollectorImpl.<init>(InFlightMetadataCollectorImpl.java:191), org.hibernate.boot.model.process.spi.MetadataBuildingProcess.complete(MetadataBuildingProcess.java:170), org.hibernate.jpa.boot.internal.EntityManagerFactoryBuilderImpl.metadata(EntityManagerFactoryBuilderImpl.java:1432), org.hibernate.jpa.boot.internal.EntityManagerFactoryBuilderImpl.build(EntityManagerFactoryBuilderImpl.java:1503), org.springframework.orm.jpa.vendor.SpringHibernateJpaPersistenceProvider.createContainerEntityManagerFactory(SpringHibernateJpaPersistenceProvider.java:75), org.springframework.orm.jpa.LocalContainerEntityManagerFactoryBean.createNativeEntityManagerFactory(LocalContainerEntityManagerFactoryBean.java:390), org.springframework.orm.jpa.AbstractEntityManagerFactoryBean.buildNativeEntityManagerFactory(AbstractEntityManagerFactoryBean.java:409), org.springframework.orm.jpa.AbstractEntityManagerFactoryBean.afterPropertiesSet(AbstractEntityManagerFactoryBean.java:396), org.springframework.orm.jpa.LocalContainerEntityManagerFactoryBean.afterPropertiesSet(LocalContainerEntityManagerFactoryBean.java:366), org.springframework.beans.factory.support.AbstractAutowireCapableBeanFactory.invokeInitMethods(AbstractAutowireCapableBeanFactory.java:1833), org.springframework.beans.factory.support.AbstractAutowireCapableBeanFactory.initializeBean(AbstractAutowireCapableBeanFactory.java:1782), org.springframework.beans.factory.support.AbstractAutowireCapableBeanFactory.doCreateBean(AbstractAutowireCapableBeanFactory.java:600), org.springframework.beans.factory.support.AbstractAutowireCapableBeanFactory.createBean(AbstractAutowireCapableBeanFactory.java:522), org.springframework.beans.factory.support.AbstractBeanFactory.lambda$doGetBean$0(AbstractBeanFactory.java:326), org.springframework.beans.factory.support.DefaultSingletonBeanRegistry.getSingleton(DefaultSingletonBeanRegistry.java:234), org.springframework.beans.factory.support.AbstractBeanFactory.doGetBean(AbstractBeanFactory.java:324), org.springframework.beans.factory.support.AbstractBeanFactory.getBean(AbstractBeanFactory.java:200), org.springframework.context.support.AbstractApplicationContext.getBean(AbstractApplicationContext.java:1234), org.springframework.context.support.AbstractApplicationContext.finishBeanFactoryInitialization(AbstractApplicationContext.java:952), org.springframework.context.support.AbstractApplicationContext.refresh(AbstractApplicationContext.java:624), org.springframework.boot.SpringApplication.refresh(SpringApplication.java:754), org.springframework.boot.SpringApplication.refreshContext(SpringApplication.java:456), org.springframework.boot.SpringApplication.run(SpringApplication.java:334), org.springframework.boot.test.context.SpringBootContextLoader.lambda$loadContext$3(SpringBootContextLoader.java:137), org.springframework.util.function.ThrowingSupplier.get(ThrowingSupplier.java:58), org.springframework.util.function.ThrowingSupplier.get(ThrowingSupplier.java:46), org.springframework.boot.SpringApplication.withHook(SpringApplication.java:1454), org.springframework.boot.test.context.SpringBootContextLoader$ContextLoaderHook.run(SpringBootContextLoader.java:553), org.springframework.boot.test.context.SpringBootContextLoader.loadContext(SpringBootContextLoader.java:137), org.springframework.boot.test.context.SpringBootContextLoader.loadContext(SpringBootContextLoader.java:108), org.springframework.test.context.cache.DefaultCacheAwareContextLoaderDelegate.loadContextInternal(DefaultCacheAwareContextLoaderDelegate.java:225), org.springframework.test.context.cache.DefaultCacheAwareContextLoaderDelegate.loadContext(DefaultCacheAwareContextLoaderDelegate.java:152), org.springframework.test.context.support.DefaultTestContext.getApplicationContext(DefaultTestContext.java:130), org.springframework.test.context.web.ServletTestExecutionListener.setUpRequestContextIfNecessary(ServletTestExecutionListener.java:191), org.springframework.test.context.web.ServletTestExecutionListener.prepareTestInstance(ServletTestExecutionListener.java:130), org.springframework.test.context.TestContextManager.prepareTestInstance(TestContextManager.java:260), org.springframework.test.context.junit.jupiter.SpringExtension.postProcessTestInstance(SpringExtension.java:163), org.junit.jupiter.engine.descriptor.ClassBasedTestDescriptor.lambda$invokeTestInstancePostProcessors$10(ClassBasedTestDescriptor.java:378), org.junit.jupiter.engine.descriptor.ClassBasedTestDescriptor.executeAndMaskThrowable(ClassBasedTestDescriptor.java:383), org.junit.jupiter.engine.descriptor.ClassBasedTestDescriptor.lambda$invokeTestInstancePostProcessors$11(ClassBasedTestDescriptor.java:378), java.base/java.util.stream.ReferencePipeline$3$1.accept(ReferencePipeline.java:212), java.base/java.util.stream.ReferencePipeline$2$1.accept(ReferencePipeline.java:194), java.base/java.util.ArrayList$ArrayListSpliterator.forEachRemaining(ArrayList.java:1709), java.base/java.util.stream.AbstractPipeline.copyInto(AbstractPipeline.java:556), java.base/java.util.stream.AbstractPipeline.wrapAndCopyInto(AbstractPipeline.java:546), java.base/java.util.stream.StreamSpliterators$WrappingSpliterator.forEachRemaining(StreamSpliterators.java:310), java.base/java.util.stream.Streams$ConcatSpliterator.forEachRemaining(Streams.java:735), java.base/java.util.stream.Streams$ConcatSpliterator.forEachRemaining(Streams.java:734), java.base/java.util.stream.ReferencePipeline$Head.forEach(ReferencePipeline.java:782), org.junit.jupiter.engine.descriptor.ClassBasedTestDescriptor.invokeTestInstancePostProcessors(ClassBasedTestDescriptor.java:377), org.junit.jupiter.engine.descriptor.ClassBasedTestDescriptor.lambda$instantiateAndPostProcessTestInstance$6(ClassBasedTestDescriptor.java:290), org.junit.platform.engine.support.hierarchical.ThrowableCollector.execute(ThrowableCollector.java:73), org.junit.jupiter.engine.descriptor.ClassBasedTestDescriptor.instantiateAndPostProcessTestInstance(ClassBasedTestDescriptor.java:289), org.junit.jupiter.engine.descriptor.ClassBasedTestDescriptor.lambda$testInstancesProvider$4(ClassBasedTestDescriptor.java:279), java.base/java.util.Optional.orElseGet(Optional.java:364), org.junit.jupiter.engine.descriptor.ClassBasedTestDescriptor.lambda$testInstancesProvider$5(ClassBasedTestDescriptor.java:278), org.junit.jupiter.engine.execution.TestInstancesProvider.getTestInstances(TestInstancesProvider.java:31), org.junit.jupiter.engine.descriptor.TestMethodTestDescriptor.lambda$prepare$0(TestMethodTestDescriptor.java:106), org.junit.platform.engine.support.hierarchical.ThrowableCollector.execute(ThrowableCollector.java:73), org.junit.jupiter.engine.descriptor.TestMethodTestDescriptor.prepare(TestMethodTestDescriptor.java:105), org.junit.jupiter.engine.descriptor.TestMethodTestDescriptor.prepare(TestMethodTestDescriptor.java:69), org.junit.platform.engine.support.hierarchical.NodeTestTask.lambda$prepare$2(NodeTestTask.java:123), org.junit.platform.engine.support.hierarchical.ThrowableCollector.execute(ThrowableCollector.java:73), org.junit.platform.engine.support.hierarchical.NodeTestTask.prepare(NodeTestTask.java:123), org.junit.platform.engine.support.hierarchical.NodeTestTask.execute(NodeTestTask.java:90), java.base/java.util.ArrayList.forEach(ArrayList.java:1597), org.junit.platform.engine.support.hierarchical.SameThreadHierarchicalTestExecutorService.invokeAll(SameThreadHierarchicalTestExecutorService.java:41), org.junit.platform.engine.support.hierarchical.NodeTestTask.lambda$executeRecursively$6(NodeTestTask.java:155), org.junit.platform.engine.support.hierarchical.ThrowableCollector.execute(ThrowableCollector.java:73), org.junit.platform.engine.support.hierarchical.NodeTestTask.lambda$executeRecursively$8(NodeTestTask.java:141), org.junit.platform.engine.support.hierarchical.Node.around(Node.java:137), org.junit.platform.engine.support.hierarchical.NodeTestTask.lambda$executeRecursively$9(NodeTestTask.java:139), org.junit.platform.engine.support.hierarchical.ThrowableCollector.execute(ThrowableCollector.java:73), org.junit.platform.engine.support.hierarchical.NodeTestTask.executeRecursively(NodeTestTask.java:138), org.junit.platform.engine.support.hierarchical.NodeTestTask.execute(NodeTestTask.java:95), java.base/java.util.ArrayList.forEach(ArrayList.java:1597), org.junit.platform.engine.support.hierarchical.SameThreadHierarchicalTestExecutorService.invokeAll(SameThreadHierarchicalTestExecutorService.java:41), org.junit.platform.engine.support.hierarchical.NodeTestTask.lambda$executeRecursively$6(NodeTestTask.java:155), org.junit.platform.engine.support.hierarchical.ThrowableCollector.execute(ThrowableCollector.java:73), org.junit.platform.engine.support.hierarchical.NodeTestTask.lambda$executeRecursively$8(NodeTestTask.java:141), org.junit.platform.engine.support.hierarchical.Node.around(Node.java:137), org.junit.platform.engine.support.hierarchical.NodeTestTask.lambda$executeRecursively$9(NodeTestTask.java:139), org.junit.platform.engine.support.hierarchical.ThrowableCollector.execute(ThrowableCollector.java:73), org.junit.platform.engine.support.hierarchical.NodeTestTask.executeRecursively(NodeTestTask.java:138), org.junit.platform.engine.support.hierarchical.NodeTestTask.execute(NodeTestTask.java:95), org.junit.platform.engine.support.hierarchical.SameThreadHierarchicalTestExecutorService.submit(SameThreadHierarchicalTestExecutorService.java:35), org.junit.platform.engine.support.hierarchical.HierarchicalTestExecutor.execute(HierarchicalTestExecutor.java:57), org.junit.platform.engine.support.hierarchical.HierarchicalTestEngine.execute(HierarchicalTestEngine.java:54), org.junit.platform.launcher.core.EngineExecutionOrchestrator.execute(EngineExecutionOrchestrator.java:198), org.junit.platform.launcher.core.EngineExecutionOrchestrator.execute(EngineExecutionOrchestrator.java:169), org.junit.platform.launcher.core.EngineExecutionOrchestrator.execute(EngineExecutionOrchestrator.java:93), org.junit.platform.launcher.core.EngineExecutionOrchestrator.lambda$execute$0(EngineExecutionOrchestrator.java:58), org.junit.platform.launcher.core.EngineExecutionOrchestrator.withInterceptedStreams(EngineExecutionOrchestrator.java:141), org.junit.platform.launcher.core.EngineExecutionOrchestrator.execute(EngineExecutionOrchestrator.java:57), org.junit.platform.launcher.core.DefaultLauncher.execute(DefaultLauncher.java:103), org.junit.platform.launcher.core.DefaultLauncher.execute(DefaultLauncher.java:85), org.junit.platform.launcher.core.DelegatingLauncher.execute(DelegatingLauncher.java:47), org.apache.maven.surefire.junitplatform.LazyLauncher.execute(LazyLauncher.java:56), org.apache.maven.surefire.junitplatform.JUnitPlatformProvider.execute(JUnitPlatformProvider.java:184), org.apache.maven.surefire.junitplatform.JUnitPlatformProvider.invokeAllTests(JUnitPlatformProvider.java:148), org.apache.maven.surefire.junitplatform.JUnitPlatformProvider.invoke(JUnitPlatformProvider.java:122), org.apache.maven.surefire.booter.ForkedBooter.runSuitesInProcess(ForkedBooter.java:385), org.apache.maven.surefire.booter.ForkedBooter.execute(ForkedBooter.java:162), org.apache.maven.surefire.booter.ForkedBooter.run(ForkedBooter.java:507), org.apache.maven.surefire.booter.ForkedBooter.main(ForkedBooter.java:495)]
2024-05-14T15:58:42.262-06:00  WARN 20484 --- [chatbot] [           main] oracle.ucp                               : :::failed to start ONS with the following exception: [oracle.ucp.util.UCPErrorHandler.newUniversalConnectionPoolException(UCPErrorHandler.java:378), oracle.ucp.util.UCPErrorHandler.newUniversalConnectionPoolException(UCPErrorHandler.java:346), oracle.ucp.util.UCPErrorHandler.newUniversalConnectionPoolException(UCPErrorHandler.java:360), oracle.ucp.common.ONSDriver.start(ONSDriver.java:112), oracle.ucp.common.Topology.onsDriver(Topology.java:530), oracle.ucp.common.CoreConnectionImpl.<init>(CoreConnectionImpl.java:109), oracle.ucp.common.CoreConnectionImpl.create(CoreConnectionImpl.java:75), oracle.ucp.common.Topology.start(Topology.java:322), oracle.ucp.common.Core.start(Core.java:2692), oracle.ucp.common.UniversalConnectionPoolBase.start(UniversalConnectionPoolBase.java:738), oracle.ucp.jdbc.oracle.OracleJDBCConnectionPool.start(OracleJDBCConnectionPool.java:133), oracle.ucp.jdbc.PoolDataSourceImpl.startPool(PoolDataSourceImpl.java:818), oracle.ucp.jdbc.PoolDataSourceImpl.getConnection(PoolDataSourceImpl.java:1855), oracle.ucp.jdbc.PoolDataSourceImpl.access$300(PoolDataSourceImpl.java:224), oracle.ucp.jdbc.PoolDataSourceImpl$3.build(PoolDataSourceImpl.java:4050), oracle.ucp.jdbc.PoolDataSourceImpl.getConnection(PoolDataSourceImpl.java:1822), oracle.ucp.jdbc.PoolDataSourceImpl.getConnection(PoolDataSourceImpl.java:1778), oracle.ucp.jdbc.PoolDataSourceImpl.getConnection(PoolDataSourceImpl.java:1764), org.hibernate.engine.jdbc.connections.internal.DatasourceConnectionProviderImpl.getConnection(DatasourceConnectionProviderImpl.java:122), org.hibernate.engine.jdbc.env.internal.JdbcEnvironmentInitiator$ConnectionProviderJdbcConnectionAccess.obtainConnection(JdbcEnvironmentInitiator.java:428), org.hibernate.resource.transaction.backend.jdbc.internal.JdbcIsolationDelegate.delegateWork(JdbcIsolationDelegate.java:61), org.hibernate.engine.jdbc.env.internal.JdbcEnvironmentInitiator.getJdbcEnvironmentUsingJdbcMetadata(JdbcEnvironmentInitiator.java:276), org.hibernate.engine.jdbc.env.internal.JdbcEnvironmentInitiator.initiateService(JdbcEnvironmentInitiator.java:107), org.hibernate.engine.jdbc.env.internal.JdbcEnvironmentInitiator.initiateService(JdbcEnvironmentInitiator.java:68), org.hibernate.boot.registry.internal.StandardServiceRegistryImpl.initiateService(StandardServiceRegistryImpl.java:130), org.hibernate.service.internal.AbstractServiceRegistryImpl.createService(AbstractServiceRegistryImpl.java:263), org.hibernate.service.internal.AbstractServiceRegistryImpl.initializeService(AbstractServiceRegistryImpl.java:238), org.hibernate.service.internal.AbstractServiceRegistryImpl.getService(AbstractServiceRegistryImpl.java:215), org.hibernate.boot.model.relational.Database.<init>(Database.java:45), org.hibernate.boot.internal.InFlightMetadataCollectorImpl.getDatabase(InFlightMetadataCollectorImpl.java:223), org.hibernate.boot.internal.InFlightMetadataCollectorImpl.<init>(InFlightMetadataCollectorImpl.java:191), org.hibernate.boot.model.process.spi.MetadataBuildingProcess.complete(MetadataBuildingProcess.java:170), org.hibernate.jpa.boot.internal.EntityManagerFactoryBuilderImpl.metadata(EntityManagerFactoryBuilderImpl.java:1432), org.hibernate.jpa.boot.internal.EntityManagerFactoryBuilderImpl.build(EntityManagerFactoryBuilderImpl.java:1503), org.springframework.orm.jpa.vendor.SpringHibernateJpaPersistenceProvider.createContainerEntityManagerFactory(SpringHibernateJpaPersistenceProvider.java:75), org.springframework.orm.jpa.LocalContainerEntityManagerFactoryBean.createNativeEntityManagerFactory(LocalContainerEntityManagerFactoryBean.java:390), org.springframework.orm.jpa.AbstractEntityManagerFactoryBean.buildNativeEntityManagerFactory(AbstractEntityManagerFactoryBean.java:409), org.springframework.orm.jpa.AbstractEntityManagerFactoryBean.afterPropertiesSet(AbstractEntityManagerFactoryBean.java:396), org.springframework.orm.jpa.LocalContainerEntityManagerFactoryBean.afterPropertiesSet(LocalContainerEntityManagerFactoryBean.java:366), org.springframework.beans.factory.support.AbstractAutowireCapableBeanFactory.invokeInitMethods(AbstractAutowireCapableBeanFactory.java:1833), org.springframework.beans.factory.support.AbstractAutowireCapableBeanFactory.initializeBean(AbstractAutowireCapableBeanFactory.java:1782), org.springframework.beans.factory.support.AbstractAutowireCapableBeanFactory.doCreateBean(AbstractAutowireCapableBeanFactory.java:600), org.springframework.beans.factory.support.AbstractAutowireCapableBeanFactory.createBean(AbstractAutowireCapableBeanFactory.java:522), org.springframework.beans.factory.support.AbstractBeanFactory.lambda$doGetBean$0(AbstractBeanFactory.java:326), org.springframework.beans.factory.support.DefaultSingletonBeanRegistry.getSingleton(DefaultSingletonBeanRegistry.java:234), org.springframework.beans.factory.support.AbstractBeanFactory.doGetBean(AbstractBeanFactory.java:324), org.springframework.beans.factory.support.AbstractBeanFactory.getBean(AbstractBeanFactory.java:200), org.springframework.context.support.AbstractApplicationContext.getBean(AbstractApplicationContext.java:1234), org.springframework.context.support.AbstractApplicationContext.finishBeanFactoryInitialization(AbstractApplicationContext.java:952), org.springframework.context.support.AbstractApplicationContext.refresh(AbstractApplicationContext.java:624), org.springframework.boot.SpringApplication.refresh(SpringApplication.java:754), org.springframework.boot.SpringApplication.refreshContext(SpringApplication.java:456), org.springframework.boot.SpringApplication.run(SpringApplication.java:334), org.springframework.boot.test.context.SpringBootContextLoader.lambda$loadContext$3(SpringBootContextLoader.java:137), org.springframework.util.function.ThrowingSupplier.get(ThrowingSupplier.java:58), org.springframework.util.function.ThrowingSupplier.get(ThrowingSupplier.java:46), org.springframework.boot.SpringApplication.withHook(SpringApplication.java:1454), org.springframework.boot.test.context.SpringBootContextLoader$ContextLoaderHook.run(SpringBootContextLoader.java:553), org.springframework.boot.test.context.SpringBootContextLoader.loadContext(SpringBootContextLoader.java:137), org.springframework.boot.test.context.SpringBootContextLoader.loadContext(SpringBootContextLoader.java:108), org.springframework.test.context.cache.DefaultCacheAwareContextLoaderDelegate.loadContextInternal(DefaultCacheAwareContextLoaderDelegate.java:225), org.springframework.test.context.cache.DefaultCacheAwareContextLoaderDelegate.loadContext(DefaultCacheAwareContextLoaderDelegate.java:152), org.springframework.test.context.support.DefaultTestContext.getApplicationContext(DefaultTestContext.java:130), org.springframework.test.context.web.ServletTestExecutionListener.setUpRequestContextIfNecessary(ServletTestExecutionListener.java:191), org.springframework.test.context.web.ServletTestExecutionListener.prepareTestInstance(ServletTestExecutionListener.java:130), org.springframework.test.context.TestContextManager.prepareTestInstance(TestContextManager.java:260), org.springframework.test.context.junit.jupiter.SpringExtension.postProcessTestInstance(SpringExtension.java:163), org.junit.jupiter.engine.descriptor.ClassBasedTestDescriptor.lambda$invokeTestInstancePostProcessors$10(ClassBasedTestDescriptor.java:378), org.junit.jupiter.engine.descriptor.ClassBasedTestDescriptor.executeAndMaskThrowable(ClassBasedTestDescriptor.java:383), org.junit.jupiter.engine.descriptor.ClassBasedTestDescriptor.lambda$invokeTestInstancePostProcessors$11(ClassBasedTestDescriptor.java:378), java.base/java.util.stream.ReferencePipeline$3$1.accept(ReferencePipeline.java:212), java.base/java.util.stream.ReferencePipeline$2$1.accept(ReferencePipeline.java:194), java.base/java.util.ArrayList$ArrayListSpliterator.forEachRemaining(ArrayList.java:1709), java.base/java.util.stream.AbstractPipeline.copyInto(AbstractPipeline.java:556), java.base/java.util.stream.AbstractPipeline.wrapAndCopyInto(AbstractPipeline.java:546), java.base/java.util.stream.StreamSpliterators$WrappingSpliterator.forEachRemaining(StreamSpliterators.java:310), java.base/java.util.stream.Streams$ConcatSpliterator.forEachRemaining(Streams.java:735), java.base/java.util.stream.Streams$ConcatSpliterator.forEachRemaining(Streams.java:734), java.base/java.util.stream.ReferencePipeline$Head.forEach(ReferencePipeline.java:782), org.junit.jupiter.engine.descriptor.ClassBasedTestDescriptor.invokeTestInstancePostProcessors(ClassBasedTestDescriptor.java:377), org.junit.jupiter.engine.descriptor.ClassBasedTestDescriptor.lambda$instantiateAndPostProcessTestInstance$6(ClassBasedTestDescriptor.java:290), org.junit.platform.engine.support.hierarchical.ThrowableCollector.execute(ThrowableCollector.java:73), org.junit.jupiter.engine.descriptor.ClassBasedTestDescriptor.instantiateAndPostProcessTestInstance(ClassBasedTestDescriptor.java:289), org.junit.jupiter.engine.descriptor.ClassBasedTestDescriptor.lambda$testInstancesProvider$4(ClassBasedTestDescriptor.java:279), java.base/java.util.Optional.orElseGet(Optional.java:364), org.junit.jupiter.engine.descriptor.ClassBasedTestDescriptor.lambda$testInstancesProvider$5(ClassBasedTestDescriptor.java:278), org.junit.jupiter.engine.execution.TestInstancesProvider.getTestInstances(TestInstancesProvider.java:31), org.junit.jupiter.engine.descriptor.TestMethodTestDescriptor.lambda$prepare$0(TestMethodTestDescriptor.java:106), org.junit.platform.engine.support.hierarchical.ThrowableCollector.execute(ThrowableCollector.java:73), org.junit.jupiter.engine.descriptor.TestMethodTestDescriptor.prepare(TestMethodTestDescriptor.java:105), org.junit.jupiter.engine.descriptor.TestMethodTestDescriptor.prepare(TestMethodTestDescriptor.java:69), org.junit.platform.engine.support.hierarchical.NodeTestTask.lambda$prepare$2(NodeTestTask.java:123), org.junit.platform.engine.support.hierarchical.ThrowableCollector.execute(ThrowableCollector.java:73), org.junit.platform.engine.support.hierarchical.NodeTestTask.prepare(NodeTestTask.java:123), org.junit.platform.engine.support.hierarchical.NodeTestTask.execute(NodeTestTask.java:90), java.base/java.util.ArrayList.forEach(ArrayList.java:1597), org.junit.platform.engine.support.hierarchical.SameThreadHierarchicalTestExecutorService.invokeAll(SameThreadHierarchicalTestExecutorService.java:41), org.junit.platform.engine.support.hierarchical.NodeTestTask.lambda$executeRecursively$6(NodeTestTask.java:155), org.junit.platform.engine.support.hierarchical.ThrowableCollector.execute(ThrowableCollector.java:73), org.junit.platform.engine.support.hierarchical.NodeTestTask.lambda$executeRecursively$8(NodeTestTask.java:141), org.junit.platform.engine.support.hierarchical.Node.around(Node.java:137), org.junit.platform.engine.support.hierarchical.NodeTestTask.lambda$executeRecursively$9(NodeTestTask.java:139), org.junit.platform.engine.support.hierarchical.ThrowableCollector.execute(ThrowableCollector.java:73), org.junit.platform.engine.support.hierarchical.NodeTestTask.executeRecursively(NodeTestTask.java:138), org.junit.platform.engine.support.hierarchical.NodeTestTask.execute(NodeTestTask.java:95), java.base/java.util.ArrayList.forEach(ArrayList.java:1597), org.junit.platform.engine.support.hierarchical.SameThreadHierarchicalTestExecutorService.invokeAll(SameThreadHierarchicalTestExecutorService.java:41), org.junit.platform.engine.support.hierarchical.NodeTestTask.lambda$executeRecursively$6(NodeTestTask.java:155), org.junit.platform.engine.support.hierarchical.ThrowableCollector.execute(ThrowableCollector.java:73), org.junit.platform.engine.support.hierarchical.NodeTestTask.lambda$executeRecursively$8(NodeTestTask.java:141), org.junit.platform.engine.support.hierarchical.Node.around(Node.java:137), org.junit.platform.engine.support.hierarchical.NodeTestTask.lambda$executeRecursively$9(NodeTestTask.java:139), org.junit.platform.engine.support.hierarchical.ThrowableCollector.execute(ThrowableCollector.java:73), org.junit.platform.engine.support.hierarchical.NodeTestTask.executeRecursively(NodeTestTask.java:138), org.junit.platform.engine.support.hierarchical.NodeTestTask.execute(NodeTestTask.java:95), org.junit.platform.engine.support.hierarchical.SameThreadHierarchicalTestExecutorService.submit(SameThreadHierarchicalTestExecutorService.java:35), org.junit.platform.engine.support.hierarchical.HierarchicalTestExecutor.execute(HierarchicalTestExecutor.java:57), org.junit.platform.engine.support.hierarchical.HierarchicalTestEngine.execute(HierarchicalTestEngine.java:54), org.junit.platform.launcher.core.EngineExecutionOrchestrator.execute(EngineExecutionOrchestrator.java:198), org.junit.platform.launcher.core.EngineExecutionOrchestrator.execute(EngineExecutionOrchestrator.java:169), org.junit.platform.launcher.core.EngineExecutionOrchestrator.execute(EngineExecutionOrchestrator.java:93), org.junit.platform.launcher.core.EngineExecutionOrchestrator.lambda$execute$0(EngineExecutionOrchestrator.java:58), org.junit.platform.launcher.core.EngineExecutionOrchestrator.withInterceptedStreams(EngineExecutionOrchestrator.java:141), org.junit.platform.launcher.core.EngineExecutionOrchestrator.execute(EngineExecutionOrchestrator.java:57), org.junit.platform.launcher.core.DefaultLauncher.execute(DefaultLauncher.java:103), org.junit.platform.launcher.core.DefaultLauncher.execute(DefaultLauncher.java:85), org.junit.platform.launcher.core.DelegatingLauncher.execute(DelegatingLauncher.java:47), org.apache.maven.surefire.junitplatform.LazyLauncher.execute(LazyLauncher.java:56), org.apache.maven.surefire.junitplatform.JUnitPlatformProvider.execute(JUnitPlatformProvider.java:184), org.apache.maven.surefire.junitplatform.JUnitPlatformProvider.invokeAllTests(JUnitPlatformProvider.java:148), org.apache.maven.surefire.junitplatform.JUnitPlatformProvider.invoke(JUnitPlatformProvider.java:122), org.apache.maven.surefire.booter.ForkedBooter.runSuitesInProcess(ForkedBooter.java:385), org.apache.maven.surefire.booter.ForkedBooter.execute(ForkedBooter.java:162), org.apache.maven.surefire.booter.ForkedBooter.run(ForkedBooter.java:507), org.apache.maven.surefire.booter.ForkedBooter.main(ForkedBooter.java:495)]
2024-05-14T15:58:42.262-06:00 TRACE 20484 --- [chatbot] [           main] oracle.ucp                               : :::attempted to start ONS
2024-05-14T15:58:42.277-06:00 TRACE 20484 --- [chatbot] [           main] oracle.ucp                               : :::created: (borrowed=0, total=1), (service=g63a298bdb9a5e8_equipo4chatbotdb_medium.adb.oraclecloud.com, borrowed=0, total=1), (serviceMember:[fceoe9ye2,db=fceoe9ye,service=g63a298bdb9a5e8_equipo4chatbotdb_medium.adb.oraclecloud.com,host=fce2pod-oe9ye2:(activeCount:1,borrowedCount:0,active:true,aff=true,violating=false,id=0)])
2024-05-14T15:58:42.277-06:00 TRACE 20484 --- [chatbot] [           main] oracle.ucp                               : :::clock signaled
2024-05-14T15:58:42.277-06:00 TRACE 20484 --- [chatbot] [      UCP Clock] oracle.ucp                               : :::clock thread woke up
2024-05-14T15:58:42.277-06:00 TRACE 20484 --- [chatbot] [           main] oracle.ucp                               : :::Invoked isDRCPEnabled Successfully
2024-05-14T15:58:42.277-06:00 TRACE 20484 --- [chatbot] [           main] oracle.ucp                               : :::conn=oracle.ucp.common.CoreConnectionImpl@3adde4ea
2024-05-14T15:58:42.294-06:00 TRACE 20484 --- [chatbot] [           main] oracle.ucp                               : :::launching init thread
2024-05-14T15:58:42.294-06:00 TRACE 20484 --- [chatbot] [           main] oracle.ucp                               : :::create:  cri=user=ChatbotDbAdmin, password=********, labels={}, Service Name =g63a298bdb9a5e8_equipo4chatbotdb_medium.adb.oraclecloud.com, createModes=[USE_BEST_INSTANCE], timeToRetry=1000
2024-05-14T15:58:42.294-06:00 TRACE 20484 --- [chatbot] [           main] oracle.ucp                               : :::about to do cycle of retries: timeToRetry=1000, now=1715723922277, giveUp=1715723923277
2024-05-14T15:58:42.294-06:00 TRACE 20484 --- [chatbot] [           main] oracle.ucp                               : :::waiting for broker's appointment: interval=0
2024-05-14T15:58:42.294-06:00 TRACE 20484 --- [chatbot] [           main] oracle.ucp                               : :::got an appointment for connection creation re-attempt
2024-05-14T15:58:42.294-06:00 TRACE 20484 --- [chatbot] [           main] oracle.ucp                               : :::about to create a connection
2024-05-14T15:58:42.294-06:00 TRACE 20484 --- [chatbot] [           main] oracle.ucp                               : :::targetInst=null
2024-05-14T15:58:42.294-06:00 TRACE 20484 --- [chatbot] [           main] oracle.ucp                               : :::instances=[fceoe9ye2,db=fceoe9ye,service=g63a298bdb9a5e8_equipo4chatbotdb_medium.adb.oraclecloud.com,host=fce2pod-oe9ye2:(activeCount:1,borrowedCount:0,active:true,aff=true,violating=false,id=0)]
2024-05-14T15:58:42.294-06:00 TRACE 20484 --- [chatbot] [           main] oracle.ucp                               : :::about to make an attempt to create a connection
2024-05-14T15:58:42.294-06:00 TRACE 20484 --- [chatbot] [           main] oracle.ucp                               : :::about to create connection to the instance null
2024-05-14T15:58:43.858-06:00 TRACE 20484 --- [chatbot] [      UCP Clock] oracle.ucp                               : :::clock thread about to wait
2024-05-14T15:58:45.296-06:00 TRACE 20484 --- [chatbot] [           main] oracle.ucp                               : :::clock signaled
2024-05-14T15:58:45.296-06:00 TRACE 20484 --- [chatbot] [      UCP Clock] oracle.ucp                               : :::clock thread woke up
2024-05-14T15:58:45.296-06:00 TRACE 20484 --- [chatbot] [           main] oracle.ucp                               : :::instance start time string: 2024-05-04 05:21:47 GMT-06:00
2024-05-14T15:58:45.296-06:00 TRACE 20484 --- [chatbot] [           main] oracle.ucp                               : :::connectionFailoverEnabled: true
2024-05-14T15:58:45.296-06:00 TRACE 20484 --- [chatbot] [           main] oracle.ucp                               : :::about to create: (borrowed=0, total=1), (service=g63a298bdb9a5e8_equipo4chatbotdb_medium.adb.oraclecloud.com, borrowed=0, total=1), (serviceMember:[fceoe9ye2,db=fceoe9ye,service=g63a298bdb9a5e8_equipo4chatbotdb_medium.adb.oraclecloud.com,host=fce2pod-oe9ye2:(activeCount:1,borrowedCount:0,active:true,aff=true,violating=false,id=0)])
2024-05-14T15:58:45.421-06:00 TRACE 20484 --- [chatbot] [           main] oracle.ucp                               : :::failover enabled - about to start ONS
2024-05-14T15:58:45.421-06:00 TRACE 20484 --- [chatbot] [           main] oracle.ucp                               : :::attempted to start ONS
2024-05-14T15:58:45.421-06:00 TRACE 20484 --- [chatbot] [           main] oracle.ucp                               : :::created: (borrowed=0, total=2), (service=g63a298bdb9a5e8_equipo4chatbotdb_medium.adb.oraclecloud.com, borrowed=0, total=2), (serviceMember:[fceoe9ye2,db=fceoe9ye,service=g63a298bdb9a5e8_equipo4chatbotdb_medium.adb.oraclecloud.com,host=fce2pod-oe9ye2:(activeCount:2,borrowedCount:0,active:true,aff=true,violating=false,id=0)])
2024-05-14T15:58:45.421-06:00 TRACE 20484 --- [chatbot] [           main] oracle.ucp                               : :::oracle.ucp.common.CoreConnectionImpl@4a0c512b created
2024-05-14T15:58:45.421-06:00 TRACE 20484 --- [chatbot] [           main] oracle.ucp                               : :::made operable: broker=recentAttemptTimestamp=0, retryInterval=0
2024-05-14T15:58:45.421-06:00 TRACE 20484 --- [chatbot] [           main] oracle.ucp                               : :::created:  cri=user=ChatbotDbAdmin, password=********, labels={}, Service Name =g63a298bdb9a5e8_equipo4chatbotdb_medium.adb.oraclecloud.com, createModes=[USE_BEST_INSTANCE], timeToRetry=1000, createdUpc=oracle.ucp.common.CoreConnectionImpl@4a0c512b
2024-05-14T15:58:45.437-06:00 TRACE 20484 --- [chatbot] [           main] oracle.ucp                               : :::connection oracle.ucp.common.CoreConnectionImpl@4a0c512b successfully created
2024-05-14T15:58:45.437-06:00 TRACE 20484 --- [chatbot] [           main] oracle.ucp                               : :::initPoolSize=4, maxInitThreads=4, initThreads=4
2024-05-14T15:58:45.437-06:00 TRACE 20484 --- [chatbot] [worker-thread-1] oracle.ucp                               : :::launching init thread
2024-05-14T15:58:45.437-06:00 TRACE 20484 --- [chatbot] [worker-thread-1] oracle.ucp                               : :::create:  cri=user=ChatbotDbAdmin, password=********, labels={}, Service Name =g63a298bdb9a5e8_equipo4chatbotdb_medium.adb.oraclecloud.com, createModes=[USE_BEST_INSTANCE], timeToRetry=1000
2024-05-14T15:58:45.437-06:00 TRACE 20484 --- [chatbot] [worker-thread-1] oracle.ucp                               : :::about to do cycle of retries: timeToRetry=1000, now=1715723925416, giveUp=1715723926416
2024-05-14T15:58:45.437-06:00 TRACE 20484 --- [chatbot] [worker-thread-1] oracle.ucp                               : :::waiting for broker's appointment: interval=0
2024-05-14T15:58:45.437-06:00 TRACE 20484 --- [chatbot] [worker-thread-2] oracle.ucp                               : :::launching init thread
2024-05-14T15:58:45.437-06:00 TRACE 20484 --- [chatbot] [worker-thread-1] oracle.ucp                               : :::got an appointment for connection creation re-attempt
2024-05-14T15:58:45.437-06:00 TRACE 20484 --- [chatbot] [worker-thread-2] oracle.ucp                               : :::create:  cri=user=ChatbotDbAdmin, password=********, labels={}, Service Name =g63a298bdb9a5e8_equipo4chatbotdb_medium.adb.oraclecloud.com, createModes=[USE_BEST_INSTANCE], timeToRetry=1000
2024-05-14T15:58:45.437-06:00 TRACE 20484 --- [chatbot] [worker-thread-1] oracle.ucp                               : :::about to create a connection
2024-05-14T15:58:45.437-06:00 TRACE 20484 --- [chatbot] [worker-thread-2] oracle.ucp                               : :::about to do cycle of retries: timeToRetry=1000, now=1715723925416, giveUp=1715723926416
2024-05-14T15:58:45.437-06:00 TRACE 20484 --- [chatbot] [worker-thread-1] oracle.ucp                               : :::targetInst=null
2024-05-14T15:58:45.437-06:00 TRACE 20484 --- [chatbot] [worker-thread-2] oracle.ucp                               : :::waiting for broker's appointment: interval=0
2024-05-14T15:58:45.437-06:00 TRACE 20484 --- [chatbot] [worker-thread-1] oracle.ucp                               : :::instances=[fceoe9ye2,db=fceoe9ye,service=g63a298bdb9a5e8_equipo4chatbotdb_medium.adb.oraclecloud.com,host=fce2pod-oe9ye2:(activeCount:2,borrowedCount:0,active:true,aff=true,violating=false,id=0)]
2024-05-14T15:58:45.437-06:00 TRACE 20484 --- [chatbot] [worker-thread-2] oracle.ucp                               : :::got an appointment for connection creation re-attempt
2024-05-14T15:58:45.437-06:00 TRACE 20484 --- [chatbot] [worker-thread-1] oracle.ucp                               : :::about to make an attempt to create a connection
2024-05-14T15:58:45.437-06:00 TRACE 20484 --- [chatbot] [worker-thread-2] oracle.ucp                               : :::about to create a connection
2024-05-14T15:58:45.437-06:00 TRACE 20484 --- [chatbot] [worker-thread-1] oracle.ucp                               : :::about to create connection to the instance null
2024-05-14T15:58:45.437-06:00 TRACE 20484 --- [chatbot] [worker-thread-2] oracle.ucp                               : :::targetInst=null
2024-05-14T15:58:45.437-06:00 TRACE 20484 --- [chatbot] [worker-thread-2] oracle.ucp                               : :::instances=[fceoe9ye2,db=fceoe9ye,service=g63a298bdb9a5e8_equipo4chatbotdb_medium.adb.oraclecloud.com,host=fce2pod-oe9ye2:(activeCount:2,borrowedCount:0,active:true,aff=true,violating=false,id=0)]
2024-05-14T15:58:45.437-06:00 TRACE 20484 --- [chatbot] [worker-thread-2] oracle.ucp                               : :::about to make an attempt to create a connection
2024-05-14T15:58:45.437-06:00 TRACE 20484 --- [chatbot] [worker-thread-2] oracle.ucp                               : :::about to create connection to the instance null
2024-05-14T15:58:47.188-06:00 TRACE 20484 --- [chatbot] [      UCP Clock] oracle.ucp                               : :::clock thread about to wait
2024-05-14T15:58:48.317-06:00 TRACE 20484 --- [chatbot] [worker-thread-1] oracle.ucp                               : :::clock signaled
2024-05-14T15:58:48.317-06:00 TRACE 20484 --- [chatbot] [      UCP Clock] oracle.ucp                               : :::clock thread woke up
2024-05-14T15:58:48.317-06:00 TRACE 20484 --- [chatbot] [worker-thread-1] oracle.ucp                               : :::instance start time string: 2024-05-04 05:21:47 GMT-06:00
2024-05-14T15:58:48.318-06:00 TRACE 20484 --- [chatbot] [worker-thread-1] oracle.ucp                               : :::connectionFailoverEnabled: true
2024-05-14T15:58:48.318-06:00 TRACE 20484 --- [chatbot] [worker-thread-1] oracle.ucp                               : :::about to create: (borrowed=0, total=2), (service=g63a298bdb9a5e8_equipo4chatbotdb_medium.adb.oraclecloud.com, borrowed=0, total=2), (serviceMember:[fceoe9ye2,db=fceoe9ye,service=g63a298bdb9a5e8_equipo4chatbotdb_medium.adb.oraclecloud.com,host=fce2pod-oe9ye2:(activeCount:2,borrowedCount:0,active:true,aff=true,violating=false,id=0)])
2024-05-14T15:58:48.485-06:00 TRACE 20484 --- [chatbot] [worker-thread-1] oracle.ucp                               : :::failover enabled - about to start ONS
2024-05-14T15:58:48.485-06:00 TRACE 20484 --- [chatbot] [worker-thread-1] oracle.ucp                               : :::attempted to start ONS
2024-05-14T15:58:48.485-06:00 TRACE 20484 --- [chatbot] [worker-thread-1] oracle.ucp                               : :::created: (borrowed=0, total=3), (service=g63a298bdb9a5e8_equipo4chatbotdb_medium.adb.oraclecloud.com, borrowed=0, total=3), (serviceMember:[fceoe9ye2,db=fceoe9ye,service=g63a298bdb9a5e8_equipo4chatbotdb_medium.adb.oraclecloud.com,host=fce2pod-oe9ye2:(activeCount:3,borrowedCount:0,active:true,aff=true,violating=false,id=0)])
2024-05-14T15:58:48.485-06:00 TRACE 20484 --- [chatbot] [worker-thread-1] oracle.ucp                               : :::oracle.ucp.common.CoreConnectionImpl@b172a39 created
2024-05-14T15:58:48.485-06:00 TRACE 20484 --- [chatbot] [worker-thread-1] oracle.ucp                               : :::made operable: broker=recentAttemptTimestamp=0, retryInterval=0
2024-05-14T15:58:48.485-06:00 TRACE 20484 --- [chatbot] [worker-thread-1] oracle.ucp                               : :::created:  cri=user=ChatbotDbAdmin, password=********, labels={}, Service Name =g63a298bdb9a5e8_equipo4chatbotdb_medium.adb.oraclecloud.com, createModes=[USE_BEST_INSTANCE], timeToRetry=1000, createdUpc=oracle.ucp.common.CoreConnectionImpl@b172a39
2024-05-14T15:58:48.485-06:00 TRACE 20484 --- [chatbot] [worker-thread-1] oracle.ucp                               : :::connection oracle.ucp.common.CoreConnectionImpl@b172a39 successfully created
2024-05-14T15:58:48.485-06:00 TRACE 20484 --- [chatbot] [worker-thread-1] oracle.ucp                               : :::create:  cri=user=ChatbotDbAdmin, password=********, labels={}, Service Name =g63a298bdb9a5e8_equipo4chatbotdb_medium.adb.oraclecloud.com, createModes=[USE_BEST_INSTANCE], timeToRetry=1000
2024-05-14T15:58:48.485-06:00 TRACE 20484 --- [chatbot] [worker-thread-1] oracle.ucp                               : :::about to do cycle of retries: timeToRetry=1000, now=1715723928467, giveUp=1715723929467
2024-05-14T15:58:48.485-06:00 TRACE 20484 --- [chatbot] [worker-thread-1] oracle.ucp                               : :::waiting for broker's appointment: interval=0
2024-05-14T15:58:48.485-06:00 TRACE 20484 --- [chatbot] [worker-thread-1] oracle.ucp                               : :::got an appointment for connection creation re-attempt
2024-05-14T15:58:48.485-06:00 TRACE 20484 --- [chatbot] [worker-thread-1] oracle.ucp                               : :::about to create a connection
2024-05-14T15:58:48.485-06:00 TRACE 20484 --- [chatbot] [worker-thread-1] oracle.ucp                               : :::targetInst=null
2024-05-14T15:58:48.485-06:00 TRACE 20484 --- [chatbot] [worker-thread-1] oracle.ucp                               : :::instances=[fceoe9ye2,db=fceoe9ye,service=g63a298bdb9a5e8_equipo4chatbotdb_medium.adb.oraclecloud.com,host=fce2pod-oe9ye2:(activeCount:3,borrowedCount:0,active:true,aff=true,violating=false,id=0)]
2024-05-14T15:58:48.485-06:00 TRACE 20484 --- [chatbot] [worker-thread-1] oracle.ucp                               : :::about to make an attempt to create a connection
2024-05-14T15:58:48.485-06:00 TRACE 20484 --- [chatbot] [worker-thread-1] oracle.ucp                               : :::about to create connection to the instance null
2024-05-14T15:58:49.361-06:00 TRACE 20484 --- [chatbot] [worker-thread-2] oracle.ucp                               : :::instance start time string: 2024-05-04 05:21:47 GMT-06:00
2024-05-14T15:58:49.361-06:00 TRACE 20484 --- [chatbot] [worker-thread-2] oracle.ucp                               : :::connectionFailoverEnabled: true
2024-05-14T15:58:49.361-06:00 TRACE 20484 --- [chatbot] [worker-thread-2] oracle.ucp                               : :::about to create: (borrowed=0, total=3), (service=g63a298bdb9a5e8_equipo4chatbotdb_medium.adb.oraclecloud.com, borrowed=0, total=3), (serviceMember:[fceoe9ye2,db=fceoe9ye,service=g63a298bdb9a5e8_equipo4chatbotdb_medium.adb.oraclecloud.com,host=fce2pod-oe9ye2:(activeCount:3,borrowedCount:0,active:true,aff=true,violating=false,id=0)])
2024-05-14T15:58:49.502-06:00 TRACE 20484 --- [chatbot] [worker-thread-2] oracle.ucp                               : :::failover enabled - about to start ONS
2024-05-14T15:58:49.502-06:00 TRACE 20484 --- [chatbot] [worker-thread-2] oracle.ucp                               : :::attempted to start ONS
2024-05-14T15:58:49.502-06:00 TRACE 20484 --- [chatbot] [worker-thread-2] oracle.ucp                               : :::created: (borrowed=0, total=4), (service=g63a298bdb9a5e8_equipo4chatbotdb_medium.adb.oraclecloud.com, borrowed=0, total=4), (serviceMember:[fceoe9ye2,db=fceoe9ye,service=g63a298bdb9a5e8_equipo4chatbotdb_medium.adb.oraclecloud.com,host=fce2pod-oe9ye2:(activeCount:4,borrowedCount:0,active:true,aff=true,violating=false,id=0)])
2024-05-14T15:58:49.517-06:00 TRACE 20484 --- [chatbot] [worker-thread-2] oracle.ucp                               : :::oracle.ucp.common.CoreConnectionImpl@78752099 created
2024-05-14T15:58:49.517-06:00 TRACE 20484 --- [chatbot] [worker-thread-2] oracle.ucp                               : :::made operable: broker=recentAttemptTimestamp=0, retryInterval=0
2024-05-14T15:58:49.517-06:00 TRACE 20484 --- [chatbot] [worker-thread-2] oracle.ucp                               : :::created:  cri=user=ChatbotDbAdmin, password=********, labels={}, Service Name =g63a298bdb9a5e8_equipo4chatbotdb_medium.adb.oraclecloud.com, createModes=[USE_BEST_INSTANCE], timeToRetry=1000, createdUpc=oracle.ucp.common.CoreConnectionImpl@78752099
2024-05-14T15:58:49.517-06:00 TRACE 20484 --- [chatbot] [worker-thread-2] oracle.ucp                               : :::connection oracle.ucp.common.CoreConnectionImpl@78752099 successfully created
2024-05-14T15:58:49.517-06:00 TRACE 20484 --- [chatbot] [worker-thread-2] oracle.ucp                               : :::launching init thread
2024-05-14T15:58:49.517-06:00 TRACE 20484 --- [chatbot] [worker-thread-2] oracle.ucp                               : :::launching init thread
2024-05-14T15:58:51.145-06:00 TRACE 20484 --- [chatbot] [      UCP Clock] oracle.ucp                               : :::clock thread about to wait
2024-05-14T15:58:51.145-06:00 TRACE 20484 --- [chatbot] [worker-thread-1] oracle.ucp                               : :::clock signaled
2024-05-14T15:58:51.145-06:00 TRACE 20484 --- [chatbot] [      UCP Clock] oracle.ucp                               : :::clock thread woke up
2024-05-14T15:58:51.145-06:00 TRACE 20484 --- [chatbot] [worker-thread-1] oracle.ucp                               : :::instance start time string: 2024-05-04 05:21:47 GMT-06:00
2024-05-14T15:58:51.145-06:00 TRACE 20484 --- [chatbot] [worker-thread-1] oracle.ucp                               : :::connectionFailoverEnabled: true
2024-05-14T15:58:51.145-06:00 TRACE 20484 --- [chatbot] [worker-thread-1] oracle.ucp                               : :::about to create: (borrowed=0, total=4), (service=g63a298bdb9a5e8_equipo4chatbotdb_medium.adb.oraclecloud.com, borrowed=0, total=4), (serviceMember:[fceoe9ye2,db=fceoe9ye,service=g63a298bdb9a5e8_equipo4chatbotdb_medium.adb.oraclecloud.com,host=fce2pod-oe9ye2:(activeCount:4,borrowedCount:0,active:true,aff=true,violating=false,id=0)])
2024-05-14T15:58:51.349-06:00 TRACE 20484 --- [chatbot] [worker-thread-1] oracle.ucp                               : :::failover enabled - about to start ONS
2024-05-14T15:58:51.349-06:00 TRACE 20484 --- [chatbot] [worker-thread-1] oracle.ucp                               : :::attempted to start ONS
2024-05-14T15:58:51.349-06:00 TRACE 20484 --- [chatbot] [worker-thread-1] oracle.ucp                               : :::created: (borrowed=0, total=5), (service=g63a298bdb9a5e8_equipo4chatbotdb_medium.adb.oraclecloud.com, borrowed=0, total=5), (serviceMember:[fceoe9ye2,db=fceoe9ye,service=g63a298bdb9a5e8_equipo4chatbotdb_medium.adb.oraclecloud.com,host=fce2pod-oe9ye2:(activeCount:5,borrowedCount:0,active:true,aff=true,violating=false,id=0)])
2024-05-14T15:58:51.349-06:00 TRACE 20484 --- [chatbot] [worker-thread-1] oracle.ucp                               : :::oracle.ucp.common.CoreConnectionImpl@5678ab1a created
2024-05-14T15:58:51.349-06:00 TRACE 20484 --- [chatbot] [worker-thread-1] oracle.ucp                               : :::made operable: broker=recentAttemptTimestamp=0, retryInterval=0
2024-05-14T15:58:51.349-06:00 TRACE 20484 --- [chatbot] [worker-thread-1] oracle.ucp                               : :::created:  cri=user=ChatbotDbAdmin, password=********, labels={}, Service Name =g63a298bdb9a5e8_equipo4chatbotdb_medium.adb.oraclecloud.com, createModes=[USE_BEST_INSTANCE], timeToRetry=1000, createdUpc=oracle.ucp.common.CoreConnectionImpl@5678ab1a
2024-05-14T15:58:51.349-06:00 TRACE 20484 --- [chatbot] [worker-thread-1] oracle.ucp                               : :::connection oracle.ucp.common.CoreConnectionImpl@5678ab1a successfully created
2024-05-14T15:58:51.349-06:00 TRACE 20484 --- [chatbot] [           main] oracle.ucp                               : :::LifeCycle set: running
2024-05-14T15:58:51.349-06:00 DEBUG 20484 --- [chatbot] [           main] oracle.ucp                               : :::pool started
2024-05-14T15:58:51.349-06:00 DEBUG 20484 --- [chatbot] [           main] oracle.ucp                               : :::connection pool is started
2024-05-14T15:58:51.881-06:00  WARN 20484 --- [chatbot] [           main] org.hibernate.orm.deprecation            : HHH90000025: OracleDialect does not need to be specified explicitly using 'hibernate.dialect' (remove the property setting and it will be selected by default)
2024-05-14T15:58:57.292-06:00 TRACE 20484 --- [chatbot] [           main] oracle.ucp                               : :::about to handle SQLException
2024-05-14T15:58:57.292-06:00 TRACE 20484 --- [chatbot] [           main] oracle.ucp                               : :::throwing: ORA-00955: este nombre ya lo está utilizando otro objeto existente
 : [oracle.jdbc.driver.T4CTTIoer11.processError(T4CTTIoer11.java:629), oracle.jdbc.driver.T4CTTIoer11.processError(T4CTTIoer11.java:563), oracle.jdbc.driver.T4C8Oall.processError(T4C8Oall.java:1150), oracle.jdbc.driver.T4CTTIfun.receive(T4CTTIfun.java:770), oracle.jdbc.driver.T4CTTIfun.doRPC(T4CTTIfun.java:298), oracle.jdbc.driver.T4C8Oall.doOALL(T4C8Oall.java:497), oracle.jdbc.driver.T4CStatement.doOall8(T4CStatement.java:111), oracle.jdbc.driver.T4CStatement.executeForRows(T4CStatement.java:1010), oracle.jdbc.driver.OracleStatement.executeSQLStatement(OracleStatement.java:1530), oracle.jdbc.driver.OracleStatement.doExecuteWithTimeout(OracleStatement.java:1310), oracle.jdbc.driver.OracleStatement.executeUpdateInternal(OracleStatement.java:2088), oracle.jdbc.driver.OracleStatement.executeLargeUpdate(OracleStatement.java:2053), oracle.jdbc.driver.OracleStatement.executeUpdate(OracleStatement.java:2041), oracle.jdbc.driver.OracleStatementWrapper.executeUpdate(OracleStatementWrapper.java:309), oracle.ucp.jdbc.proxy.oracle$1ucp$1jdbc$1proxy$1oracle$1StatementProxy$2oracle$1jdbc$1internal$1OracleStatement$$$Proxy.executeUpdate(Unknown Source), org.hibernate.dialect.temptable.TemporaryTableHelper$TemporaryTableCreationWork.execute(TemporaryTableHelper.java:70), org.hibernate.query.sqm.mutation.internal.temptable.GlobalTemporaryTableStrategy.prepare(GlobalTemporaryTableStrategy.java:103), org.hibernate.persister.entity.AbstractEntityPersister.lambda$prepareMappingModel$14(AbstractEntityPersister.java:5084), org.hibernate.metamodel.mapping.internal.MappingModelCreationProcess$PostInitCallbackEntry.process(MappingModelCreationProcess.java:246), org.hibernate.metamodel.mapping.internal.MappingModelCreationProcess.executePostInitCallbacks(MappingModelCreationProcess.java:106), org.hibernate.metamodel.mapping.internal.MappingModelCreationProcess.execute(MappingModelCreationProcess.java:88), org.hibernate.metamodel.mapping.internal.MappingModelCreationProcess.process(MappingModelCreationProcess.java:42), org.hibernate.metamodel.model.domain.internal.MappingMetamodelImpl.finishInitialization(MappingMetamodelImpl.java:198), org.hibernate.internal.SessionFactoryImpl.initializeMappingModel(SessionFactoryImpl.java:364), org.hibernate.internal.SessionFactoryImpl.<init>(SessionFactoryImpl.java:293), org.hibernate.boot.internal.SessionFactoryBuilderImpl.build(SessionFactoryBuilderImpl.java:450), org.hibernate.jpa.boot.internal.EntityManagerFactoryBuilderImpl.build(EntityManagerFactoryBuilderImpl.java:1507), org.springframework.orm.jpa.vendor.SpringHibernateJpaPersistenceProvider.createContainerEntityManagerFactory(SpringHibernateJpaPersistenceProvider.java:75), org.springframework.orm.jpa.LocalContainerEntityManagerFactoryBean.createNativeEntityManagerFactory(LocalContainerEntityManagerFactoryBean.java:390), org.springframework.orm.jpa.AbstractEntityManagerFactoryBean.buildNativeEntityManagerFactory(AbstractEntityManagerFactoryBean.java:409), org.springframework.orm.jpa.AbstractEntityManagerFactoryBean.afterPropertiesSet(AbstractEntityManagerFactoryBean.java:396), org.springframework.orm.jpa.LocalContainerEntityManagerFactoryBean.afterPropertiesSet(LocalContainerEntityManagerFactoryBean.java:366), org.springframework.beans.factory.support.AbstractAutowireCapableBeanFactory.invokeInitMethods(AbstractAutowireCapableBeanFactory.java:1833), org.springframework.beans.factory.support.AbstractAutowireCapableBeanFactory.initializeBean(AbstractAutowireCapableBeanFactory.java:1782), org.springframework.beans.factory.support.AbstractAutowireCapableBeanFactory.doCreateBean(AbstractAutowireCapableBeanFactory.java:600), org.springframework.beans.factory.support.AbstractAutowireCapableBeanFactory.createBean(AbstractAutowireCapableBeanFactory.java:522), org.springframework.beans.factory.support.AbstractBeanFactory.lambda$doGetBean$0(AbstractBeanFactory.java:326), org.springframework.beans.factory.support.DefaultSingletonBeanRegistry.getSingleton(DefaultSingletonBeanRegistry.java:234), org.springframework.beans.factory.support.AbstractBeanFactory.doGetBean(AbstractBeanFactory.java:324), org.springframework.beans.factory.support.AbstractBeanFactory.getBean(AbstractBeanFactory.java:200), org.springframework.context.support.AbstractApplicationContext.getBean(AbstractApplicationContext.java:1234), org.springframework.context.support.AbstractApplicationContext.finishBeanFactoryInitialization(AbstractApplicationContext.java:952), org.springframework.context.support.AbstractApplicationContext.refresh(AbstractApplicationContext.java:624), org.springframework.boot.SpringApplication.refresh(SpringApplication.java:754), org.springframework.boot.SpringApplication.refreshContext(SpringApplication.java:456), org.springframework.boot.SpringApplication.run(SpringApplication.java:334), org.springframework.boot.test.context.SpringBootContextLoader.lambda$loadContext$3(SpringBootContextLoader.java:137), org.springframework.util.function.ThrowingSupplier.get(ThrowingSupplier.java:58), org.springframework.util.function.ThrowingSupplier.get(ThrowingSupplier.java:46), org.springframework.boot.SpringApplication.withHook(SpringApplication.java:1454), org.springframework.boot.test.context.SpringBootContextLoader$ContextLoaderHook.run(SpringBootContextLoader.java:553), org.springframework.boot.test.context.SpringBootContextLoader.loadContext(SpringBootContextLoader.java:137), org.springframework.boot.test.context.SpringBootContextLoader.loadContext(SpringBootContextLoader.java:108), org.springframework.test.context.cache.DefaultCacheAwareContextLoaderDelegate.loadContextInternal(DefaultCacheAwareContextLoaderDelegate.java:225), org.springframework.test.context.cache.DefaultCacheAwareContextLoaderDelegate.loadContext(DefaultCacheAwareContextLoaderDelegate.java:152), org.springframework.test.context.support.DefaultTestContext.getApplicationContext(DefaultTestContext.java:130), org.springframework.test.context.web.ServletTestExecutionListener.setUpRequestContextIfNecessary(ServletTestExecutionListener.java:191), org.springframework.test.context.web.ServletTestExecutionListener.prepareTestInstance(ServletTestExecutionListener.java:130), org.springframework.test.context.TestContextManager.prepareTestInstance(TestContextManager.java:260), org.springframework.test.context.junit.jupiter.SpringExtension.postProcessTestInstance(SpringExtension.java:163), org.junit.jupiter.engine.descriptor.ClassBasedTestDescriptor.lambda$invokeTestInstancePostProcessors$10(ClassBasedTestDescriptor.java:378), org.junit.jupiter.engine.descriptor.ClassBasedTestDescriptor.executeAndMaskThrowable(ClassBasedTestDescriptor.java:383), org.junit.jupiter.engine.descriptor.ClassBasedTestDescriptor.lambda$invokeTestInstancePostProcessors$11(ClassBasedTestDescriptor.java:378), java.base/java.util.stream.ReferencePipeline$3$1.accept(ReferencePipeline.java:212), java.base/java.util.stream.ReferencePipeline$2$1.accept(ReferencePipeline.java:194), java.base/java.util.ArrayList$ArrayListSpliterator.forEachRemaining(ArrayList.java:1709), java.base/java.util.stream.AbstractPipeline.copyInto(AbstractPipeline.java:556), java.base/java.util.stream.AbstractPipeline.wrapAndCopyInto(AbstractPipeline.java:546), java.base/java.util.stream.StreamSpliterators$WrappingSpliterator.forEachRemaining(StreamSpliterators.java:310), java.base/java.util.stream.Streams$ConcatSpliterator.forEachRemaining(Streams.java:735), java.base/java.util.stream.Streams$ConcatSpliterator.forEachRemaining(Streams.java:734), java.base/java.util.stream.ReferencePipeline$Head.forEach(ReferencePipeline.java:782), org.junit.jupiter.engine.descriptor.ClassBasedTestDescriptor.invokeTestInstancePostProcessors(ClassBasedTestDescriptor.java:377), org.junit.jupiter.engine.descriptor.ClassBasedTestDescriptor.lambda$instantiateAndPostProcessTestInstance$6(ClassBasedTestDescriptor.java:290), org.junit.platform.engine.support.hierarchical.ThrowableCollector.execute(ThrowableCollector.java:73), org.junit.jupiter.engine.descriptor.ClassBasedTestDescriptor.instantiateAndPostProcessTestInstance(ClassBasedTestDescriptor.java:289), org.junit.jupiter.engine.descriptor.ClassBasedTestDescriptor.lambda$testInstancesProvider$4(ClassBasedTestDescriptor.java:279), java.base/java.util.Optional.orElseGet(Optional.java:364), org.junit.jupiter.engine.descriptor.ClassBasedTestDescriptor.lambda$testInstancesProvider$5(ClassBasedTestDescriptor.java:278), org.junit.jupiter.engine.execution.TestInstancesProvider.getTestInstances(TestInstancesProvider.java:31), org.junit.jupiter.engine.descriptor.TestMethodTestDescriptor.lambda$prepare$0(TestMethodTestDescriptor.java:106), org.junit.platform.engine.support.hierarchical.ThrowableCollector.execute(ThrowableCollector.java:73), org.junit.jupiter.engine.descriptor.TestMethodTestDescriptor.prepare(TestMethodTestDescriptor.java:105), org.junit.jupiter.engine.descriptor.TestMethodTestDescriptor.prepare(TestMethodTestDescriptor.java:69), org.junit.platform.engine.support.hierarchical.NodeTestTask.lambda$prepare$2(NodeTestTask.java:123), org.junit.platform.engine.support.hierarchical.ThrowableCollector.execute(ThrowableCollector.java:73), org.junit.platform.engine.support.hierarchical.NodeTestTask.prepare(NodeTestTask.java:123), org.junit.platform.engine.support.hierarchical.NodeTestTask.execute(NodeTestTask.java:90), java.base/java.util.ArrayList.forEach(ArrayList.java:1597), org.junit.platform.engine.support.hierarchical.SameThreadHierarchicalTestExecutorService.invokeAll(SameThreadHierarchicalTestExecutorService.java:41), org.junit.platform.engine.support.hierarchical.NodeTestTask.lambda$executeRecursively$6(NodeTestTask.java:155), org.junit.platform.engine.support.hierarchical.ThrowableCollector.execute(ThrowableCollector.java:73), org.junit.platform.engine.support.hierarchical.NodeTestTask.lambda$executeRecursively$8(NodeTestTask.java:141), org.junit.platform.engine.support.hierarchical.Node.around(Node.java:137), org.junit.platform.engine.support.hierarchical.NodeTestTask.lambda$executeRecursively$9(NodeTestTask.java:139), org.junit.platform.engine.support.hierarchical.ThrowableCollector.execute(ThrowableCollector.java:73), org.junit.platform.engine.support.hierarchical.NodeTestTask.executeRecursively(NodeTestTask.java:138), org.junit.platform.engine.support.hierarchical.NodeTestTask.execute(NodeTestTask.java:95), java.base/java.util.ArrayList.forEach(ArrayList.java:1597), org.junit.platform.engine.support.hierarchical.SameThreadHierarchicalTestExecutorService.invokeAll(SameThreadHierarchicalTestExecutorService.java:41), org.junit.platform.engine.support.hierarchical.NodeTestTask.lambda$executeRecursively$6(NodeTestTask.java:155), org.junit.platform.engine.support.hierarchical.ThrowableCollector.execute(ThrowableCollector.java:73), org.junit.platform.engine.support.hierarchical.NodeTestTask.lambda$executeRecursively$8(NodeTestTask.java:141), org.junit.platform.engine.support.hierarchical.Node.around(Node.java:137), org.junit.platform.engine.support.hierarchical.NodeTestTask.lambda$executeRecursively$9(NodeTestTask.java:139), org.junit.platform.engine.support.hierarchical.ThrowableCollector.execute(ThrowableCollector.java:73), org.junit.platform.engine.support.hierarchical.NodeTestTask.executeRecursively(NodeTestTask.java:138), org.junit.platform.engine.support.hierarchical.NodeTestTask.execute(NodeTestTask.java:95), org.junit.platform.engine.support.hierarchical.SameThreadHierarchicalTestExecutorService.submit(SameThreadHierarchicalTestExecutorService.java:35), org.junit.platform.engine.support.hierarchical.HierarchicalTestExecutor.execute(HierarchicalTestExecutor.java:57), org.junit.platform.engine.support.hierarchical.HierarchicalTestEngine.execute(HierarchicalTestEngine.java:54), org.junit.platform.launcher.core.EngineExecutionOrchestrator.execute(EngineExecutionOrchestrator.java:198), org.junit.platform.launcher.core.EngineExecutionOrchestrator.execute(EngineExecutionOrchestrator.java:169), org.junit.platform.launcher.core.EngineExecutionOrchestrator.execute(EngineExecutionOrchestrator.java:93), org.junit.platform.launcher.core.EngineExecutionOrchestrator.lambda$execute$0(EngineExecutionOrchestrator.java:58), org.junit.platform.launcher.core.EngineExecutionOrchestrator.withInterceptedStreams(EngineExecutionOrchestrator.java:141), org.junit.platform.launcher.core.EngineExecutionOrchestrator.execute(EngineExecutionOrchestrator.java:57), org.junit.platform.launcher.core.DefaultLauncher.execute(DefaultLauncher.java:103), org.junit.platform.launcher.core.DefaultLauncher.execute(DefaultLauncher.java:85), org.junit.platform.launcher.core.DelegatingLauncher.execute(DelegatingLauncher.java:47), org.apache.maven.surefire.junitplatform.LazyLauncher.execute(LazyLauncher.java:56), org.apache.maven.surefire.junitplatform.JUnitPlatformProvider.execute(JUnitPlatformProvider.java:184), org.apache.maven.surefire.junitplatform.JUnitPlatformProvider.invokeAllTests(JUnitPlatformProvider.java:148), org.apache.maven.surefire.junitplatform.JUnitPlatformProvider.invoke(JUnitPlatformProvider.java:122), org.apache.maven.surefire.booter.ForkedBooter.runSuitesInProcess(ForkedBooter.java:385), org.apache.maven.surefire.booter.ForkedBooter.execute(ForkedBooter.java:162), org.apache.maven.surefire.booter.ForkedBooter.run(ForkedBooter.java:507), org.apache.maven.surefire.booter.ForkedBooter.main(ForkedBooter.java:495)]
2024-05-14T15:58:57.292-06:00 TRACE 20484 --- [chatbot] [           main] oracle.ucp                               : :::done handling SQLException
2024-05-14T15:58:57.699-06:00 TRACE 20484 --- [chatbot] [           main] oracle.ucp                               : :::about to handle SQLException
2024-05-14T15:58:57.699-06:00 TRACE 20484 --- [chatbot] [           main] oracle.ucp                               : :::throwing: ORA-00955: este nombre ya lo está utilizando otro objeto existente
 : [oracle.jdbc.driver.T4CTTIoer11.processError(T4CTTIoer11.java:629), oracle.jdbc.driver.T4CTTIoer11.processError(T4CTTIoer11.java:563), oracle.jdbc.driver.T4C8Oall.processError(T4C8Oall.java:1150), oracle.jdbc.driver.T4CTTIfun.receive(T4CTTIfun.java:770), oracle.jdbc.driver.T4CTTIfun.doRPC(T4CTTIfun.java:298), oracle.jdbc.driver.T4C8Oall.doOALL(T4C8Oall.java:497), oracle.jdbc.driver.T4CStatement.doOall8(T4CStatement.java:111), oracle.jdbc.driver.T4CStatement.executeForRows(T4CStatement.java:1010), oracle.jdbc.driver.OracleStatement.executeSQLStatement(OracleStatement.java:1530), oracle.jdbc.driver.OracleStatement.doExecuteWithTimeout(OracleStatement.java:1310), oracle.jdbc.driver.OracleStatement.executeUpdateInternal(OracleStatement.java:2088), oracle.jdbc.driver.OracleStatement.executeLargeUpdate(OracleStatement.java:2053), oracle.jdbc.driver.OracleStatement.executeUpdate(OracleStatement.java:2041), oracle.jdbc.driver.OracleStatementWrapper.executeUpdate(OracleStatementWrapper.java:309), oracle.ucp.jdbc.proxy.oracle$1ucp$1jdbc$1proxy$1oracle$1StatementProxy$2oracle$1jdbc$1internal$1OracleStatement$$$Proxy.executeUpdate(Unknown Source), org.hibernate.dialect.temptable.TemporaryTableHelper$TemporaryTableCreationWork.execute(TemporaryTableHelper.java:70), org.hibernate.query.sqm.mutation.internal.temptable.GlobalTemporaryTableStrategy.prepare(GlobalTemporaryTableStrategy.java:103), org.hibernate.persister.entity.AbstractEntityPersister.lambda$prepareMappingModel$14(AbstractEntityPersister.java:5084), org.hibernate.metamodel.mapping.internal.MappingModelCreationProcess$PostInitCallbackEntry.process(MappingModelCreationProcess.java:246), org.hibernate.metamodel.mapping.internal.MappingModelCreationProcess.executePostInitCallbacks(MappingModelCreationProcess.java:106), org.hibernate.metamodel.mapping.internal.MappingModelCreationProcess.execute(MappingModelCreationProcess.java:88), org.hibernate.metamodel.mapping.internal.MappingModelCreationProcess.process(MappingModelCreationProcess.java:42), org.hibernate.metamodel.model.domain.internal.MappingMetamodelImpl.finishInitialization(MappingMetamodelImpl.java:198), org.hibernate.internal.SessionFactoryImpl.initializeMappingModel(SessionFactoryImpl.java:364), org.hibernate.internal.SessionFactoryImpl.<init>(SessionFactoryImpl.java:293), org.hibernate.boot.internal.SessionFactoryBuilderImpl.build(SessionFactoryBuilderImpl.java:450), org.hibernate.jpa.boot.internal.EntityManagerFactoryBuilderImpl.build(EntityManagerFactoryBuilderImpl.java:1507), org.springframework.orm.jpa.vendor.SpringHibernateJpaPersistenceProvider.createContainerEntityManagerFactory(SpringHibernateJpaPersistenceProvider.java:75), org.springframework.orm.jpa.LocalContainerEntityManagerFactoryBean.createNativeEntityManagerFactory(LocalContainerEntityManagerFactoryBean.java:390), org.springframework.orm.jpa.AbstractEntityManagerFactoryBean.buildNativeEntityManagerFactory(AbstractEntityManagerFactoryBean.java:409), org.springframework.orm.jpa.AbstractEntityManagerFactoryBean.afterPropertiesSet(AbstractEntityManagerFactoryBean.java:396), org.springframework.orm.jpa.LocalContainerEntityManagerFactoryBean.afterPropertiesSet(LocalContainerEntityManagerFactoryBean.java:366), org.springframework.beans.factory.support.AbstractAutowireCapableBeanFactory.invokeInitMethods(AbstractAutowireCapableBeanFactory.java:1833), org.springframework.beans.factory.support.AbstractAutowireCapableBeanFactory.initializeBean(AbstractAutowireCapableBeanFactory.java:1782), org.springframework.beans.factory.support.AbstractAutowireCapableBeanFactory.doCreateBean(AbstractAutowireCapableBeanFactory.java:600), org.springframework.beans.factory.support.AbstractAutowireCapableBeanFactory.createBean(AbstractAutowireCapableBeanFactory.java:522), org.springframework.beans.factory.support.AbstractBeanFactory.lambda$doGetBean$0(AbstractBeanFactory.java:326), org.springframework.beans.factory.support.DefaultSingletonBeanRegistry.getSingleton(DefaultSingletonBeanRegistry.java:234), org.springframework.beans.factory.support.AbstractBeanFactory.doGetBean(AbstractBeanFactory.java:324), org.springframework.beans.factory.support.AbstractBeanFactory.getBean(AbstractBeanFactory.java:200), org.springframework.context.support.AbstractApplicationContext.getBean(AbstractApplicationContext.java:1234), org.springframework.context.support.AbstractApplicationContext.finishBeanFactoryInitialization(AbstractApplicationContext.java:952), org.springframework.context.support.AbstractApplicationContext.refresh(AbstractApplicationContext.java:624), org.springframework.boot.SpringApplication.refresh(SpringApplication.java:754), org.springframework.boot.SpringApplication.refreshContext(SpringApplication.java:456), org.springframework.boot.SpringApplication.run(SpringApplication.java:334), org.springframework.boot.test.context.SpringBootContextLoader.lambda$loadContext$3(SpringBootContextLoader.java:137), org.springframework.util.function.ThrowingSupplier.get(ThrowingSupplier.java:58), org.springframework.util.function.ThrowingSupplier.get(ThrowingSupplier.java:46), org.springframework.boot.SpringApplication.withHook(SpringApplication.java:1454), org.springframework.boot.test.context.SpringBootContextLoader$ContextLoaderHook.run(SpringBootContextLoader.java:553), org.springframework.boot.test.context.SpringBootContextLoader.loadContext(SpringBootContextLoader.java:137), org.springframework.boot.test.context.SpringBootContextLoader.loadContext(SpringBootContextLoader.java:108), org.springframework.test.context.cache.DefaultCacheAwareContextLoaderDelegate.loadContextInternal(DefaultCacheAwareContextLoaderDelegate.java:225), org.springframework.test.context.cache.DefaultCacheAwareContextLoaderDelegate.loadContext(DefaultCacheAwareContextLoaderDelegate.java:152), org.springframework.test.context.support.DefaultTestContext.getApplicationContext(DefaultTestContext.java:130), org.springframework.test.context.web.ServletTestExecutionListener.setUpRequestContextIfNecessary(ServletTestExecutionListener.java:191), org.springframework.test.context.web.ServletTestExecutionListener.prepareTestInstance(ServletTestExecutionListener.java:130), org.springframework.test.context.TestContextManager.prepareTestInstance(TestContextManager.java:260), org.springframework.test.context.junit.jupiter.SpringExtension.postProcessTestInstance(SpringExtension.java:163), org.junit.jupiter.engine.descriptor.ClassBasedTestDescriptor.lambda$invokeTestInstancePostProcessors$10(ClassBasedTestDescriptor.java:378), org.junit.jupiter.engine.descriptor.ClassBasedTestDescriptor.executeAndMaskThrowable(ClassBasedTestDescriptor.java:383), org.junit.jupiter.engine.descriptor.ClassBasedTestDescriptor.lambda$invokeTestInstancePostProcessors$11(ClassBasedTestDescriptor.java:378), java.base/java.util.stream.ReferencePipeline$3$1.accept(ReferencePipeline.java:212), java.base/java.util.stream.ReferencePipeline$2$1.accept(ReferencePipeline.java:194), java.base/java.util.ArrayList$ArrayListSpliterator.forEachRemaining(ArrayList.java:1709), java.base/java.util.stream.AbstractPipeline.copyInto(AbstractPipeline.java:556), java.base/java.util.stream.AbstractPipeline.wrapAndCopyInto(AbstractPipeline.java:546), java.base/java.util.stream.StreamSpliterators$WrappingSpliterator.forEachRemaining(StreamSpliterators.java:310), java.base/java.util.stream.Streams$ConcatSpliterator.forEachRemaining(Streams.java:735), java.base/java.util.stream.Streams$ConcatSpliterator.forEachRemaining(Streams.java:734), java.base/java.util.stream.ReferencePipeline$Head.forEach(ReferencePipeline.java:782), org.junit.jupiter.engine.descriptor.ClassBasedTestDescriptor.invokeTestInstancePostProcessors(ClassBasedTestDescriptor.java:377), org.junit.jupiter.engine.descriptor.ClassBasedTestDescriptor.lambda$instantiateAndPostProcessTestInstance$6(ClassBasedTestDescriptor.java:290), org.junit.platform.engine.support.hierarchical.ThrowableCollector.execute(ThrowableCollector.java:73), org.junit.jupiter.engine.descriptor.ClassBasedTestDescriptor.instantiateAndPostProcessTestInstance(ClassBasedTestDescriptor.java:289), org.junit.jupiter.engine.descriptor.ClassBasedTestDescriptor.lambda$testInstancesProvider$4(ClassBasedTestDescriptor.java:279), java.base/java.util.Optional.orElseGet(Optional.java:364), org.junit.jupiter.engine.descriptor.ClassBasedTestDescriptor.lambda$testInstancesProvider$5(ClassBasedTestDescriptor.java:278), org.junit.jupiter.engine.execution.TestInstancesProvider.getTestInstances(TestInstancesProvider.java:31), org.junit.jupiter.engine.descriptor.TestMethodTestDescriptor.lambda$prepare$0(TestMethodTestDescriptor.java:106), org.junit.platform.engine.support.hierarchical.ThrowableCollector.execute(ThrowableCollector.java:73), org.junit.jupiter.engine.descriptor.TestMethodTestDescriptor.prepare(TestMethodTestDescriptor.java:105), org.junit.jupiter.engine.descriptor.TestMethodTestDescriptor.prepare(TestMethodTestDescriptor.java:69), org.junit.platform.engine.support.hierarchical.NodeTestTask.lambda$prepare$2(NodeTestTask.java:123), org.junit.platform.engine.support.hierarchical.ThrowableCollector.execute(ThrowableCollector.java:73), org.junit.platform.engine.support.hierarchical.NodeTestTask.prepare(NodeTestTask.java:123), org.junit.platform.engine.support.hierarchical.NodeTestTask.execute(NodeTestTask.java:90), java.base/java.util.ArrayList.forEach(ArrayList.java:1597), org.junit.platform.engine.support.hierarchical.SameThreadHierarchicalTestExecutorService.invokeAll(SameThreadHierarchicalTestExecutorService.java:41), org.junit.platform.engine.support.hierarchical.NodeTestTask.lambda$executeRecursively$6(NodeTestTask.java:155), org.junit.platform.engine.support.hierarchical.ThrowableCollector.execute(ThrowableCollector.java:73), org.junit.platform.engine.support.hierarchical.NodeTestTask.lambda$executeRecursively$8(NodeTestTask.java:141), org.junit.platform.engine.support.hierarchical.Node.around(Node.java:137), org.junit.platform.engine.support.hierarchical.NodeTestTask.lambda$executeRecursively$9(NodeTestTask.java:139), org.junit.platform.engine.support.hierarchical.ThrowableCollector.execute(ThrowableCollector.java:73), org.junit.platform.engine.support.hierarchical.NodeTestTask.executeRecursively(NodeTestTask.java:138), org.junit.platform.engine.support.hierarchical.NodeTestTask.execute(NodeTestTask.java:95), java.base/java.util.ArrayList.forEach(ArrayList.java:1597), org.junit.platform.engine.support.hierarchical.SameThreadHierarchicalTestExecutorService.invokeAll(SameThreadHierarchicalTestExecutorService.java:41), org.junit.platform.engine.support.hierarchical.NodeTestTask.lambda$executeRecursively$6(NodeTestTask.java:155), org.junit.platform.engine.support.hierarchical.ThrowableCollector.execute(ThrowableCollector.java:73), org.junit.platform.engine.support.hierarchical.NodeTestTask.lambda$executeRecursively$8(NodeTestTask.java:141), org.junit.platform.engine.support.hierarchical.Node.around(Node.java:137), org.junit.platform.engine.support.hierarchical.NodeTestTask.lambda$executeRecursively$9(NodeTestTask.java:139), org.junit.platform.engine.support.hierarchical.ThrowableCollector.execute(ThrowableCollector.java:73), org.junit.platform.engine.support.hierarchical.NodeTestTask.executeRecursively(NodeTestTask.java:138), org.junit.platform.engine.support.hierarchical.NodeTestTask.execute(NodeTestTask.java:95), org.junit.platform.engine.support.hierarchical.SameThreadHierarchicalTestExecutorService.submit(SameThreadHierarchicalTestExecutorService.java:35), org.junit.platform.engine.support.hierarchical.HierarchicalTestExecutor.execute(HierarchicalTestExecutor.java:57), org.junit.platform.engine.support.hierarchical.HierarchicalTestEngine.execute(HierarchicalTestEngine.java:54), org.junit.platform.launcher.core.EngineExecutionOrchestrator.execute(EngineExecutionOrchestrator.java:198), org.junit.platform.launcher.core.EngineExecutionOrchestrator.execute(EngineExecutionOrchestrator.java:169), org.junit.platform.launcher.core.EngineExecutionOrchestrator.execute(EngineExecutionOrchestrator.java:93), org.junit.platform.launcher.core.EngineExecutionOrchestrator.lambda$execute$0(EngineExecutionOrchestrator.java:58), org.junit.platform.launcher.core.EngineExecutionOrchestrator.withInterceptedStreams(EngineExecutionOrchestrator.java:141), org.junit.platform.launcher.core.EngineExecutionOrchestrator.execute(EngineExecutionOrchestrator.java:57), org.junit.platform.launcher.core.DefaultLauncher.execute(DefaultLauncher.java:103), org.junit.platform.launcher.core.DefaultLauncher.execute(DefaultLauncher.java:85), org.junit.platform.launcher.core.DelegatingLauncher.execute(DelegatingLauncher.java:47), org.apache.maven.surefire.junitplatform.LazyLauncher.execute(LazyLauncher.java:56), org.apache.maven.surefire.junitplatform.JUnitPlatformProvider.execute(JUnitPlatformProvider.java:184), org.apache.maven.surefire.junitplatform.JUnitPlatformProvider.invokeAllTests(JUnitPlatformProvider.java:148), org.apache.maven.surefire.junitplatform.JUnitPlatformProvider.invoke(JUnitPlatformProvider.java:122), org.apache.maven.surefire.booter.ForkedBooter.runSuitesInProcess(ForkedBooter.java:385), org.apache.maven.surefire.booter.ForkedBooter.execute(ForkedBooter.java:162), org.apache.maven.surefire.booter.ForkedBooter.run(ForkedBooter.java:507), org.apache.maven.surefire.booter.ForkedBooter.main(ForkedBooter.java:495)]
2024-05-14T15:58:57.699-06:00 TRACE 20484 --- [chatbot] [           main] oracle.ucp                               : :::done handling SQLException
2024-05-14T15:58:58.108-06:00 TRACE 20484 --- [chatbot] [           main] oracle.ucp                               : :::about to handle SQLException
2024-05-14T15:58:58.108-06:00 TRACE 20484 --- [chatbot] [           main] oracle.ucp                               : :::throwing: ORA-00955: este nombre ya lo está utilizando otro objeto existente
 : [oracle.jdbc.driver.T4CTTIoer11.processError(T4CTTIoer11.java:629), oracle.jdbc.driver.T4CTTIoer11.processError(T4CTTIoer11.java:563), oracle.jdbc.driver.T4C8Oall.processError(T4C8Oall.java:1150), oracle.jdbc.driver.T4CTTIfun.receive(T4CTTIfun.java:770), oracle.jdbc.driver.T4CTTIfun.doRPC(T4CTTIfun.java:298), oracle.jdbc.driver.T4C8Oall.doOALL(T4C8Oall.java:497), oracle.jdbc.driver.T4CStatement.doOall8(T4CStatement.java:111), oracle.jdbc.driver.T4CStatement.executeForRows(T4CStatement.java:1010), oracle.jdbc.driver.OracleStatement.executeSQLStatement(OracleStatement.java:1530), oracle.jdbc.driver.OracleStatement.doExecuteWithTimeout(OracleStatement.java:1310), oracle.jdbc.driver.OracleStatement.executeUpdateInternal(OracleStatement.java:2088), oracle.jdbc.driver.OracleStatement.executeLargeUpdate(OracleStatement.java:2053), oracle.jdbc.driver.OracleStatement.executeUpdate(OracleStatement.java:2041), oracle.jdbc.driver.OracleStatementWrapper.executeUpdate(OracleStatementWrapper.java:309), oracle.ucp.jdbc.proxy.oracle$1ucp$1jdbc$1proxy$1oracle$1StatementProxy$2oracle$1jdbc$1internal$1OracleStatement$$$Proxy.executeUpdate(Unknown Source), org.hibernate.dialect.temptable.TemporaryTableHelper$TemporaryTableCreationWork.execute(TemporaryTableHelper.java:70), org.hibernate.query.sqm.mutation.internal.temptable.GlobalTemporaryTableStrategy.prepare(GlobalTemporaryTableStrategy.java:103), org.hibernate.persister.entity.AbstractEntityPersister.lambda$prepareMappingModel$14(AbstractEntityPersister.java:5084), org.hibernate.metamodel.mapping.internal.MappingModelCreationProcess$PostInitCallbackEntry.process(MappingModelCreationProcess.java:246), org.hibernate.metamodel.mapping.internal.MappingModelCreationProcess.executePostInitCallbacks(MappingModelCreationProcess.java:106), org.hibernate.metamodel.mapping.internal.MappingModelCreationProcess.execute(MappingModelCreationProcess.java:88), org.hibernate.metamodel.mapping.internal.MappingModelCreationProcess.process(MappingModelCreationProcess.java:42), org.hibernate.metamodel.model.domain.internal.MappingMetamodelImpl.finishInitialization(MappingMetamodelImpl.java:198), org.hibernate.internal.SessionFactoryImpl.initializeMappingModel(SessionFactoryImpl.java:364), org.hibernate.internal.SessionFactoryImpl.<init>(SessionFactoryImpl.java:293), org.hibernate.boot.internal.SessionFactoryBuilderImpl.build(SessionFactoryBuilderImpl.java:450), org.hibernate.jpa.boot.internal.EntityManagerFactoryBuilderImpl.build(EntityManagerFactoryBuilderImpl.java:1507), org.springframework.orm.jpa.vendor.SpringHibernateJpaPersistenceProvider.createContainerEntityManagerFactory(SpringHibernateJpaPersistenceProvider.java:75), org.springframework.orm.jpa.LocalContainerEntityManagerFactoryBean.createNativeEntityManagerFactory(LocalContainerEntityManagerFactoryBean.java:390), org.springframework.orm.jpa.AbstractEntityManagerFactoryBean.buildNativeEntityManagerFactory(AbstractEntityManagerFactoryBean.java:409), org.springframework.orm.jpa.AbstractEntityManagerFactoryBean.afterPropertiesSet(AbstractEntityManagerFactoryBean.java:396), org.springframework.orm.jpa.LocalContainerEntityManagerFactoryBean.afterPropertiesSet(LocalContainerEntityManagerFactoryBean.java:366), org.springframework.beans.factory.support.AbstractAutowireCapableBeanFactory.invokeInitMethods(AbstractAutowireCapableBeanFactory.java:1833), org.springframework.beans.factory.support.AbstractAutowireCapableBeanFactory.initializeBean(AbstractAutowireCapableBeanFactory.java:1782), org.springframework.beans.factory.support.AbstractAutowireCapableBeanFactory.doCreateBean(AbstractAutowireCapableBeanFactory.java:600), org.springframework.beans.factory.support.AbstractAutowireCapableBeanFactory.createBean(AbstractAutowireCapableBeanFactory.java:522), org.springframework.beans.factory.support.AbstractBeanFactory.lambda$doGetBean$0(AbstractBeanFactory.java:326), org.springframework.beans.factory.support.DefaultSingletonBeanRegistry.getSingleton(DefaultSingletonBeanRegistry.java:234), org.springframework.beans.factory.support.AbstractBeanFactory.doGetBean(AbstractBeanFactory.java:324), org.springframework.beans.factory.support.AbstractBeanFactory.getBean(AbstractBeanFactory.java:200), org.springframework.context.support.AbstractApplicationContext.getBean(AbstractApplicationContext.java:1234), org.springframework.context.support.AbstractApplicationContext.finishBeanFactoryInitialization(AbstractApplicationContext.java:952), org.springframework.context.support.AbstractApplicationContext.refresh(AbstractApplicationContext.java:624), org.springframework.boot.SpringApplication.refresh(SpringApplication.java:754), org.springframework.boot.SpringApplication.refreshContext(SpringApplication.java:456), org.springframework.boot.SpringApplication.run(SpringApplication.java:334), org.springframework.boot.test.context.SpringBootContextLoader.lambda$loadContext$3(SpringBootContextLoader.java:137), org.springframework.util.function.ThrowingSupplier.get(ThrowingSupplier.java:58), org.springframework.util.function.ThrowingSupplier.get(ThrowingSupplier.java:46), org.springframework.boot.SpringApplication.withHook(SpringApplication.java:1454), org.springframework.boot.test.context.SpringBootContextLoader$ContextLoaderHook.run(SpringBootContextLoader.java:553), org.springframework.boot.test.context.SpringBootContextLoader.loadContext(SpringBootContextLoader.java:137), org.springframework.boot.test.context.SpringBootContextLoader.loadContext(SpringBootContextLoader.java:108), org.springframework.test.context.cache.DefaultCacheAwareContextLoaderDelegate.loadContextInternal(DefaultCacheAwareContextLoaderDelegate.java:225), org.springframework.test.context.cache.DefaultCacheAwareContextLoaderDelegate.loadContext(DefaultCacheAwareContextLoaderDelegate.java:152), org.springframework.test.context.support.DefaultTestContext.getApplicationContext(DefaultTestContext.java:130), org.springframework.test.context.web.ServletTestExecutionListener.setUpRequestContextIfNecessary(ServletTestExecutionListener.java:191), org.springframework.test.context.web.ServletTestExecutionListener.prepareTestInstance(ServletTestExecutionListener.java:130), org.springframework.test.context.TestContextManager.prepareTestInstance(TestContextManager.java:260), org.springframework.test.context.junit.jupiter.SpringExtension.postProcessTestInstance(SpringExtension.java:163), org.junit.jupiter.engine.descriptor.ClassBasedTestDescriptor.lambda$invokeTestInstancePostProcessors$10(ClassBasedTestDescriptor.java:378), org.junit.jupiter.engine.descriptor.ClassBasedTestDescriptor.executeAndMaskThrowable(ClassBasedTestDescriptor.java:383), org.junit.jupiter.engine.descriptor.ClassBasedTestDescriptor.lambda$invokeTestInstancePostProcessors$11(ClassBasedTestDescriptor.java:378), java.base/java.util.stream.ReferencePipeline$3$1.accept(ReferencePipeline.java:212), java.base/java.util.stream.ReferencePipeline$2$1.accept(ReferencePipeline.java:194), java.base/java.util.ArrayList$ArrayListSpliterator.forEachRemaining(ArrayList.java:1709), java.base/java.util.stream.AbstractPipeline.copyInto(AbstractPipeline.java:556), java.base/java.util.stream.AbstractPipeline.wrapAndCopyInto(AbstractPipeline.java:546), java.base/java.util.stream.StreamSpliterators$WrappingSpliterator.forEachRemaining(StreamSpliterators.java:310), java.base/java.util.stream.Streams$ConcatSpliterator.forEachRemaining(Streams.java:735), java.base/java.util.stream.Streams$ConcatSpliterator.forEachRemaining(Streams.java:734), java.base/java.util.stream.ReferencePipeline$Head.forEach(ReferencePipeline.java:782), org.junit.jupiter.engine.descriptor.ClassBasedTestDescriptor.invokeTestInstancePostProcessors(ClassBasedTestDescriptor.java:377), org.junit.jupiter.engine.descriptor.ClassBasedTestDescriptor.lambda$instantiateAndPostProcessTestInstance$6(ClassBasedTestDescriptor.java:290), org.junit.platform.engine.support.hierarchical.ThrowableCollector.execute(ThrowableCollector.java:73), org.junit.jupiter.engine.descriptor.ClassBasedTestDescriptor.instantiateAndPostProcessTestInstance(ClassBasedTestDescriptor.java:289), org.junit.jupiter.engine.descriptor.ClassBasedTestDescriptor.lambda$testInstancesProvider$4(ClassBasedTestDescriptor.java:279), java.base/java.util.Optional.orElseGet(Optional.java:364), org.junit.jupiter.engine.descriptor.ClassBasedTestDescriptor.lambda$testInstancesProvider$5(ClassBasedTestDescriptor.java:278), org.junit.jupiter.engine.execution.TestInstancesProvider.getTestInstances(TestInstancesProvider.java:31), org.junit.jupiter.engine.descriptor.TestMethodTestDescriptor.lambda$prepare$0(TestMethodTestDescriptor.java:106), org.junit.platform.engine.support.hierarchical.ThrowableCollector.execute(ThrowableCollector.java:73), org.junit.jupiter.engine.descriptor.TestMethodTestDescriptor.prepare(TestMethodTestDescriptor.java:105), org.junit.jupiter.engine.descriptor.TestMethodTestDescriptor.prepare(TestMethodTestDescriptor.java:69), org.junit.platform.engine.support.hierarchical.NodeTestTask.lambda$prepare$2(NodeTestTask.java:123), org.junit.platform.engine.support.hierarchical.ThrowableCollector.execute(ThrowableCollector.java:73), org.junit.platform.engine.support.hierarchical.NodeTestTask.prepare(NodeTestTask.java:123), org.junit.platform.engine.support.hierarchical.NodeTestTask.execute(NodeTestTask.java:90), java.base/java.util.ArrayList.forEach(ArrayList.java:1597), org.junit.platform.engine.support.hierarchical.SameThreadHierarchicalTestExecutorService.invokeAll(SameThreadHierarchicalTestExecutorService.java:41), org.junit.platform.engine.support.hierarchical.NodeTestTask.lambda$executeRecursively$6(NodeTestTask.java:155), org.junit.platform.engine.support.hierarchical.ThrowableCollector.execute(ThrowableCollector.java:73), org.junit.platform.engine.support.hierarchical.NodeTestTask.lambda$executeRecursively$8(NodeTestTask.java:141), org.junit.platform.engine.support.hierarchical.Node.around(Node.java:137), org.junit.platform.engine.support.hierarchical.NodeTestTask.lambda$executeRecursively$9(NodeTestTask.java:139), org.junit.platform.engine.support.hierarchical.ThrowableCollector.execute(ThrowableCollector.java:73), org.junit.platform.engine.support.hierarchical.NodeTestTask.executeRecursively(NodeTestTask.java:138), org.junit.platform.engine.support.hierarchical.NodeTestTask.execute(NodeTestTask.java:95), java.base/java.util.ArrayList.forEach(ArrayList.java:1597), org.junit.platform.engine.support.hierarchical.SameThreadHierarchicalTestExecutorService.invokeAll(SameThreadHierarchicalTestExecutorService.java:41), org.junit.platform.engine.support.hierarchical.NodeTestTask.lambda$executeRecursively$6(NodeTestTask.java:155), org.junit.platform.engine.support.hierarchical.ThrowableCollector.execute(ThrowableCollector.java:73), org.junit.platform.engine.support.hierarchical.NodeTestTask.lambda$executeRecursively$8(NodeTestTask.java:141), org.junit.platform.engine.support.hierarchical.Node.around(Node.java:137), org.junit.platform.engine.support.hierarchical.NodeTestTask.lambda$executeRecursively$9(NodeTestTask.java:139), org.junit.platform.engine.support.hierarchical.ThrowableCollector.execute(ThrowableCollector.java:73), org.junit.platform.engine.support.hierarchical.NodeTestTask.executeRecursively(NodeTestTask.java:138), org.junit.platform.engine.support.hierarchical.NodeTestTask.execute(NodeTestTask.java:95), org.junit.platform.engine.support.hierarchical.SameThreadHierarchicalTestExecutorService.submit(SameThreadHierarchicalTestExecutorService.java:35), org.junit.platform.engine.support.hierarchical.HierarchicalTestExecutor.execute(HierarchicalTestExecutor.java:57), org.junit.platform.engine.support.hierarchical.HierarchicalTestEngine.execute(HierarchicalTestEngine.java:54), org.junit.platform.launcher.core.EngineExecutionOrchestrator.execute(EngineExecutionOrchestrator.java:198), org.junit.platform.launcher.core.EngineExecutionOrchestrator.execute(EngineExecutionOrchestrator.java:169), org.junit.platform.launcher.core.EngineExecutionOrchestrator.execute(EngineExecutionOrchestrator.java:93), org.junit.platform.launcher.core.EngineExecutionOrchestrator.lambda$execute$0(EngineExecutionOrchestrator.java:58), org.junit.platform.launcher.core.EngineExecutionOrchestrator.withInterceptedStreams(EngineExecutionOrchestrator.java:141), org.junit.platform.launcher.core.EngineExecutionOrchestrator.execute(EngineExecutionOrchestrator.java:57), org.junit.platform.launcher.core.DefaultLauncher.execute(DefaultLauncher.java:103), org.junit.platform.launcher.core.DefaultLauncher.execute(DefaultLauncher.java:85), org.junit.platform.launcher.core.DelegatingLauncher.execute(DelegatingLauncher.java:47), org.apache.maven.surefire.junitplatform.LazyLauncher.execute(LazyLauncher.java:56), org.apache.maven.surefire.junitplatform.JUnitPlatformProvider.execute(JUnitPlatformProvider.java:184), org.apache.maven.surefire.junitplatform.JUnitPlatformProvider.invokeAllTests(JUnitPlatformProvider.java:148), org.apache.maven.surefire.junitplatform.JUnitPlatformProvider.invoke(JUnitPlatformProvider.java:122), org.apache.maven.surefire.booter.ForkedBooter.runSuitesInProcess(ForkedBooter.java:385), org.apache.maven.surefire.booter.ForkedBooter.execute(ForkedBooter.java:162), org.apache.maven.surefire.booter.ForkedBooter.run(ForkedBooter.java:507), org.apache.maven.surefire.booter.ForkedBooter.main(ForkedBooter.java:495)]
2024-05-14T15:58:58.113-06:00 TRACE 20484 --- [chatbot] [           main] oracle.ucp                               : :::done handling SQLException
2024-05-14T15:58:58.514-06:00 TRACE 20484 --- [chatbot] [           main] oracle.ucp                               : :::about to handle SQLException
2024-05-14T15:58:58.514-06:00 TRACE 20484 --- [chatbot] [           main] oracle.ucp                               : :::throwing: ORA-00955: este nombre ya lo está utilizando otro objeto existente
 : [oracle.jdbc.driver.T4CTTIoer11.processError(T4CTTIoer11.java:629), oracle.jdbc.driver.T4CTTIoer11.processError(T4CTTIoer11.java:563), oracle.jdbc.driver.T4C8Oall.processError(T4C8Oall.java:1150), oracle.jdbc.driver.T4CTTIfun.receive(T4CTTIfun.java:770), oracle.jdbc.driver.T4CTTIfun.doRPC(T4CTTIfun.java:298), oracle.jdbc.driver.T4C8Oall.doOALL(T4C8Oall.java:497), oracle.jdbc.driver.T4CStatement.doOall8(T4CStatement.java:111), oracle.jdbc.driver.T4CStatement.executeForRows(T4CStatement.java:1010), oracle.jdbc.driver.OracleStatement.executeSQLStatement(OracleStatement.java:1530), oracle.jdbc.driver.OracleStatement.doExecuteWithTimeout(OracleStatement.java:1310), oracle.jdbc.driver.OracleStatement.executeUpdateInternal(OracleStatement.java:2088), oracle.jdbc.driver.OracleStatement.executeLargeUpdate(OracleStatement.java:2053), oracle.jdbc.driver.OracleStatement.executeUpdate(OracleStatement.java:2041), oracle.jdbc.driver.OracleStatementWrapper.executeUpdate(OracleStatementWrapper.java:309), oracle.ucp.jdbc.proxy.oracle$1ucp$1jdbc$1proxy$1oracle$1StatementProxy$2oracle$1jdbc$1internal$1OracleStatement$$$Proxy.executeUpdate(Unknown Source), org.hibernate.dialect.temptable.TemporaryTableHelper$TemporaryTableCreationWork.execute(TemporaryTableHelper.java:70), org.hibernate.query.sqm.mutation.internal.temptable.GlobalTemporaryTableStrategy.prepare(GlobalTemporaryTableStrategy.java:103), org.hibernate.persister.entity.AbstractEntityPersister.lambda$prepareMappingModel$14(AbstractEntityPersister.java:5084), org.hibernate.metamodel.mapping.internal.MappingModelCreationProcess$PostInitCallbackEntry.process(MappingModelCreationProcess.java:246), org.hibernate.metamodel.mapping.internal.MappingModelCreationProcess.executePostInitCallbacks(MappingModelCreationProcess.java:106), org.hibernate.metamodel.mapping.internal.MappingModelCreationProcess.execute(MappingModelCreationProcess.java:88), org.hibernate.metamodel.mapping.internal.MappingModelCreationProcess.process(MappingModelCreationProcess.java:42), org.hibernate.metamodel.model.domain.internal.MappingMetamodelImpl.finishInitialization(MappingMetamodelImpl.java:198), org.hibernate.internal.SessionFactoryImpl.initializeMappingModel(SessionFactoryImpl.java:364), org.hibernate.internal.SessionFactoryImpl.<init>(SessionFactoryImpl.java:293), org.hibernate.boot.internal.SessionFactoryBuilderImpl.build(SessionFactoryBuilderImpl.java:450), org.hibernate.jpa.boot.internal.EntityManagerFactoryBuilderImpl.build(EntityManagerFactoryBuilderImpl.java:1507), org.springframework.orm.jpa.vendor.SpringHibernateJpaPersistenceProvider.createContainerEntityManagerFactory(SpringHibernateJpaPersistenceProvider.java:75), org.springframework.orm.jpa.LocalContainerEntityManagerFactoryBean.createNativeEntityManagerFactory(LocalContainerEntityManagerFactoryBean.java:390), org.springframework.orm.jpa.AbstractEntityManagerFactoryBean.buildNativeEntityManagerFactory(AbstractEntityManagerFactoryBean.java:409), org.springframework.orm.jpa.AbstractEntityManagerFactoryBean.afterPropertiesSet(AbstractEntityManagerFactoryBean.java:396), org.springframework.orm.jpa.LocalContainerEntityManagerFactoryBean.afterPropertiesSet(LocalContainerEntityManagerFactoryBean.java:366), org.springframework.beans.factory.support.AbstractAutowireCapableBeanFactory.invokeInitMethods(AbstractAutowireCapableBeanFactory.java:1833), org.springframework.beans.factory.support.AbstractAutowireCapableBeanFactory.initializeBean(AbstractAutowireCapableBeanFactory.java:1782), org.springframework.beans.factory.support.AbstractAutowireCapableBeanFactory.doCreateBean(AbstractAutowireCapableBeanFactory.java:600), org.springframework.beans.factory.support.AbstractAutowireCapableBeanFactory.createBean(AbstractAutowireCapableBeanFactory.java:522), org.springframework.beans.factory.support.AbstractBeanFactory.lambda$doGetBean$0(AbstractBeanFactory.java:326), org.springframework.beans.factory.support.DefaultSingletonBeanRegistry.getSingleton(DefaultSingletonBeanRegistry.java:234), org.springframework.beans.factory.support.AbstractBeanFactory.doGetBean(AbstractBeanFactory.java:324), org.springframework.beans.factory.support.AbstractBeanFactory.getBean(AbstractBeanFactory.java:200), org.springframework.context.support.AbstractApplicationContext.getBean(AbstractApplicationContext.java:1234), org.springframework.context.support.AbstractApplicationContext.finishBeanFactoryInitialization(AbstractApplicationContext.java:952), org.springframework.context.support.AbstractApplicationContext.refresh(AbstractApplicationContext.java:624), org.springframework.boot.SpringApplication.refresh(SpringApplication.java:754), org.springframework.boot.SpringApplication.refreshContext(SpringApplication.java:456), org.springframework.boot.SpringApplication.run(SpringApplication.java:334), org.springframework.boot.test.context.SpringBootContextLoader.lambda$loadContext$3(SpringBootContextLoader.java:137), org.springframework.util.function.ThrowingSupplier.get(ThrowingSupplier.java:58), org.springframework.util.function.ThrowingSupplier.get(ThrowingSupplier.java:46), org.springframework.boot.SpringApplication.withHook(SpringApplication.java:1454), org.springframework.boot.test.context.SpringBootContextLoader$ContextLoaderHook.run(SpringBootContextLoader.java:553), org.springframework.boot.test.context.SpringBootContextLoader.loadContext(SpringBootContextLoader.java:137), org.springframework.boot.test.context.SpringBootContextLoader.loadContext(SpringBootContextLoader.java:108), org.springframework.test.context.cache.DefaultCacheAwareContextLoaderDelegate.loadContextInternal(DefaultCacheAwareContextLoaderDelegate.java:225), org.springframework.test.context.cache.DefaultCacheAwareContextLoaderDelegate.loadContext(DefaultCacheAwareContextLoaderDelegate.java:152), org.springframework.test.context.support.DefaultTestContext.getApplicationContext(DefaultTestContext.java:130), org.springframework.test.context.web.ServletTestExecutionListener.setUpRequestContextIfNecessary(ServletTestExecutionListener.java:191), org.springframework.test.context.web.ServletTestExecutionListener.prepareTestInstance(ServletTestExecutionListener.java:130), org.springframework.test.context.TestContextManager.prepareTestInstance(TestContextManager.java:260), org.springframework.test.context.junit.jupiter.SpringExtension.postProcessTestInstance(SpringExtension.java:163), org.junit.jupiter.engine.descriptor.ClassBasedTestDescriptor.lambda$invokeTestInstancePostProcessors$10(ClassBasedTestDescriptor.java:378), org.junit.jupiter.engine.descriptor.ClassBasedTestDescriptor.executeAndMaskThrowable(ClassBasedTestDescriptor.java:383), org.junit.jupiter.engine.descriptor.ClassBasedTestDescriptor.lambda$invokeTestInstancePostProcessors$11(ClassBasedTestDescriptor.java:378), java.base/java.util.stream.ReferencePipeline$3$1.accept(ReferencePipeline.java:212), java.base/java.util.stream.ReferencePipeline$2$1.accept(ReferencePipeline.java:194), java.base/java.util.ArrayList$ArrayListSpliterator.forEachRemaining(ArrayList.java:1709), java.base/java.util.stream.AbstractPipeline.copyInto(AbstractPipeline.java:556), java.base/java.util.stream.AbstractPipeline.wrapAndCopyInto(AbstractPipeline.java:546), java.base/java.util.stream.StreamSpliterators$WrappingSpliterator.forEachRemaining(StreamSpliterators.java:310), java.base/java.util.stream.Streams$ConcatSpliterator.forEachRemaining(Streams.java:735), java.base/java.util.stream.Streams$ConcatSpliterator.forEachRemaining(Streams.java:734), java.base/java.util.stream.ReferencePipeline$Head.forEach(ReferencePipeline.java:782), org.junit.jupiter.engine.descriptor.ClassBasedTestDescriptor.invokeTestInstancePostProcessors(ClassBasedTestDescriptor.java:377), org.junit.jupiter.engine.descriptor.ClassBasedTestDescriptor.lambda$instantiateAndPostProcessTestInstance$6(ClassBasedTestDescriptor.java:290), org.junit.platform.engine.support.hierarchical.ThrowableCollector.execute(ThrowableCollector.java:73), org.junit.jupiter.engine.descriptor.ClassBasedTestDescriptor.instantiateAndPostProcessTestInstance(ClassBasedTestDescriptor.java:289), org.junit.jupiter.engine.descriptor.ClassBasedTestDescriptor.lambda$testInstancesProvider$4(ClassBasedTestDescriptor.java:279), java.base/java.util.Optional.orElseGet(Optional.java:364), org.junit.jupiter.engine.descriptor.ClassBasedTestDescriptor.lambda$testInstancesProvider$5(ClassBasedTestDescriptor.java:278), org.junit.jupiter.engine.execution.TestInstancesProvider.getTestInstances(TestInstancesProvider.java:31), org.junit.jupiter.engine.descriptor.TestMethodTestDescriptor.lambda$prepare$0(TestMethodTestDescriptor.java:106), org.junit.platform.engine.support.hierarchical.ThrowableCollector.execute(ThrowableCollector.java:73), org.junit.jupiter.engine.descriptor.TestMethodTestDescriptor.prepare(TestMethodTestDescriptor.java:105), org.junit.jupiter.engine.descriptor.TestMethodTestDescriptor.prepare(TestMethodTestDescriptor.java:69), org.junit.platform.engine.support.hierarchical.NodeTestTask.lambda$prepare$2(NodeTestTask.java:123), org.junit.platform.engine.support.hierarchical.ThrowableCollector.execute(ThrowableCollector.java:73), org.junit.platform.engine.support.hierarchical.NodeTestTask.prepare(NodeTestTask.java:123), org.junit.platform.engine.support.hierarchical.NodeTestTask.execute(NodeTestTask.java:90), java.base/java.util.ArrayList.forEach(ArrayList.java:1597), org.junit.platform.engine.support.hierarchical.SameThreadHierarchicalTestExecutorService.invokeAll(SameThreadHierarchicalTestExecutorService.java:41), org.junit.platform.engine.support.hierarchical.NodeTestTask.lambda$executeRecursively$6(NodeTestTask.java:155), org.junit.platform.engine.support.hierarchical.ThrowableCollector.execute(ThrowableCollector.java:73), org.junit.platform.engine.support.hierarchical.NodeTestTask.lambda$executeRecursively$8(NodeTestTask.java:141), org.junit.platform.engine.support.hierarchical.Node.around(Node.java:137), org.junit.platform.engine.support.hierarchical.NodeTestTask.lambda$executeRecursively$9(NodeTestTask.java:139), org.junit.platform.engine.support.hierarchical.ThrowableCollector.execute(ThrowableCollector.java:73), org.junit.platform.engine.support.hierarchical.NodeTestTask.executeRecursively(NodeTestTask.java:138), org.junit.platform.engine.support.hierarchical.NodeTestTask.execute(NodeTestTask.java:95), java.base/java.util.ArrayList.forEach(ArrayList.java:1597), org.junit.platform.engine.support.hierarchical.SameThreadHierarchicalTestExecutorService.invokeAll(SameThreadHierarchicalTestExecutorService.java:41), org.junit.platform.engine.support.hierarchical.NodeTestTask.lambda$executeRecursively$6(NodeTestTask.java:155), org.junit.platform.engine.support.hierarchical.ThrowableCollector.execute(ThrowableCollector.java:73), org.junit.platform.engine.support.hierarchical.NodeTestTask.lambda$executeRecursively$8(NodeTestTask.java:141), org.junit.platform.engine.support.hierarchical.Node.around(Node.java:137), org.junit.platform.engine.support.hierarchical.NodeTestTask.lambda$executeRecursively$9(NodeTestTask.java:139), org.junit.platform.engine.support.hierarchical.ThrowableCollector.execute(ThrowableCollector.java:73), org.junit.platform.engine.support.hierarchical.NodeTestTask.executeRecursively(NodeTestTask.java:138), org.junit.platform.engine.support.hierarchical.NodeTestTask.execute(NodeTestTask.java:95), org.junit.platform.engine.support.hierarchical.SameThreadHierarchicalTestExecutorService.submit(SameThreadHierarchicalTestExecutorService.java:35), org.junit.platform.engine.support.hierarchical.HierarchicalTestExecutor.execute(HierarchicalTestExecutor.java:57), org.junit.platform.engine.support.hierarchical.HierarchicalTestEngine.execute(HierarchicalTestEngine.java:54), org.junit.platform.launcher.core.EngineExecutionOrchestrator.execute(EngineExecutionOrchestrator.java:198), org.junit.platform.launcher.core.EngineExecutionOrchestrator.execute(EngineExecutionOrchestrator.java:169), org.junit.platform.launcher.core.EngineExecutionOrchestrator.execute(EngineExecutionOrchestrator.java:93), org.junit.platform.launcher.core.EngineExecutionOrchestrator.lambda$execute$0(EngineExecutionOrchestrator.java:58), org.junit.platform.launcher.core.EngineExecutionOrchestrator.withInterceptedStreams(EngineExecutionOrchestrator.java:141), org.junit.platform.launcher.core.EngineExecutionOrchestrator.execute(EngineExecutionOrchestrator.java:57), org.junit.platform.launcher.core.DefaultLauncher.execute(DefaultLauncher.java:103), org.junit.platform.launcher.core.DefaultLauncher.execute(DefaultLauncher.java:85), org.junit.platform.launcher.core.DelegatingLauncher.execute(DelegatingLauncher.java:47), org.apache.maven.surefire.junitplatform.LazyLauncher.execute(LazyLauncher.java:56), org.apache.maven.surefire.junitplatform.JUnitPlatformProvider.execute(JUnitPlatformProvider.java:184), org.apache.maven.surefire.junitplatform.JUnitPlatformProvider.invokeAllTests(JUnitPlatformProvider.java:148), org.apache.maven.surefire.junitplatform.JUnitPlatformProvider.invoke(JUnitPlatformProvider.java:122), org.apache.maven.surefire.booter.ForkedBooter.runSuitesInProcess(ForkedBooter.java:385), org.apache.maven.surefire.booter.ForkedBooter.execute(ForkedBooter.java:162), org.apache.maven.surefire.booter.ForkedBooter.run(ForkedBooter.java:507), org.apache.maven.surefire.booter.ForkedBooter.main(ForkedBooter.java:495)]
2024-05-14T15:58:58.514-06:00 TRACE 20484 --- [chatbot] [           main] oracle.ucp                               : :::done handling SQLException
2024-05-14T15:58:58.920-06:00 TRACE 20484 --- [chatbot] [           main] oracle.ucp                               : :::about to handle SQLException
2024-05-14T15:58:58.920-06:00 TRACE 20484 --- [chatbot] [           main] oracle.ucp                               : :::throwing: ORA-00955: este nombre ya lo está utilizando otro objeto existente
 : [oracle.jdbc.driver.T4CTTIoer11.processError(T4CTTIoer11.java:629), oracle.jdbc.driver.T4CTTIoer11.processError(T4CTTIoer11.java:563), oracle.jdbc.driver.T4C8Oall.processError(T4C8Oall.java:1150), oracle.jdbc.driver.T4CTTIfun.receive(T4CTTIfun.java:770), oracle.jdbc.driver.T4CTTIfun.doRPC(T4CTTIfun.java:298), oracle.jdbc.driver.T4C8Oall.doOALL(T4C8Oall.java:497), oracle.jdbc.driver.T4CStatement.doOall8(T4CStatement.java:111), oracle.jdbc.driver.T4CStatement.executeForRows(T4CStatement.java:1010), oracle.jdbc.driver.OracleStatement.executeSQLStatement(OracleStatement.java:1530), oracle.jdbc.driver.OracleStatement.doExecuteWithTimeout(OracleStatement.java:1310), oracle.jdbc.driver.OracleStatement.executeUpdateInternal(OracleStatement.java:2088), oracle.jdbc.driver.OracleStatement.executeLargeUpdate(OracleStatement.java:2053), oracle.jdbc.driver.OracleStatement.executeUpdate(OracleStatement.java:2041), oracle.jdbc.driver.OracleStatementWrapper.executeUpdate(OracleStatementWrapper.java:309), oracle.ucp.jdbc.proxy.oracle$1ucp$1jdbc$1proxy$1oracle$1StatementProxy$2oracle$1jdbc$1internal$1OracleStatement$$$Proxy.executeUpdate(Unknown Source), org.hibernate.dialect.temptable.TemporaryTableHelper$TemporaryTableCreationWork.execute(TemporaryTableHelper.java:70), org.hibernate.query.sqm.mutation.internal.temptable.GlobalTemporaryTableStrategy.prepare(GlobalTemporaryTableStrategy.java:103), org.hibernate.persister.entity.AbstractEntityPersister.lambda$prepareMappingModel$14(AbstractEntityPersister.java:5084), org.hibernate.metamodel.mapping.internal.MappingModelCreationProcess$PostInitCallbackEntry.process(MappingModelCreationProcess.java:246), org.hibernate.metamodel.mapping.internal.MappingModelCreationProcess.executePostInitCallbacks(MappingModelCreationProcess.java:106), org.hibernate.metamodel.mapping.internal.MappingModelCreationProcess.execute(MappingModelCreationProcess.java:88), org.hibernate.metamodel.mapping.internal.MappingModelCreationProcess.process(MappingModelCreationProcess.java:42), org.hibernate.metamodel.model.domain.internal.MappingMetamodelImpl.finishInitialization(MappingMetamodelImpl.java:198), org.hibernate.internal.SessionFactoryImpl.initializeMappingModel(SessionFactoryImpl.java:364), org.hibernate.internal.SessionFactoryImpl.<init>(SessionFactoryImpl.java:293), org.hibernate.boot.internal.SessionFactoryBuilderImpl.build(SessionFactoryBuilderImpl.java:450), org.hibernate.jpa.boot.internal.EntityManagerFactoryBuilderImpl.build(EntityManagerFactoryBuilderImpl.java:1507), org.springframework.orm.jpa.vendor.SpringHibernateJpaPersistenceProvider.createContainerEntityManagerFactory(SpringHibernateJpaPersistenceProvider.java:75), org.springframework.orm.jpa.LocalContainerEntityManagerFactoryBean.createNativeEntityManagerFactory(LocalContainerEntityManagerFactoryBean.java:390), org.springframework.orm.jpa.AbstractEntityManagerFactoryBean.buildNativeEntityManagerFactory(AbstractEntityManagerFactoryBean.java:409), org.springframework.orm.jpa.AbstractEntityManagerFactoryBean.afterPropertiesSet(AbstractEntityManagerFactoryBean.java:396), org.springframework.orm.jpa.LocalContainerEntityManagerFactoryBean.afterPropertiesSet(LocalContainerEntityManagerFactoryBean.java:366), org.springframework.beans.factory.support.AbstractAutowireCapableBeanFactory.invokeInitMethods(AbstractAutowireCapableBeanFactory.java:1833), org.springframework.beans.factory.support.AbstractAutowireCapableBeanFactory.initializeBean(AbstractAutowireCapableBeanFactory.java:1782), org.springframework.beans.factory.support.AbstractAutowireCapableBeanFactory.doCreateBean(AbstractAutowireCapableBeanFactory.java:600), org.springframework.beans.factory.support.AbstractAutowireCapableBeanFactory.createBean(AbstractAutowireCapableBeanFactory.java:522), org.springframework.beans.factory.support.AbstractBeanFactory.lambda$doGetBean$0(AbstractBeanFactory.java:326), org.springframework.beans.factory.support.DefaultSingletonBeanRegistry.getSingleton(DefaultSingletonBeanRegistry.java:234), org.springframework.beans.factory.support.AbstractBeanFactory.doGetBean(AbstractBeanFactory.java:324), org.springframework.beans.factory.support.AbstractBeanFactory.getBean(AbstractBeanFactory.java:200), org.springframework.context.support.AbstractApplicationContext.getBean(AbstractApplicationContext.java:1234), org.springframework.context.support.AbstractApplicationContext.finishBeanFactoryInitialization(AbstractApplicationContext.java:952), org.springframework.context.support.AbstractApplicationContext.refresh(AbstractApplicationContext.java:624), org.springframework.boot.SpringApplication.refresh(SpringApplication.java:754), org.springframework.boot.SpringApplication.refreshContext(SpringApplication.java:456), org.springframework.boot.SpringApplication.run(SpringApplication.java:334), org.springframework.boot.test.context.SpringBootContextLoader.lambda$loadContext$3(SpringBootContextLoader.java:137), org.springframework.util.function.ThrowingSupplier.get(ThrowingSupplier.java:58), org.springframework.util.function.ThrowingSupplier.get(ThrowingSupplier.java:46), org.springframework.boot.SpringApplication.withHook(SpringApplication.java:1454), org.springframework.boot.test.context.SpringBootContextLoader$ContextLoaderHook.run(SpringBootContextLoader.java:553), org.springframework.boot.test.context.SpringBootContextLoader.loadContext(SpringBootContextLoader.java:137), org.springframework.boot.test.context.SpringBootContextLoader.loadContext(SpringBootContextLoader.java:108), org.springframework.test.context.cache.DefaultCacheAwareContextLoaderDelegate.loadContextInternal(DefaultCacheAwareContextLoaderDelegate.java:225), org.springframework.test.context.cache.DefaultCacheAwareContextLoaderDelegate.loadContext(DefaultCacheAwareContextLoaderDelegate.java:152), org.springframework.test.context.support.DefaultTestContext.getApplicationContext(DefaultTestContext.java:130), org.springframework.test.context.web.ServletTestExecutionListener.setUpRequestContextIfNecessary(ServletTestExecutionListener.java:191), org.springframework.test.context.web.ServletTestExecutionListener.prepareTestInstance(ServletTestExecutionListener.java:130), org.springframework.test.context.TestContextManager.prepareTestInstance(TestContextManager.java:260), org.springframework.test.context.junit.jupiter.SpringExtension.postProcessTestInstance(SpringExtension.java:163), org.junit.jupiter.engine.descriptor.ClassBasedTestDescriptor.lambda$invokeTestInstancePostProcessors$10(ClassBasedTestDescriptor.java:378), org.junit.jupiter.engine.descriptor.ClassBasedTestDescriptor.executeAndMaskThrowable(ClassBasedTestDescriptor.java:383), org.junit.jupiter.engine.descriptor.ClassBasedTestDescriptor.lambda$invokeTestInstancePostProcessors$11(ClassBasedTestDescriptor.java:378), java.base/java.util.stream.ReferencePipeline$3$1.accept(ReferencePipeline.java:212), java.base/java.util.stream.ReferencePipeline$2$1.accept(ReferencePipeline.java:194), java.base/java.util.ArrayList$ArrayListSpliterator.forEachRemaining(ArrayList.java:1709), java.base/java.util.stream.AbstractPipeline.copyInto(AbstractPipeline.java:556), java.base/java.util.stream.AbstractPipeline.wrapAndCopyInto(AbstractPipeline.java:546), java.base/java.util.stream.StreamSpliterators$WrappingSpliterator.forEachRemaining(StreamSpliterators.java:310), java.base/java.util.stream.Streams$ConcatSpliterator.forEachRemaining(Streams.java:735), java.base/java.util.stream.Streams$ConcatSpliterator.forEachRemaining(Streams.java:734), java.base/java.util.stream.ReferencePipeline$Head.forEach(ReferencePipeline.java:782), org.junit.jupiter.engine.descriptor.ClassBasedTestDescriptor.invokeTestInstancePostProcessors(ClassBasedTestDescriptor.java:377), org.junit.jupiter.engine.descriptor.ClassBasedTestDescriptor.lambda$instantiateAndPostProcessTestInstance$6(ClassBasedTestDescriptor.java:290), org.junit.platform.engine.support.hierarchical.ThrowableCollector.execute(ThrowableCollector.java:73), org.junit.jupiter.engine.descriptor.ClassBasedTestDescriptor.instantiateAndPostProcessTestInstance(ClassBasedTestDescriptor.java:289), org.junit.jupiter.engine.descriptor.ClassBasedTestDescriptor.lambda$testInstancesProvider$4(ClassBasedTestDescriptor.java:279), java.base/java.util.Optional.orElseGet(Optional.java:364), org.junit.jupiter.engine.descriptor.ClassBasedTestDescriptor.lambda$testInstancesProvider$5(ClassBasedTestDescriptor.java:278), org.junit.jupiter.engine.execution.TestInstancesProvider.getTestInstances(TestInstancesProvider.java:31), org.junit.jupiter.engine.descriptor.TestMethodTestDescriptor.lambda$prepare$0(TestMethodTestDescriptor.java:106), org.junit.platform.engine.support.hierarchical.ThrowableCollector.execute(ThrowableCollector.java:73), org.junit.jupiter.engine.descriptor.TestMethodTestDescriptor.prepare(TestMethodTestDescriptor.java:105), org.junit.jupiter.engine.descriptor.TestMethodTestDescriptor.prepare(TestMethodTestDescriptor.java:69), org.junit.platform.engine.support.hierarchical.NodeTestTask.lambda$prepare$2(NodeTestTask.java:123), org.junit.platform.engine.support.hierarchical.ThrowableCollector.execute(ThrowableCollector.java:73), org.junit.platform.engine.support.hierarchical.NodeTestTask.prepare(NodeTestTask.java:123), org.junit.platform.engine.support.hierarchical.NodeTestTask.execute(NodeTestTask.java:90), java.base/java.util.ArrayList.forEach(ArrayList.java:1597), org.junit.platform.engine.support.hierarchical.SameThreadHierarchicalTestExecutorService.invokeAll(SameThreadHierarchicalTestExecutorService.java:41), org.junit.platform.engine.support.hierarchical.NodeTestTask.lambda$executeRecursively$6(NodeTestTask.java:155), org.junit.platform.engine.support.hierarchical.ThrowableCollector.execute(ThrowableCollector.java:73), org.junit.platform.engine.support.hierarchical.NodeTestTask.lambda$executeRecursively$8(NodeTestTask.java:141), org.junit.platform.engine.support.hierarchical.Node.around(Node.java:137), org.junit.platform.engine.support.hierarchical.NodeTestTask.lambda$executeRecursively$9(NodeTestTask.java:139), org.junit.platform.engine.support.hierarchical.ThrowableCollector.execute(ThrowableCollector.java:73), org.junit.platform.engine.support.hierarchical.NodeTestTask.executeRecursively(NodeTestTask.java:138), org.junit.platform.engine.support.hierarchical.NodeTestTask.execute(NodeTestTask.java:95), java.base/java.util.ArrayList.forEach(ArrayList.java:1597), org.junit.platform.engine.support.hierarchical.SameThreadHierarchicalTestExecutorService.invokeAll(SameThreadHierarchicalTestExecutorService.java:41), org.junit.platform.engine.support.hierarchical.NodeTestTask.lambda$executeRecursively$6(NodeTestTask.java:155), org.junit.platform.engine.support.hierarchical.ThrowableCollector.execute(ThrowableCollector.java:73), org.junit.platform.engine.support.hierarchical.NodeTestTask.lambda$executeRecursively$8(NodeTestTask.java:141), org.junit.platform.engine.support.hierarchical.Node.around(Node.java:137), org.junit.platform.engine.support.hierarchical.NodeTestTask.lambda$executeRecursively$9(NodeTestTask.java:139), org.junit.platform.engine.support.hierarchical.ThrowableCollector.execute(ThrowableCollector.java:73), org.junit.platform.engine.support.hierarchical.NodeTestTask.executeRecursively(NodeTestTask.java:138), org.junit.platform.engine.support.hierarchical.NodeTestTask.execute(NodeTestTask.java:95), org.junit.platform.engine.support.hierarchical.SameThreadHierarchicalTestExecutorService.submit(SameThreadHierarchicalTestExecutorService.java:35), org.junit.platform.engine.support.hierarchical.HierarchicalTestExecutor.execute(HierarchicalTestExecutor.java:57), org.junit.platform.engine.support.hierarchical.HierarchicalTestEngine.execute(HierarchicalTestEngine.java:54), org.junit.platform.launcher.core.EngineExecutionOrchestrator.execute(EngineExecutionOrchestrator.java:198), org.junit.platform.launcher.core.EngineExecutionOrchestrator.execute(EngineExecutionOrchestrator.java:169), org.junit.platform.launcher.core.EngineExecutionOrchestrator.execute(EngineExecutionOrchestrator.java:93), org.junit.platform.launcher.core.EngineExecutionOrchestrator.lambda$execute$0(EngineExecutionOrchestrator.java:58), org.junit.platform.launcher.core.EngineExecutionOrchestrator.withInterceptedStreams(EngineExecutionOrchestrator.java:141), org.junit.platform.launcher.core.EngineExecutionOrchestrator.execute(EngineExecutionOrchestrator.java:57), org.junit.platform.launcher.core.DefaultLauncher.execute(DefaultLauncher.java:103), org.junit.platform.launcher.core.DefaultLauncher.execute(DefaultLauncher.java:85), org.junit.platform.launcher.core.DelegatingLauncher.execute(DelegatingLauncher.java:47), org.apache.maven.surefire.junitplatform.LazyLauncher.execute(LazyLauncher.java:56), org.apache.maven.surefire.junitplatform.JUnitPlatformProvider.execute(JUnitPlatformProvider.java:184), org.apache.maven.surefire.junitplatform.JUnitPlatformProvider.invokeAllTests(JUnitPlatformProvider.java:148), org.apache.maven.surefire.junitplatform.JUnitPlatformProvider.invoke(JUnitPlatformProvider.java:122), org.apache.maven.surefire.booter.ForkedBooter.runSuitesInProcess(ForkedBooter.java:385), org.apache.maven.surefire.booter.ForkedBooter.execute(ForkedBooter.java:162), org.apache.maven.surefire.booter.ForkedBooter.run(ForkedBooter.java:507), org.apache.maven.surefire.booter.ForkedBooter.main(ForkedBooter.java:495)]
2024-05-14T15:58:58.920-06:00 TRACE 20484 --- [chatbot] [           main] oracle.ucp                               : :::done handling SQLException
2024-05-14T15:58:59.374-06:00  INFO 20484 --- [chatbot] [           main] o.h.e.t.j.p.i.JtaPlatformInitiator       : HHH000489: No JTA platform available (set 'hibernate.transaction.jta.platform' to enable JTA platform integration)
2024-05-14T15:59:04.157-06:00  INFO 20484 --- [chatbot] [           main] j.LocalContainerEntityManagerFactoryBean : Initialized JPA EntityManagerFactory for persistence unit 'default'
2024-05-14T15:59:04.782-06:00  INFO 20484 --- [chatbot] [           main] o.s.d.j.r.query.QueryEnhancerFactory     : Hibernate is in classpath; If applicable, HQL parser will be used.
2024-05-14T15:59:05.720-06:00 TRACE 20484 --- [chatbot] [      UCP Clock] oracle.ucp                               : :::clock thread about to wait
2024-05-14T15:59:05.845-06:00  WARN 20484 --- [chatbot] [           main] JpaBaseConfiguration$JpaWebConfiguration : spring.jpa.open-in-view is enabled by default. Therefore, database queries may be performed during view rendering. Explicitly configure spring.jpa.open-in-view to disable this warning
2024-05-14T15:59:06.517-06:00  INFO 20484 --- [chatbot] [           main] c.e.chatbot.ChatbotApplicationTests      : Started ChatbotApplicationTests in 64.012 seconds (process running for 65.858)
2024-05-14T15:59:06.720-06:00  INFO 20484 --- [chatbot] [           main] c.e.c.c.b.TelegramBotController          : Bot Token: 7199106217:AAHPn6ErqKetqLncjZnq_U1TvSwCWoHWuOg
2024-05-14T15:59:06.720-06:00  INFO 20484 --- [chatbot] [           main] c.e.c.c.b.TelegramBotController          : Bot name: Equipo_4_OracleBot
2024-05-14T15:59:08.274-06:00  INFO 20484 --- [chatbot] [           main] com.equipo4.chatbot.ChatbotApplication   : ¡El bot se registró y se inició con éxito!
]]></system-out>
    <system-err><![CDATA[WARNING: A Java agent has been loaded dynamically (C:\Users\jdgar\.m2\repository\net\bytebuddy\byte-buddy-agent\1.14.13\byte-buddy-agent-1.14.13.jar)
WARNING: If a serviceability tool is in use, please run with -XX:+EnableDynamicAgentLoading to hide this warning
WARNING: If a serviceability tool is not in use, please run with -Djdk.instrument.traceUsage for more information
WARNING: Dynamic loading of agents will be disallowed by default in a future release
]]></system-err>
  </testcase>
</testsuite>